cluster_dataset/ATO/ATO_25_0.csv
cluster_dataset/ATO/ATO_25_1.csv
cluster_dataset/ATO/ATO_25_2.csv
cluster_dataset/ATO/ATO_25_3.csv
cluster_dataset/ATO/ATO_25_4.csv
cluster_dataset/ATO/ATO_25_5.csv
cluster_dataset/ATO/ATO_25_6.csv
cluster_dataset/ATO/ATO_25_7.csv
cluster_dataset/ATO/ATO_25_8.csv
cluster_dataset/ATO/ATO_25_9.csv
cluster_dataset/ATO/ATO_25_10.csv
cluster_dataset/ATO/ATO_25_11.csv
cluster_dataset/ATO/ATO_5_0.csv
cluster_dataset/ATO/ATO_5_1.csv
cluster_dataset/ATO/ATO_5_2.csv
cluster_dataset/ATO/ATO_5_3.csv
cluster_dataset/ATO/ATO_5_4.csv
cluster_dataset/ATO/ATO_5_5.csv
cluster_dataset/ATO/ATO_5_6.csv
cluster_dataset/ATO/ATO_5_7.csv
cluster_dataset/ATO/ATO_5_8.csv
cluster_dataset/ATO/ATO_5_9.csv
cluster_dataset/ATO/ATO_5_10.csv
cluster_dataset/ATO/ATO_5_11.csv
cluster_dataset/ATO/ATO_8_0.csv
cluster_dataset/ATO/ATO_8_1.csv
cluster_dataset/ATO/ATO_8_2.csv
cluster_dataset/ATO/ATO_8_3.csv
cluster_dataset/ATO/ATO_8_4.csv
cluster_dataset/ATO/ATO_8_5.csv
cluster_dataset/ATO/ATO_8_6.csv
cluster_dataset/ATO/ATO_8_7.csv
cluster_dataset/ATO/ATO_8_8.csv
cluster_dataset/ATO/ATO_8_9.csv
cluster_dataset/ATO/ATO_8_10.csv
cluster_dataset/ATO/ATO_8_11.csv
cluster_dataset/ATO/ATO_19_0.csv
cluster_dataset/ATO/ATO_19_1.csv
cluster_dataset/ATO/ATO_19_2.csv
cluster_dataset/ATO/ATO_19_3.csv
cluster_dataset/ATO/ATO_19_4.csv
cluster_dataset/ATO/ATO_19_5.csv
cluster_dataset/ATO/ATO_19_6.csv
cluster_dataset/ATO/ATO_19_7.csv
cluster_dataset/ATO/ATO_19_8.csv
cluster_dataset/ATO/ATO_19_9.csv
cluster_dataset/ATO/ATO_19_10.csv
cluster_dataset/ATO/ATO_19_11.csv
cluster_dataset/ATO/ATO_34_0.csv
cluster_dataset/ATO/ATO_34_1.csv
cluster_dataset/ATO/ATO_34_2.csv
cluster_dataset/ATO/ATO_34_3.csv
cluster_dataset/ATO/ATO_34_4.csv
cluster_dataset/ATO/ATO_34_5.csv
cluster_dataset/ATO/ATO_34_6.csv
cluster_dataset/ATO/ATO_34_7.csv
cluster_dataset/ATO/ATO_34_8.csv
cluster_dataset/ATO/ATO_34_9.csv
cluster_dataset/ATO/ATO_34_10.csv
cluster_dataset/ATO/ATO_34_11.csv
cluster_dataset/ATO/ATO_17_0.csv
cluster_dataset/ATO/ATO_17_1.csv
cluster_dataset/ATO/ATO_17_2.csv
cluster_dataset/ATO/ATO_17_3.csv
cluster_dataset/ATO/ATO_17_4.csv
cluster_dataset/ATO/ATO_17_5.csv
cluster_dataset/ATO/ATO_17_6.csv
cluster_dataset/ATO/ATO_17_7.csv
cluster_dataset/ATO/ATO_17_8.csv
cluster_dataset/ATO/ATO_17_9.csv
cluster_dataset/ATO/ATO_17_10.csv
cluster_dataset/ATO/ATO_17_11.csv
cluster_dataset/ATO/ATO_11_0.csv
cluster_dataset/ATO/ATO_11_1.csv
cluster_dataset/ATO/ATO_11_2.csv
cluster_dataset/ATO/ATO_11_3.csv
cluster_dataset/ATO/ATO_11_4.csv
cluster_dataset/ATO/ATO_11_5.csv
cluster_dataset/ATO/ATO_11_6.csv
cluster_dataset/ATO/ATO_11_7.csv
cluster_dataset/ATO/ATO_11_8.csv
cluster_dataset/ATO/ATO_11_9.csv
cluster_dataset/ATO/ATO_11_10.csv
cluster_dataset/ATO/ATO_11_11.csv
cluster_dataset/ATO/ATO_31_0.csv
cluster_dataset/ATO/ATO_31_1.csv
cluster_dataset/ATO/ATO_31_2.csv
cluster_dataset/ATO/ATO_31_3.csv
cluster_dataset/ATO/ATO_31_4.csv
cluster_dataset/ATO/ATO_31_5.csv
cluster_dataset/ATO/ATO_31_6.csv
cluster_dataset/ATO/ATO_31_7.csv
cluster_dataset/ATO/ATO_31_8.csv
cluster_dataset/ATO/ATO_31_9.csv
cluster_dataset/ATO/ATO_31_10.csv
cluster_dataset/ATO/ATO_31_11.csv
cluster_dataset/CHA/CHA_13_0.csv
cluster_dataset/CHA/CHA_13_1.csv
cluster_dataset/CHA/CHA_13_2.csv
cluster_dataset/CHA/CHA_13_3.csv
cluster_dataset/CHA/CHA_13_4.csv
cluster_dataset/CHA/CHA_13_5.csv
cluster_dataset/CHA/CHA_13_6.csv
cluster_dataset/CHA/CHA_13_7.csv
cluster_dataset/CHA/CHA_13_8.csv
cluster_dataset/CHA/CHA_13_9.csv
cluster_dataset/CHA/CHA_13_10.csv
cluster_dataset/CHA/CHA_13_11.csv
cluster_dataset/CHA/CHA_10_0.csv
cluster_dataset/CHA/CHA_10_1.csv
cluster_dataset/CHA/CHA_10_2.csv
cluster_dataset/CHA/CHA_10_3.csv
cluster_dataset/CHA/CHA_10_4.csv
cluster_dataset/CHA/CHA_10_5.csv
cluster_dataset/CHA/CHA_10_6.csv
cluster_dataset/CHA/CHA_10_7.csv
cluster_dataset/CHA/CHA_10_8.csv
cluster_dataset/CHA/CHA_10_9.csv
cluster_dataset/CHA/CHA_10_10.csv
cluster_dataset/CHA/CHA_10_11.csv
cluster_dataset/CHA/CHA_16_0.csv
cluster_dataset/CHA/CHA_16_1.csv
cluster_dataset/CHA/CHA_16_2.csv
cluster_dataset/CHA/CHA_16_3.csv
cluster_dataset/CHA/CHA_16_4.csv
cluster_dataset/CHA/CHA_16_5.csv
cluster_dataset/CHA/CHA_16_6.csv
cluster_dataset/CHA/CHA_16_7.csv
cluster_dataset/CHA/CHA_16_8.csv
cluster_dataset/CHA/CHA_16_9.csv
cluster_dataset/CHA/CHA_16_10.csv
cluster_dataset/CHA/CHA_16_11.csv
cluster_dataset/CHA/CHA_14_0.csv
cluster_dataset/CHA/CHA_14_1.csv
cluster_dataset/CHA/CHA_14_2.csv
cluster_dataset/CHA/CHA_14_3.csv
cluster_dataset/CHA/CHA_14_4.csv
cluster_dataset/CHA/CHA_14_5.csv
cluster_dataset/CHA/CHA_14_6.csv
cluster_dataset/CHA/CHA_14_7.csv
cluster_dataset/CHA/CHA_14_8.csv
cluster_dataset/CHA/CHA_14_9.csv
cluster_dataset/CHA/CHA_14_10.csv
cluster_dataset/CHA/CHA_14_11.csv
cluster_dataset/CHA/CHA_7_0.csv
cluster_dataset/CHA/CHA_7_1.csv
cluster_dataset/CHA/CHA_7_2.csv
cluster_dataset/CHA/CHA_7_3.csv
cluster_dataset/CHA/CHA_7_4.csv
cluster_dataset/CHA/CHA_7_5.csv
cluster_dataset/CHA/CHA_7_6.csv
cluster_dataset/CHA/CHA_7_7.csv
cluster_dataset/CHA/CHA_7_8.csv
cluster_dataset/CHA/CHA_7_9.csv
cluster_dataset/CHA/CHA_7_10.csv
cluster_dataset/CHA/CHA_7_11.csv
cluster_dataset/CHA/CHA_35_0.csv
cluster_dataset/CHA/CHA_35_1.csv
cluster_dataset/CHA/CHA_35_2.csv
cluster_dataset/CHA/CHA_35_3.csv
cluster_dataset/CHA/CHA_35_4.csv
cluster_dataset/CHA/CHA_35_5.csv
cluster_dataset/CHA/CHA_35_6.csv
cluster_dataset/CHA/CHA_35_7.csv
cluster_dataset/CHA/CHA_35_8.csv
cluster_dataset/CHA/CHA_35_9.csv
cluster_dataset/CHA/CHA_35_10.csv
cluster_dataset/CHA/CHA_35_11.csv
cluster_dataset/CHA/CHA_6_0.csv
cluster_dataset/CHA/CHA_6_1.csv
cluster_dataset/CHA/CHA_6_2.csv
cluster_dataset/CHA/CHA_6_3.csv
cluster_dataset/CHA/CHA_6_4.csv
cluster_dataset/CHA/CHA_6_5.csv
cluster_dataset/CHA/CHA_6_6.csv
cluster_dataset/CHA/CHA_6_7.csv
cluster_dataset/CHA/CHA_6_8.csv
cluster_dataset/CHA/CHA_6_9.csv
cluster_dataset/CHA/CHA_6_10.csv
cluster_dataset/CHA/CHA_6_11.csv
cluster_dataset/CHA/CHA_33_0.csv
cluster_dataset/CHA/CHA_33_1.csv
cluster_dataset/CHA/CHA_33_2.csv
cluster_dataset/CHA/CHA_33_3.csv
cluster_dataset/CHA/CHA_33_4.csv
cluster_dataset/CHA/CHA_33_5.csv
cluster_dataset/CHA/CHA_33_6.csv
cluster_dataset/CHA/CHA_33_7.csv
cluster_dataset/CHA/CHA_33_8.csv
cluster_dataset/CHA/CHA_33_9.csv
cluster_dataset/CHA/CHA_33_10.csv
cluster_dataset/CHA/CHA_33_11.csv
cluster_dataset/CHA/CHA_20_0.csv
cluster_dataset/CHA/CHA_20_1.csv
cluster_dataset/CHA/CHA_20_2.csv
cluster_dataset/CHA/CHA_20_3.csv
cluster_dataset/CHA/CHA_20_4.csv
cluster_dataset/CHA/CHA_20_5.csv
cluster_dataset/CHA/CHA_20_6.csv
cluster_dataset/CHA/CHA_20_7.csv
cluster_dataset/CHA/CHA_20_8.csv
cluster_dataset/CHA/CHA_20_9.csv
cluster_dataset/CHA/CHA_20_10.csv
cluster_dataset/CHA/CHA_20_11.csv
cluster_dataset/CHA/CHA_30_0.csv
cluster_dataset/CHA/CHA_30_1.csv
cluster_dataset/CHA/CHA_30_2.csv
cluster_dataset/CHA/CHA_30_3.csv
cluster_dataset/CHA/CHA_30_4.csv
cluster_dataset/CHA/CHA_30_5.csv
cluster_dataset/CHA/CHA_30_6.csv
cluster_dataset/CHA/CHA_30_7.csv
cluster_dataset/CHA/CHA_30_8.csv
cluster_dataset/CHA/CHA_30_9.csv
cluster_dataset/CHA/CHA_30_10.csv
cluster_dataset/CHA/CHA_30_11.csv
cluster_dataset/CHA/CHA_8_0.csv
cluster_dataset/CHA/CHA_8_1.csv
cluster_dataset/CHA/CHA_8_2.csv
cluster_dataset/CHA/CHA_8_3.csv
cluster_dataset/CHA/CHA_8_4.csv
cluster_dataset/CHA/CHA_8_5.csv
cluster_dataset/CHA/CHA_8_6.csv
cluster_dataset/CHA/CHA_8_7.csv
cluster_dataset/CHA/CHA_8_8.csv
cluster_dataset/CHA/CHA_8_9.csv
cluster_dataset/CHA/CHA_8_10.csv
cluster_dataset/CHA/CHA_8_11.csv
cluster_dataset/CHA/CHA_21_0.csv
cluster_dataset/CHA/CHA_21_1.csv
cluster_dataset/CHA/CHA_21_2.csv
cluster_dataset/CHA/CHA_21_3.csv
cluster_dataset/CHA/CHA_21_4.csv
cluster_dataset/CHA/CHA_21_5.csv
cluster_dataset/CHA/CHA_21_6.csv
cluster_dataset/CHA/CHA_21_7.csv
cluster_dataset/CHA/CHA_21_8.csv
cluster_dataset/CHA/CHA_21_9.csv
cluster_dataset/CHA/CHA_21_10.csv
cluster_dataset/CHA/CHA_21_11.csv
cluster_dataset/CHA/CHA_17_0.csv
cluster_dataset/CHA/CHA_17_1.csv
cluster_dataset/CHA/CHA_17_2.csv
cluster_dataset/CHA/CHA_17_3.csv
cluster_dataset/CHA/CHA_17_4.csv
cluster_dataset/CHA/CHA_17_5.csv
cluster_dataset/CHA/CHA_17_6.csv
cluster_dataset/CHA/CHA_17_7.csv
cluster_dataset/CHA/CHA_17_8.csv
cluster_dataset/CHA/CHA_17_9.csv
cluster_dataset/CHA/CHA_17_10.csv
cluster_dataset/CHA/CHA_17_11.csv
cluster_dataset/CHA/CHA_4_0.csv
cluster_dataset/CHA/CHA_4_1.csv
cluster_dataset/CHA/CHA_4_2.csv
cluster_dataset/CHA/CHA_4_3.csv
cluster_dataset/CHA/CHA_4_4.csv
cluster_dataset/CHA/CHA_4_5.csv
cluster_dataset/CHA/CHA_4_6.csv
cluster_dataset/CHA/CHA_4_7.csv
cluster_dataset/CHA/CHA_4_8.csv
cluster_dataset/CHA/CHA_4_9.csv
cluster_dataset/CHA/CHA_4_10.csv
cluster_dataset/CHA/CHA_4_11.csv
cluster_dataset/CHA/CHA_2_0.csv
cluster_dataset/CHA/CHA_2_1.csv
cluster_dataset/CHA/CHA_2_2.csv
cluster_dataset/CHA/CHA_2_3.csv
cluster_dataset/CHA/CHA_2_4.csv
cluster_dataset/CHA/CHA_2_5.csv
cluster_dataset/CHA/CHA_2_6.csv
cluster_dataset/CHA/CHA_2_7.csv
cluster_dataset/CHA/CHA_2_8.csv
cluster_dataset/CHA/CHA_2_9.csv
cluster_dataset/CHA/CHA_2_10.csv
cluster_dataset/CHA/CHA_2_11.csv
cluster_dataset/CHA/CHA_3_0.csv
cluster_dataset/CHA/CHA_3_1.csv
cluster_dataset/CHA/CHA_3_2.csv
cluster_dataset/CHA/CHA_3_3.csv
cluster_dataset/CHA/CHA_3_4.csv
cluster_dataset/CHA/CHA_3_5.csv
cluster_dataset/CHA/CHA_3_6.csv
cluster_dataset/CHA/CHA_3_7.csv
cluster_dataset/CHA/CHA_3_8.csv
cluster_dataset/CHA/CHA_3_9.csv
cluster_dataset/CHA/CHA_3_10.csv
cluster_dataset/CHA/CHA_3_11.csv
cluster_dataset/CHA/CHA_28_0.csv
cluster_dataset/CHA/CHA_28_1.csv
cluster_dataset/CHA/CHA_28_2.csv
cluster_dataset/CHA/CHA_28_3.csv
cluster_dataset/CHA/CHA_28_4.csv
cluster_dataset/CHA/CHA_28_5.csv
cluster_dataset/CHA/CHA_28_6.csv
cluster_dataset/CHA/CHA_28_7.csv
cluster_dataset/CHA/CHA_28_8.csv
cluster_dataset/CHA/CHA_28_9.csv
cluster_dataset/CHA/CHA_28_10.csv
cluster_dataset/CHA/CHA_28_11.csv
cluster_dataset/CHA/CHA_34_0.csv
cluster_dataset/CHA/CHA_34_1.csv
cluster_dataset/CHA/CHA_34_2.csv
cluster_dataset/CHA/CHA_34_3.csv
cluster_dataset/CHA/CHA_34_4.csv
cluster_dataset/CHA/CHA_34_5.csv
cluster_dataset/CHA/CHA_34_6.csv
cluster_dataset/CHA/CHA_34_7.csv
cluster_dataset/CHA/CHA_34_8.csv
cluster_dataset/CHA/CHA_34_9.csv
cluster_dataset/CHA/CHA_34_10.csv
cluster_dataset/CHA/CHA_34_11.csv
cluster_dataset/CHA/CHA_24_0.csv
cluster_dataset/CHA/CHA_24_1.csv
cluster_dataset/CHA/CHA_24_2.csv
cluster_dataset/CHA/CHA_24_3.csv
cluster_dataset/CHA/CHA_24_4.csv
cluster_dataset/CHA/CHA_24_5.csv
cluster_dataset/CHA/CHA_24_6.csv
cluster_dataset/CHA/CHA_24_7.csv
cluster_dataset/CHA/CHA_24_8.csv
cluster_dataset/CHA/CHA_24_9.csv
cluster_dataset/CHA/CHA_24_10.csv
cluster_dataset/CHA/CHA_24_11.csv
cluster_dataset/CHA/CHA_26_0.csv
cluster_dataset/CHA/CHA_26_1.csv
cluster_dataset/CHA/CHA_26_2.csv
cluster_dataset/CHA/CHA_26_3.csv
cluster_dataset/CHA/CHA_26_4.csv
cluster_dataset/CHA/CHA_26_5.csv
cluster_dataset/CHA/CHA_26_6.csv
cluster_dataset/CHA/CHA_26_7.csv
cluster_dataset/CHA/CHA_26_8.csv
cluster_dataset/CHA/CHA_26_9.csv
cluster_dataset/CHA/CHA_26_10.csv
cluster_dataset/CHA/CHA_26_11.csv
cluster_dataset/CHA/CHA_25_0.csv
cluster_dataset/CHA/CHA_25_1.csv
cluster_dataset/CHA/CHA_25_2.csv
cluster_dataset/CHA/CHA_25_3.csv
cluster_dataset/CHA/CHA_25_4.csv
cluster_dataset/CHA/CHA_25_5.csv
cluster_dataset/CHA/CHA_25_6.csv
cluster_dataset/CHA/CHA_25_7.csv
cluster_dataset/CHA/CHA_25_8.csv
cluster_dataset/CHA/CHA_25_9.csv
cluster_dataset/CHA/CHA_25_10.csv
cluster_dataset/CHA/CHA_25_11.csv
cluster_dataset/CHA/CHA_12_0.csv
cluster_dataset/CHA/CHA_12_1.csv
cluster_dataset/CHA/CHA_12_2.csv
cluster_dataset/CHA/CHA_12_3.csv
cluster_dataset/CHA/CHA_12_4.csv
cluster_dataset/CHA/CHA_12_5.csv
cluster_dataset/CHA/CHA_12_6.csv
cluster_dataset/CHA/CHA_12_7.csv
cluster_dataset/CHA/CHA_12_8.csv
cluster_dataset/CHA/CHA_12_9.csv
cluster_dataset/CHA/CHA_12_10.csv
cluster_dataset/CHA/CHA_12_11.csv
cluster_dataset/CHA/CHA_32_0.csv
cluster_dataset/CHA/CHA_32_1.csv
cluster_dataset/CHA/CHA_32_2.csv
cluster_dataset/CHA/CHA_32_3.csv
cluster_dataset/CHA/CHA_32_4.csv
cluster_dataset/CHA/CHA_32_5.csv
cluster_dataset/CHA/CHA_32_6.csv
cluster_dataset/CHA/CHA_32_7.csv
cluster_dataset/CHA/CHA_32_8.csv
cluster_dataset/CHA/CHA_32_9.csv
cluster_dataset/CHA/CHA_32_10.csv
cluster_dataset/CHA/CHA_32_11.csv
cluster_dataset/CHA/CHA_22_0.csv
cluster_dataset/CHA/CHA_22_1.csv
cluster_dataset/CHA/CHA_22_2.csv
cluster_dataset/CHA/CHA_22_3.csv
cluster_dataset/CHA/CHA_22_4.csv
cluster_dataset/CHA/CHA_22_5.csv
cluster_dataset/CHA/CHA_22_6.csv
cluster_dataset/CHA/CHA_22_7.csv
cluster_dataset/CHA/CHA_22_8.csv
cluster_dataset/CHA/CHA_22_9.csv
cluster_dataset/CHA/CHA_22_10.csv
cluster_dataset/CHA/CHA_22_11.csv
cluster_dataset/CHA/CHA_27_0.csv
cluster_dataset/CHA/CHA_27_1.csv
cluster_dataset/CHA/CHA_27_2.csv
cluster_dataset/CHA/CHA_27_3.csv
cluster_dataset/CHA/CHA_27_4.csv
cluster_dataset/CHA/CHA_27_5.csv
cluster_dataset/CHA/CHA_27_6.csv
cluster_dataset/CHA/CHA_27_7.csv
cluster_dataset/CHA/CHA_27_8.csv
cluster_dataset/CHA/CHA_27_9.csv
cluster_dataset/CHA/CHA_27_10.csv
cluster_dataset/CHA/CHA_27_11.csv
cluster_dataset/CHA/CHA_5_0.csv
cluster_dataset/CHA/CHA_5_1.csv
cluster_dataset/CHA/CHA_5_2.csv
cluster_dataset/CHA/CHA_5_3.csv
cluster_dataset/CHA/CHA_5_4.csv
cluster_dataset/CHA/CHA_5_5.csv
cluster_dataset/CHA/CHA_5_6.csv
cluster_dataset/CHA/CHA_5_7.csv
cluster_dataset/CHA/CHA_5_8.csv
cluster_dataset/CHA/CHA_5_9.csv
cluster_dataset/CHA/CHA_5_10.csv
cluster_dataset/CHA/CHA_5_11.csv
cluster_dataset/CHA/CHA_23_0.csv
cluster_dataset/CHA/CHA_23_1.csv
cluster_dataset/CHA/CHA_23_2.csv
cluster_dataset/CHA/CHA_23_3.csv
cluster_dataset/CHA/CHA_23_4.csv
cluster_dataset/CHA/CHA_23_5.csv
cluster_dataset/CHA/CHA_23_6.csv
cluster_dataset/CHA/CHA_23_7.csv
cluster_dataset/CHA/CHA_23_8.csv
cluster_dataset/CHA/CHA_23_9.csv
cluster_dataset/CHA/CHA_23_10.csv
cluster_dataset/CHA/CHA_23_11.csv
cluster_dataset/CHA/CHA_31_0.csv
cluster_dataset/CHA/CHA_31_1.csv
cluster_dataset/CHA/CHA_31_2.csv
cluster_dataset/CHA/CHA_31_3.csv
cluster_dataset/CHA/CHA_31_4.csv
cluster_dataset/CHA/CHA_31_5.csv
cluster_dataset/CHA/CHA_31_6.csv
cluster_dataset/CHA/CHA_31_7.csv
cluster_dataset/CHA/CHA_31_8.csv
cluster_dataset/CHA/CHA_31_9.csv
cluster_dataset/CHA/CHA_31_10.csv
cluster_dataset/CHA/CHA_31_11.csv
cluster_dataset/CHA/CHA_0_0.csv
cluster_dataset/CHA/CHA_0_1.csv
cluster_dataset/CHA/CHA_0_2.csv
cluster_dataset/CHA/CHA_0_3.csv
cluster_dataset/CHA/CHA_0_4.csv
cluster_dataset/CHA/CHA_0_5.csv
cluster_dataset/CHA/CHA_0_6.csv
cluster_dataset/CHA/CHA_0_7.csv
cluster_dataset/CHA/CHA_0_8.csv
cluster_dataset/CHA/CHA_0_9.csv
cluster_dataset/CHA/CHA_0_10.csv
cluster_dataset/CHA/CHA_0_11.csv
cluster_dataset/CHA/CHA_15_0.csv
cluster_dataset/CHA/CHA_15_1.csv
cluster_dataset/CHA/CHA_15_2.csv
cluster_dataset/CHA/CHA_15_3.csv
cluster_dataset/CHA/CHA_15_4.csv
cluster_dataset/CHA/CHA_15_5.csv
cluster_dataset/CHA/CHA_15_6.csv
cluster_dataset/CHA/CHA_15_7.csv
cluster_dataset/CHA/CHA_15_8.csv
cluster_dataset/CHA/CHA_15_9.csv
cluster_dataset/CHA/CHA_15_10.csv
cluster_dataset/CHA/CHA_15_11.csv
cluster_dataset/CHI/CHI_18_0.csv
cluster_dataset/CHI/CHI_18_1.csv
cluster_dataset/CHI/CHI_18_2.csv
cluster_dataset/CHI/CHI_18_3.csv
cluster_dataset/CHI/CHI_18_4.csv
cluster_dataset/CHI/CHI_18_5.csv
cluster_dataset/CHI/CHI_18_6.csv
cluster_dataset/CHI/CHI_18_7.csv
cluster_dataset/CHI/CHI_18_8.csv
cluster_dataset/CHI/CHI_18_9.csv
cluster_dataset/CHI/CHI_18_10.csv
cluster_dataset/CHI/CHI_18_11.csv
cluster_dataset/CHI/CHI_21_0.csv
cluster_dataset/CHI/CHI_21_1.csv
cluster_dataset/CHI/CHI_21_2.csv
cluster_dataset/CHI/CHI_21_3.csv
cluster_dataset/CHI/CHI_21_4.csv
cluster_dataset/CHI/CHI_21_5.csv
cluster_dataset/CHI/CHI_21_6.csv
cluster_dataset/CHI/CHI_21_7.csv
cluster_dataset/CHI/CHI_21_8.csv
cluster_dataset/CHI/CHI_21_9.csv
cluster_dataset/CHI/CHI_21_10.csv
cluster_dataset/CHI/CHI_21_11.csv
cluster_dataset/CHI/CHI_19_0.csv
cluster_dataset/CHI/CHI_19_1.csv
cluster_dataset/CHI/CHI_19_2.csv
cluster_dataset/CHI/CHI_19_3.csv
cluster_dataset/CHI/CHI_19_4.csv
cluster_dataset/CHI/CHI_19_5.csv
cluster_dataset/CHI/CHI_19_6.csv
cluster_dataset/CHI/CHI_19_7.csv
cluster_dataset/CHI/CHI_19_8.csv
cluster_dataset/CHI/CHI_19_9.csv
cluster_dataset/CHI/CHI_19_10.csv
cluster_dataset/CHI/CHI_19_11.csv
cluster_dataset/CHI/CHI_23_0.csv
cluster_dataset/CHI/CHI_23_1.csv
cluster_dataset/CHI/CHI_23_2.csv
cluster_dataset/CHI/CHI_23_3.csv
cluster_dataset/CHI/CHI_23_4.csv
cluster_dataset/CHI/CHI_23_5.csv
cluster_dataset/CHI/CHI_23_6.csv
cluster_dataset/CHI/CHI_23_7.csv
cluster_dataset/CHI/CHI_23_8.csv
cluster_dataset/CHI/CHI_23_9.csv
cluster_dataset/CHI/CHI_23_10.csv
cluster_dataset/CHI/CHI_23_11.csv
cluster_dataset/CHI/CHI_22_0.csv
cluster_dataset/CHI/CHI_22_1.csv
cluster_dataset/CHI/CHI_22_2.csv
cluster_dataset/CHI/CHI_22_3.csv
cluster_dataset/CHI/CHI_22_4.csv
cluster_dataset/CHI/CHI_22_5.csv
cluster_dataset/CHI/CHI_22_6.csv
cluster_dataset/CHI/CHI_22_7.csv
cluster_dataset/CHI/CHI_22_8.csv
cluster_dataset/CHI/CHI_22_9.csv
cluster_dataset/CHI/CHI_22_10.csv
cluster_dataset/CHI/CHI_22_11.csv
cluster_dataset/CHI/CHI_17_0.csv
cluster_dataset/CHI/CHI_17_1.csv
cluster_dataset/CHI/CHI_17_2.csv
cluster_dataset/CHI/CHI_17_3.csv
cluster_dataset/CHI/CHI_17_4.csv
cluster_dataset/CHI/CHI_17_5.csv
cluster_dataset/CHI/CHI_17_6.csv
cluster_dataset/CHI/CHI_17_7.csv
cluster_dataset/CHI/CHI_17_8.csv
cluster_dataset/CHI/CHI_17_9.csv
cluster_dataset/CHI/CHI_17_10.csv
cluster_dataset/CHI/CHI_17_11.csv
cluster_dataset/CHI/CHI_16_0.csv
cluster_dataset/CHI/CHI_16_1.csv
cluster_dataset/CHI/CHI_16_2.csv
cluster_dataset/CHI/CHI_16_3.csv
cluster_dataset/CHI/CHI_16_4.csv
cluster_dataset/CHI/CHI_16_5.csv
cluster_dataset/CHI/CHI_16_6.csv
cluster_dataset/CHI/CHI_16_7.csv
cluster_dataset/CHI/CHI_16_8.csv
cluster_dataset/CHI/CHI_16_9.csv
cluster_dataset/CHI/CHI_16_10.csv
cluster_dataset/CHI/CHI_16_11.csv
cluster_dataset/CHI/CHI_20_0.csv
cluster_dataset/CHI/CHI_20_1.csv
cluster_dataset/CHI/CHI_20_2.csv
cluster_dataset/CHI/CHI_20_3.csv
cluster_dataset/CHI/CHI_20_4.csv
cluster_dataset/CHI/CHI_20_5.csv
cluster_dataset/CHI/CHI_20_6.csv
cluster_dataset/CHI/CHI_20_7.csv
cluster_dataset/CHI/CHI_20_8.csv
cluster_dataset/CHI/CHI_20_9.csv
cluster_dataset/CHI/CHI_20_10.csv
cluster_dataset/CHI/CHI_20_11.csv
cluster_dataset/ERI/ERI_27_0.csv
cluster_dataset/ERI/ERI_27_1.csv
cluster_dataset/ERI/ERI_27_2.csv
cluster_dataset/ERI/ERI_27_3.csv
cluster_dataset/ERI/ERI_27_4.csv
cluster_dataset/ERI/ERI_27_5.csv
cluster_dataset/ERI/ERI_27_6.csv
cluster_dataset/ERI/ERI_27_7.csv
cluster_dataset/ERI/ERI_27_8.csv
cluster_dataset/ERI/ERI_27_9.csv
cluster_dataset/ERI/ERI_27_10.csv
cluster_dataset/ERI/ERI_27_11.csv
cluster_dataset/ERI/ERI_30_0.csv
cluster_dataset/ERI/ERI_30_1.csv
cluster_dataset/ERI/ERI_30_2.csv
cluster_dataset/ERI/ERI_30_3.csv
cluster_dataset/ERI/ERI_30_4.csv
cluster_dataset/ERI/ERI_30_5.csv
cluster_dataset/ERI/ERI_30_6.csv
cluster_dataset/ERI/ERI_30_7.csv
cluster_dataset/ERI/ERI_30_8.csv
cluster_dataset/ERI/ERI_30_9.csv
cluster_dataset/ERI/ERI_30_10.csv
cluster_dataset/ERI/ERI_30_11.csv
cluster_dataset/ERI/ERI_34_0.csv
cluster_dataset/ERI/ERI_34_1.csv
cluster_dataset/ERI/ERI_34_2.csv
cluster_dataset/ERI/ERI_34_3.csv
cluster_dataset/ERI/ERI_34_4.csv
cluster_dataset/ERI/ERI_34_5.csv
cluster_dataset/ERI/ERI_34_6.csv
cluster_dataset/ERI/ERI_34_7.csv
cluster_dataset/ERI/ERI_34_8.csv
cluster_dataset/ERI/ERI_34_9.csv
cluster_dataset/ERI/ERI_34_10.csv
cluster_dataset/ERI/ERI_34_11.csv
cluster_dataset/ERI/ERI_24_0.csv
cluster_dataset/ERI/ERI_24_1.csv
cluster_dataset/ERI/ERI_24_2.csv
cluster_dataset/ERI/ERI_24_3.csv
cluster_dataset/ERI/ERI_24_4.csv
cluster_dataset/ERI/ERI_24_5.csv
cluster_dataset/ERI/ERI_24_6.csv
cluster_dataset/ERI/ERI_24_7.csv
cluster_dataset/ERI/ERI_24_8.csv
cluster_dataset/ERI/ERI_24_9.csv
cluster_dataset/ERI/ERI_24_10.csv
cluster_dataset/ERI/ERI_24_11.csv
cluster_dataset/ERI/ERI_28_0.csv
cluster_dataset/ERI/ERI_28_1.csv
cluster_dataset/ERI/ERI_28_2.csv
cluster_dataset/ERI/ERI_28_3.csv
cluster_dataset/ERI/ERI_28_4.csv
cluster_dataset/ERI/ERI_28_5.csv
cluster_dataset/ERI/ERI_28_6.csv
cluster_dataset/ERI/ERI_28_7.csv
cluster_dataset/ERI/ERI_28_8.csv
cluster_dataset/ERI/ERI_28_9.csv
cluster_dataset/ERI/ERI_28_10.csv
cluster_dataset/ERI/ERI_28_11.csv
cluster_dataset/ERI/ERI_32_0.csv
cluster_dataset/ERI/ERI_32_1.csv
cluster_dataset/ERI/ERI_32_2.csv
cluster_dataset/ERI/ERI_32_3.csv
cluster_dataset/ERI/ERI_32_4.csv
cluster_dataset/ERI/ERI_32_5.csv
cluster_dataset/ERI/ERI_32_6.csv
cluster_dataset/ERI/ERI_32_7.csv
cluster_dataset/ERI/ERI_32_8.csv
cluster_dataset/ERI/ERI_32_9.csv
cluster_dataset/ERI/ERI_32_10.csv
cluster_dataset/ERI/ERI_32_11.csv
cluster_dataset/ERI/ERI_26_0.csv
cluster_dataset/ERI/ERI_26_1.csv
cluster_dataset/ERI/ERI_26_2.csv
cluster_dataset/ERI/ERI_26_3.csv
cluster_dataset/ERI/ERI_26_4.csv
cluster_dataset/ERI/ERI_26_5.csv
cluster_dataset/ERI/ERI_26_6.csv
cluster_dataset/ERI/ERI_26_7.csv
cluster_dataset/ERI/ERI_26_8.csv
cluster_dataset/ERI/ERI_26_9.csv
cluster_dataset/ERI/ERI_26_10.csv
cluster_dataset/ERI/ERI_26_11.csv
cluster_dataset/ERI/ERI_33_0.csv
cluster_dataset/ERI/ERI_33_1.csv
cluster_dataset/ERI/ERI_33_2.csv
cluster_dataset/ERI/ERI_33_3.csv
cluster_dataset/ERI/ERI_33_4.csv
cluster_dataset/ERI/ERI_33_5.csv
cluster_dataset/ERI/ERI_33_6.csv
cluster_dataset/ERI/ERI_33_7.csv
cluster_dataset/ERI/ERI_33_8.csv
cluster_dataset/ERI/ERI_33_9.csv
cluster_dataset/ERI/ERI_33_10.csv
cluster_dataset/ERI/ERI_33_11.csv
cluster_dataset/ERI/ERI_31_0.csv
cluster_dataset/ERI/ERI_31_1.csv
cluster_dataset/ERI/ERI_31_2.csv
cluster_dataset/ERI/ERI_31_3.csv
cluster_dataset/ERI/ERI_31_4.csv
cluster_dataset/ERI/ERI_31_5.csv
cluster_dataset/ERI/ERI_31_6.csv
cluster_dataset/ERI/ERI_31_7.csv
cluster_dataset/ERI/ERI_31_8.csv
cluster_dataset/ERI/ERI_31_9.csv
cluster_dataset/ERI/ERI_31_10.csv
cluster_dataset/ERI/ERI_31_11.csv
cluster_dataset/ERI/ERI_29_0.csv
cluster_dataset/ERI/ERI_29_1.csv
cluster_dataset/ERI/ERI_29_2.csv
cluster_dataset/ERI/ERI_29_3.csv
cluster_dataset/ERI/ERI_29_4.csv
cluster_dataset/ERI/ERI_29_5.csv
cluster_dataset/ERI/ERI_29_6.csv
cluster_dataset/ERI/ERI_29_7.csv
cluster_dataset/ERI/ERI_29_8.csv
cluster_dataset/ERI/ERI_29_9.csv
cluster_dataset/ERI/ERI_29_10.csv
cluster_dataset/ERI/ERI_29_11.csv
cluster_dataset/ERI/ERI_25_0.csv
cluster_dataset/ERI/ERI_25_1.csv
cluster_dataset/ERI/ERI_25_2.csv
cluster_dataset/ERI/ERI_25_3.csv
cluster_dataset/ERI/ERI_25_4.csv
cluster_dataset/ERI/ERI_25_5.csv
cluster_dataset/ERI/ERI_25_6.csv
cluster_dataset/ERI/ERI_25_7.csv
cluster_dataset/ERI/ERI_25_8.csv
cluster_dataset/ERI/ERI_25_9.csv
cluster_dataset/ERI/ERI_25_10.csv
cluster_dataset/ERI/ERI_25_11.csv
cluster_dataset/ERI/ERI_35_0.csv
cluster_dataset/ERI/ERI_35_1.csv
cluster_dataset/ERI/ERI_35_2.csv
cluster_dataset/ERI/ERI_35_3.csv
cluster_dataset/ERI/ERI_35_4.csv
cluster_dataset/ERI/ERI_35_5.csv
cluster_dataset/ERI/ERI_35_6.csv
cluster_dataset/ERI/ERI_35_7.csv
cluster_dataset/ERI/ERI_35_8.csv
cluster_dataset/ERI/ERI_35_9.csv
cluster_dataset/ERI/ERI_35_10.csv
cluster_dataset/ERI/ERI_35_11.csv
cluster_dataset/LIO/LIO_29_0.csv
cluster_dataset/LIO/LIO_29_1.csv
cluster_dataset/LIO/LIO_29_2.csv
cluster_dataset/LIO/LIO_29_3.csv
cluster_dataset/LIO/LIO_29_4.csv
cluster_dataset/LIO/LIO_29_5.csv
cluster_dataset/LIO/LIO_29_6.csv
cluster_dataset/LIO/LIO_29_7.csv
cluster_dataset/LIO/LIO_29_8.csv
cluster_dataset/LIO/LIO_29_9.csv
cluster_dataset/LIO/LIO_29_10.csv
cluster_dataset/LIO/LIO_29_11.csv
cluster_dataset/LIO/LIO_24_0.csv
cluster_dataset/LIO/LIO_24_1.csv
cluster_dataset/LIO/LIO_24_2.csv
cluster_dataset/LIO/LIO_24_3.csv
cluster_dataset/LIO/LIO_24_4.csv
cluster_dataset/LIO/LIO_24_5.csv
cluster_dataset/LIO/LIO_24_6.csv
cluster_dataset/LIO/LIO_24_7.csv
cluster_dataset/LIO/LIO_24_8.csv
cluster_dataset/LIO/LIO_24_9.csv
cluster_dataset/LIO/LIO_24_10.csv
cluster_dataset/LIO/LIO_24_11.csv
cluster_dataset/LIO/LIO_27_0.csv
cluster_dataset/LIO/LIO_27_1.csv
cluster_dataset/LIO/LIO_27_2.csv
cluster_dataset/LIO/LIO_27_3.csv
cluster_dataset/LIO/LIO_27_4.csv
cluster_dataset/LIO/LIO_27_5.csv
cluster_dataset/LIO/LIO_27_6.csv
cluster_dataset/LIO/LIO_27_7.csv
cluster_dataset/LIO/LIO_27_8.csv
cluster_dataset/LIO/LIO_27_9.csv
cluster_dataset/LIO/LIO_27_10.csv
cluster_dataset/LIO/LIO_27_11.csv
cluster_dataset/LIO/LIO_26_0.csv
cluster_dataset/LIO/LIO_26_1.csv
cluster_dataset/LIO/LIO_26_2.csv
cluster_dataset/LIO/LIO_26_3.csv
cluster_dataset/LIO/LIO_26_4.csv
cluster_dataset/LIO/LIO_26_5.csv
cluster_dataset/LIO/LIO_26_6.csv
cluster_dataset/LIO/LIO_26_7.csv
cluster_dataset/LIO/LIO_26_8.csv
cluster_dataset/LIO/LIO_26_9.csv
cluster_dataset/LIO/LIO_26_10.csv
cluster_dataset/LIO/LIO_26_11.csv
cluster_dataset/LIO/LIO_25_0.csv
cluster_dataset/LIO/LIO_25_1.csv
cluster_dataset/LIO/LIO_25_2.csv
cluster_dataset/LIO/LIO_25_3.csv
cluster_dataset/LIO/LIO_25_4.csv
cluster_dataset/LIO/LIO_25_5.csv
cluster_dataset/LIO/LIO_25_6.csv
cluster_dataset/LIO/LIO_25_7.csv
cluster_dataset/LIO/LIO_25_8.csv
cluster_dataset/LIO/LIO_25_9.csv
cluster_dataset/LIO/LIO_25_10.csv
cluster_dataset/LIO/LIO_25_11.csv
cluster_dataset/LIO/LIO_28_0.csv
cluster_dataset/LIO/LIO_28_1.csv
cluster_dataset/LIO/LIO_28_2.csv
cluster_dataset/LIO/LIO_28_3.csv
cluster_dataset/LIO/LIO_28_4.csv
cluster_dataset/LIO/LIO_28_5.csv
cluster_dataset/LIO/LIO_28_6.csv
cluster_dataset/LIO/LIO_28_7.csv
cluster_dataset/LIO/LIO_28_8.csv
cluster_dataset/LIO/LIO_28_9.csv
cluster_dataset/LIO/LIO_28_10.csv
cluster_dataset/LIO/LIO_28_11.csv
cluster_dataset/LIT/LIT_7_0.csv
cluster_dataset/LIT/LIT_7_1.csv
cluster_dataset/LIT/LIT_7_2.csv
cluster_dataset/LIT/LIT_7_3.csv
cluster_dataset/LIT/LIT_7_4.csv
cluster_dataset/LIT/LIT_7_5.csv
cluster_dataset/LIT/LIT_7_6.csv
cluster_dataset/LIT/LIT_7_7.csv
cluster_dataset/LIT/LIT_7_8.csv
cluster_dataset/LIT/LIT_7_9.csv
cluster_dataset/LIT/LIT_7_10.csv
cluster_dataset/LIT/LIT_7_11.csv
cluster_dataset/LIT/LIT_0_0.csv
cluster_dataset/LIT/LIT_0_1.csv
cluster_dataset/LIT/LIT_0_2.csv
cluster_dataset/LIT/LIT_0_3.csv
cluster_dataset/LIT/LIT_0_4.csv
cluster_dataset/LIT/LIT_0_5.csv
cluster_dataset/LIT/LIT_0_6.csv
cluster_dataset/LIT/LIT_0_7.csv
cluster_dataset/LIT/LIT_0_8.csv
cluster_dataset/LIT/LIT_0_9.csv
cluster_dataset/LIT/LIT_0_10.csv
cluster_dataset/LIT/LIT_0_11.csv
cluster_dataset/LIT/LIT_4_0.csv
cluster_dataset/LIT/LIT_4_1.csv
cluster_dataset/LIT/LIT_4_2.csv
cluster_dataset/LIT/LIT_4_3.csv
cluster_dataset/LIT/LIT_4_4.csv
cluster_dataset/LIT/LIT_4_5.csv
cluster_dataset/LIT/LIT_4_6.csv
cluster_dataset/LIT/LIT_4_7.csv
cluster_dataset/LIT/LIT_4_8.csv
cluster_dataset/LIT/LIT_4_9.csv
cluster_dataset/LIT/LIT_4_10.csv
cluster_dataset/LIT/LIT_4_11.csv
cluster_dataset/LIT/LIT_6_0.csv
cluster_dataset/LIT/LIT_6_1.csv
cluster_dataset/LIT/LIT_6_2.csv
cluster_dataset/LIT/LIT_6_3.csv
cluster_dataset/LIT/LIT_6_4.csv
cluster_dataset/LIT/LIT_6_5.csv
cluster_dataset/LIT/LIT_6_6.csv
cluster_dataset/LIT/LIT_6_7.csv
cluster_dataset/LIT/LIT_6_8.csv
cluster_dataset/LIT/LIT_6_9.csv
cluster_dataset/LIT/LIT_6_10.csv
cluster_dataset/LIT/LIT_6_11.csv
cluster_dataset/LIT/LIT_2_0.csv
cluster_dataset/LIT/LIT_2_1.csv
cluster_dataset/LIT/LIT_2_2.csv
cluster_dataset/LIT/LIT_2_3.csv
cluster_dataset/LIT/LIT_2_4.csv
cluster_dataset/LIT/LIT_2_5.csv
cluster_dataset/LIT/LIT_2_6.csv
cluster_dataset/LIT/LIT_2_7.csv
cluster_dataset/LIT/LIT_2_8.csv
cluster_dataset/LIT/LIT_2_9.csv
cluster_dataset/LIT/LIT_2_10.csv
cluster_dataset/LIT/LIT_2_11.csv
cluster_dataset/LIT/LIT_5_0.csv
cluster_dataset/LIT/LIT_5_1.csv
cluster_dataset/LIT/LIT_5_2.csv
cluster_dataset/LIT/LIT_5_3.csv
cluster_dataset/LIT/LIT_5_4.csv
cluster_dataset/LIT/LIT_5_5.csv
cluster_dataset/LIT/LIT_5_6.csv
cluster_dataset/LIT/LIT_5_7.csv
cluster_dataset/LIT/LIT_5_8.csv
cluster_dataset/LIT/LIT_5_9.csv
cluster_dataset/LIT/LIT_5_10.csv
cluster_dataset/LIT/LIT_5_11.csv
cluster_dataset/LIT/LIT_1_0.csv
cluster_dataset/LIT/LIT_1_1.csv
cluster_dataset/LIT/LIT_1_2.csv
cluster_dataset/LIT/LIT_1_3.csv
cluster_dataset/LIT/LIT_1_4.csv
cluster_dataset/LIT/LIT_1_5.csv
cluster_dataset/LIT/LIT_1_6.csv
cluster_dataset/LIT/LIT_1_7.csv
cluster_dataset/LIT/LIT_1_8.csv
cluster_dataset/LIT/LIT_1_9.csv
cluster_dataset/LIT/LIT_1_10.csv
cluster_dataset/LIT/LIT_1_11.csv
cluster_dataset/LIT/LIT_3_0.csv
cluster_dataset/LIT/LIT_3_1.csv
cluster_dataset/LIT/LIT_3_2.csv
cluster_dataset/LIT/LIT_3_3.csv
cluster_dataset/LIT/LIT_3_4.csv
cluster_dataset/LIT/LIT_3_5.csv
cluster_dataset/LIT/LIT_3_6.csv
cluster_dataset/LIT/LIT_3_7.csv
cluster_dataset/LIT/LIT_3_8.csv
cluster_dataset/LIT/LIT_3_9.csv
cluster_dataset/LIT/LIT_3_10.csv
cluster_dataset/LIT/LIT_3_11.csv
cluster_dataset/LOS/LOS_11_0.csv
cluster_dataset/LOS/LOS_11_1.csv
cluster_dataset/LOS/LOS_11_2.csv
cluster_dataset/LOS/LOS_11_3.csv
cluster_dataset/LOS/LOS_11_4.csv
cluster_dataset/LOS/LOS_11_5.csv
cluster_dataset/LOS/LOS_11_6.csv
cluster_dataset/LOS/LOS_11_7.csv
cluster_dataset/LOS/LOS_11_8.csv
cluster_dataset/LOS/LOS_11_9.csv
cluster_dataset/LOS/LOS_11_10.csv
cluster_dataset/LOS/LOS_11_11.csv
cluster_dataset/LOS/LOS_5_0.csv
cluster_dataset/LOS/LOS_5_1.csv
cluster_dataset/LOS/LOS_5_2.csv
cluster_dataset/LOS/LOS_5_3.csv
cluster_dataset/LOS/LOS_5_4.csv
cluster_dataset/LOS/LOS_5_5.csv
cluster_dataset/LOS/LOS_5_6.csv
cluster_dataset/LOS/LOS_5_7.csv
cluster_dataset/LOS/LOS_5_8.csv
cluster_dataset/LOS/LOS_5_9.csv
cluster_dataset/LOS/LOS_5_10.csv
cluster_dataset/LOS/LOS_5_11.csv
cluster_dataset/LOS/LOS_8_0.csv
cluster_dataset/LOS/LOS_8_1.csv
cluster_dataset/LOS/LOS_8_2.csv
cluster_dataset/LOS/LOS_8_3.csv
cluster_dataset/LOS/LOS_8_4.csv
cluster_dataset/LOS/LOS_8_5.csv
cluster_dataset/LOS/LOS_8_6.csv
cluster_dataset/LOS/LOS_8_7.csv
cluster_dataset/LOS/LOS_8_8.csv
cluster_dataset/LOS/LOS_8_9.csv
cluster_dataset/LOS/LOS_8_10.csv
cluster_dataset/LOS/LOS_8_11.csv
cluster_dataset/LOS/LOS_6_0.csv
cluster_dataset/LOS/LOS_6_1.csv
cluster_dataset/LOS/LOS_6_2.csv
cluster_dataset/LOS/LOS_6_3.csv
cluster_dataset/LOS/LOS_6_4.csv
cluster_dataset/LOS/LOS_6_5.csv
cluster_dataset/LOS/LOS_6_6.csv
cluster_dataset/LOS/LOS_6_7.csv
cluster_dataset/LOS/LOS_6_8.csv
cluster_dataset/LOS/LOS_6_9.csv
cluster_dataset/LOS/LOS_6_10.csv
cluster_dataset/LOS/LOS_6_11.csv
cluster_dataset/LOS/LOS_4_0.csv
cluster_dataset/LOS/LOS_4_1.csv
cluster_dataset/LOS/LOS_4_2.csv
cluster_dataset/LOS/LOS_4_3.csv
cluster_dataset/LOS/LOS_4_4.csv
cluster_dataset/LOS/LOS_4_5.csv
cluster_dataset/LOS/LOS_4_6.csv
cluster_dataset/LOS/LOS_4_7.csv
cluster_dataset/LOS/LOS_4_8.csv
cluster_dataset/LOS/LOS_4_9.csv
cluster_dataset/LOS/LOS_4_10.csv
cluster_dataset/LOS/LOS_4_11.csv
cluster_dataset/LOS/LOS_2_0.csv
cluster_dataset/LOS/LOS_2_1.csv
cluster_dataset/LOS/LOS_2_2.csv
cluster_dataset/LOS/LOS_2_3.csv
cluster_dataset/LOS/LOS_2_4.csv
cluster_dataset/LOS/LOS_2_5.csv
cluster_dataset/LOS/LOS_2_6.csv
cluster_dataset/LOS/LOS_2_7.csv
cluster_dataset/LOS/LOS_2_8.csv
cluster_dataset/LOS/LOS_2_9.csv
cluster_dataset/LOS/LOS_2_10.csv
cluster_dataset/LOS/LOS_2_11.csv
cluster_dataset/LOS/LOS_0_0.csv
cluster_dataset/LOS/LOS_0_1.csv
cluster_dataset/LOS/LOS_0_2.csv
cluster_dataset/LOS/LOS_0_3.csv
cluster_dataset/LOS/LOS_0_4.csv
cluster_dataset/LOS/LOS_0_5.csv
cluster_dataset/LOS/LOS_0_6.csv
cluster_dataset/LOS/LOS_0_7.csv
cluster_dataset/LOS/LOS_0_8.csv
cluster_dataset/LOS/LOS_0_9.csv
cluster_dataset/LOS/LOS_0_10.csv
cluster_dataset/LOS/LOS_0_11.csv
cluster_dataset/LOS/LOS_1_0.csv
cluster_dataset/LOS/LOS_1_1.csv
cluster_dataset/LOS/LOS_1_2.csv
cluster_dataset/LOS/LOS_1_3.csv
cluster_dataset/LOS/LOS_1_4.csv
cluster_dataset/LOS/LOS_1_5.csv
cluster_dataset/LOS/LOS_1_6.csv
cluster_dataset/LOS/LOS_1_7.csv
cluster_dataset/LOS/LOS_1_8.csv
cluster_dataset/LOS/LOS_1_9.csv
cluster_dataset/LOS/LOS_1_10.csv
cluster_dataset/LOS/LOS_1_11.csv
cluster_dataset/LOS/LOS_7_0.csv
cluster_dataset/LOS/LOS_7_1.csv
cluster_dataset/LOS/LOS_7_2.csv
cluster_dataset/LOS/LOS_7_3.csv
cluster_dataset/LOS/LOS_7_4.csv
cluster_dataset/LOS/LOS_7_5.csv
cluster_dataset/LOS/LOS_7_6.csv
cluster_dataset/LOS/LOS_7_7.csv
cluster_dataset/LOS/LOS_7_8.csv
cluster_dataset/LOS/LOS_7_9.csv
cluster_dataset/LOS/LOS_7_10.csv
cluster_dataset/LOS/LOS_7_11.csv
cluster_dataset/LOS/LOS_9_0.csv
cluster_dataset/LOS/LOS_9_1.csv
cluster_dataset/LOS/LOS_9_2.csv
cluster_dataset/LOS/LOS_9_3.csv
cluster_dataset/LOS/LOS_9_4.csv
cluster_dataset/LOS/LOS_9_5.csv
cluster_dataset/LOS/LOS_9_6.csv
cluster_dataset/LOS/LOS_9_7.csv
cluster_dataset/LOS/LOS_9_8.csv
cluster_dataset/LOS/LOS_9_9.csv
cluster_dataset/LOS/LOS_9_10.csv
cluster_dataset/LOS/LOS_9_11.csv
cluster_dataset/LOS/LOS_3_0.csv
cluster_dataset/LOS/LOS_3_1.csv
cluster_dataset/LOS/LOS_3_2.csv
cluster_dataset/LOS/LOS_3_3.csv
cluster_dataset/LOS/LOS_3_4.csv
cluster_dataset/LOS/LOS_3_5.csv
cluster_dataset/LOS/LOS_3_6.csv
cluster_dataset/LOS/LOS_3_7.csv
cluster_dataset/LOS/LOS_3_8.csv
cluster_dataset/LOS/LOS_3_9.csv
cluster_dataset/LOS/LOS_3_10.csv
cluster_dataset/LOS/LOS_3_11.csv
cluster_dataset/LOS/LOS_10_0.csv
cluster_dataset/LOS/LOS_10_1.csv
cluster_dataset/LOS/LOS_10_2.csv
cluster_dataset/LOS/LOS_10_3.csv
cluster_dataset/LOS/LOS_10_4.csv
cluster_dataset/LOS/LOS_10_5.csv
cluster_dataset/LOS/LOS_10_6.csv
cluster_dataset/LOS/LOS_10_7.csv
cluster_dataset/LOS/LOS_10_8.csv
cluster_dataset/LOS/LOS_10_9.csv
cluster_dataset/LOS/LOS_10_10.csv
cluster_dataset/LOS/LOS_10_11.csv
cluster_dataset/OFF/OFF_2_0.csv
cluster_dataset/OFF/OFF_2_1.csv
cluster_dataset/OFF/OFF_2_2.csv
cluster_dataset/OFF/OFF_2_3.csv
cluster_dataset/OFF/OFF_2_4.csv
cluster_dataset/OFF/OFF_2_5.csv
cluster_dataset/OFF/OFF_2_6.csv
cluster_dataset/OFF/OFF_2_7.csv
cluster_dataset/OFF/OFF_2_8.csv
cluster_dataset/OFF/OFF_2_9.csv
cluster_dataset/OFF/OFF_2_10.csv
cluster_dataset/OFF/OFF_2_11.csv
cluster_dataset/OFF/OFF_10_0.csv
cluster_dataset/OFF/OFF_10_1.csv
cluster_dataset/OFF/OFF_10_2.csv
cluster_dataset/OFF/OFF_10_3.csv
cluster_dataset/OFF/OFF_10_4.csv
cluster_dataset/OFF/OFF_10_5.csv
cluster_dataset/OFF/OFF_10_6.csv
cluster_dataset/OFF/OFF_10_7.csv
cluster_dataset/OFF/OFF_10_8.csv
cluster_dataset/OFF/OFF_10_9.csv
cluster_dataset/OFF/OFF_10_10.csv
cluster_dataset/OFF/OFF_10_11.csv
cluster_dataset/OFF/OFF_7_0.csv
cluster_dataset/OFF/OFF_7_1.csv
cluster_dataset/OFF/OFF_7_2.csv
cluster_dataset/OFF/OFF_7_3.csv
cluster_dataset/OFF/OFF_7_4.csv
cluster_dataset/OFF/OFF_7_5.csv
cluster_dataset/OFF/OFF_7_6.csv
cluster_dataset/OFF/OFF_7_7.csv
cluster_dataset/OFF/OFF_7_8.csv
cluster_dataset/OFF/OFF_7_9.csv
cluster_dataset/OFF/OFF_7_10.csv
cluster_dataset/OFF/OFF_7_11.csv
cluster_dataset/OFF/OFF_5_0.csv
cluster_dataset/OFF/OFF_5_1.csv
cluster_dataset/OFF/OFF_5_2.csv
cluster_dataset/OFF/OFF_5_3.csv
cluster_dataset/OFF/OFF_5_4.csv
cluster_dataset/OFF/OFF_5_5.csv
cluster_dataset/OFF/OFF_5_6.csv
cluster_dataset/OFF/OFF_5_7.csv
cluster_dataset/OFF/OFF_5_8.csv
cluster_dataset/OFF/OFF_5_9.csv
cluster_dataset/OFF/OFF_5_10.csv
cluster_dataset/OFF/OFF_5_11.csv
cluster_dataset/OFF/OFF_0_0.csv
cluster_dataset/OFF/OFF_0_1.csv
cluster_dataset/OFF/OFF_0_2.csv
cluster_dataset/OFF/OFF_0_3.csv
cluster_dataset/OFF/OFF_0_4.csv
cluster_dataset/OFF/OFF_0_5.csv
cluster_dataset/OFF/OFF_0_6.csv
cluster_dataset/OFF/OFF_0_7.csv
cluster_dataset/OFF/OFF_0_8.csv
cluster_dataset/OFF/OFF_0_9.csv
cluster_dataset/OFF/OFF_0_10.csv
cluster_dataset/OFF/OFF_0_11.csv
cluster_dataset/OFF/OFF_11_0.csv
cluster_dataset/OFF/OFF_11_1.csv
cluster_dataset/OFF/OFF_11_2.csv
cluster_dataset/OFF/OFF_11_3.csv
cluster_dataset/OFF/OFF_11_4.csv
cluster_dataset/OFF/OFF_11_5.csv
cluster_dataset/OFF/OFF_11_6.csv
cluster_dataset/OFF/OFF_11_7.csv
cluster_dataset/OFF/OFF_11_8.csv
cluster_dataset/OFF/OFF_11_9.csv
cluster_dataset/OFF/OFF_11_10.csv
cluster_dataset/OFF/OFF_11_11.csv
cluster_dataset/OFF/OFF_8_0.csv
cluster_dataset/OFF/OFF_8_1.csv
cluster_dataset/OFF/OFF_8_2.csv
cluster_dataset/OFF/OFF_8_3.csv
cluster_dataset/OFF/OFF_8_4.csv
cluster_dataset/OFF/OFF_8_5.csv
cluster_dataset/OFF/OFF_8_6.csv
cluster_dataset/OFF/OFF_8_7.csv
cluster_dataset/OFF/OFF_8_8.csv
cluster_dataset/OFF/OFF_8_9.csv
cluster_dataset/OFF/OFF_8_10.csv
cluster_dataset/OFF/OFF_8_11.csv
cluster_dataset/OFF/OFF_3_0.csv
cluster_dataset/OFF/OFF_3_1.csv
cluster_dataset/OFF/OFF_3_2.csv
cluster_dataset/OFF/OFF_3_3.csv
cluster_dataset/OFF/OFF_3_4.csv
cluster_dataset/OFF/OFF_3_5.csv
cluster_dataset/OFF/OFF_3_6.csv
cluster_dataset/OFF/OFF_3_7.csv
cluster_dataset/OFF/OFF_3_8.csv
cluster_dataset/OFF/OFF_3_9.csv
cluster_dataset/OFF/OFF_3_10.csv
cluster_dataset/OFF/OFF_3_11.csv
cluster_dataset/PAR/PAR_13_0.csv
cluster_dataset/PAR/PAR_13_1.csv
cluster_dataset/PAR/PAR_13_2.csv
cluster_dataset/PAR/PAR_13_3.csv
cluster_dataset/PAR/PAR_13_4.csv
cluster_dataset/PAR/PAR_13_5.csv
cluster_dataset/PAR/PAR_13_6.csv
cluster_dataset/PAR/PAR_13_7.csv
cluster_dataset/PAR/PAR_13_8.csv
cluster_dataset/PAR/PAR_13_9.csv
cluster_dataset/PAR/PAR_13_10.csv
cluster_dataset/PAR/PAR_13_11.csv
cluster_dataset/PAR/PAR_15_0.csv
cluster_dataset/PAR/PAR_15_1.csv
cluster_dataset/PAR/PAR_15_2.csv
cluster_dataset/PAR/PAR_15_3.csv
cluster_dataset/PAR/PAR_15_4.csv
cluster_dataset/PAR/PAR_15_5.csv
cluster_dataset/PAR/PAR_15_6.csv
cluster_dataset/PAR/PAR_15_7.csv
cluster_dataset/PAR/PAR_15_8.csv
cluster_dataset/PAR/PAR_15_9.csv
cluster_dataset/PAR/PAR_15_10.csv
cluster_dataset/PAR/PAR_15_11.csv
cluster_dataset/PAR/PAR_14_0.csv
cluster_dataset/PAR/PAR_14_1.csv
cluster_dataset/PAR/PAR_14_2.csv
cluster_dataset/PAR/PAR_14_3.csv
cluster_dataset/PAR/PAR_14_4.csv
cluster_dataset/PAR/PAR_14_5.csv
cluster_dataset/PAR/PAR_14_6.csv
cluster_dataset/PAR/PAR_14_7.csv
cluster_dataset/PAR/PAR_14_8.csv
cluster_dataset/PAR/PAR_14_9.csv
cluster_dataset/PAR/PAR_14_10.csv
cluster_dataset/PAR/PAR_14_11.csv
cluster_dataset/PAR/PAR_28_0.csv
cluster_dataset/PAR/PAR_28_1.csv
cluster_dataset/PAR/PAR_28_2.csv
cluster_dataset/PAR/PAR_28_3.csv
cluster_dataset/PAR/PAR_28_4.csv
cluster_dataset/PAR/PAR_28_5.csv
cluster_dataset/PAR/PAR_28_6.csv
cluster_dataset/PAR/PAR_28_7.csv
cluster_dataset/PAR/PAR_28_8.csv
cluster_dataset/PAR/PAR_28_9.csv
cluster_dataset/PAR/PAR_28_10.csv
cluster_dataset/PAR/PAR_28_11.csv
cluster_dataset/PAR/PAR_31_0.csv
cluster_dataset/PAR/PAR_31_1.csv
cluster_dataset/PAR/PAR_31_2.csv
cluster_dataset/PAR/PAR_31_3.csv
cluster_dataset/PAR/PAR_31_4.csv
cluster_dataset/PAR/PAR_31_5.csv
cluster_dataset/PAR/PAR_31_6.csv
cluster_dataset/PAR/PAR_31_7.csv
cluster_dataset/PAR/PAR_31_8.csv
cluster_dataset/PAR/PAR_31_9.csv
cluster_dataset/PAR/PAR_31_10.csv
cluster_dataset/PAR/PAR_31_11.csv
cluster_dataset/PAR/PAR_12_0.csv
cluster_dataset/PAR/PAR_12_1.csv
cluster_dataset/PAR/PAR_12_2.csv
cluster_dataset/PAR/PAR_12_3.csv
cluster_dataset/PAR/PAR_12_4.csv
cluster_dataset/PAR/PAR_12_5.csv
cluster_dataset/PAR/PAR_12_6.csv
cluster_dataset/PAR/PAR_12_7.csv
cluster_dataset/PAR/PAR_12_8.csv
cluster_dataset/PAR/PAR_12_9.csv
cluster_dataset/PAR/PAR_12_10.csv
cluster_dataset/PAR/PAR_12_11.csv
cluster_dataset/PAR/PAR_29_0.csv
cluster_dataset/PAR/PAR_29_1.csv
cluster_dataset/PAR/PAR_29_2.csv
cluster_dataset/PAR/PAR_29_3.csv
cluster_dataset/PAR/PAR_29_4.csv
cluster_dataset/PAR/PAR_29_5.csv
cluster_dataset/PAR/PAR_29_6.csv
cluster_dataset/PAR/PAR_29_7.csv
cluster_dataset/PAR/PAR_29_8.csv
cluster_dataset/PAR/PAR_29_9.csv
cluster_dataset/PAR/PAR_29_10.csv
cluster_dataset/PAR/PAR_29_11.csv
cluster_dataset/PAR/PAR_30_0.csv
cluster_dataset/PAR/PAR_30_1.csv
cluster_dataset/PAR/PAR_30_2.csv
cluster_dataset/PAR/PAR_30_3.csv
cluster_dataset/PAR/PAR_30_4.csv
cluster_dataset/PAR/PAR_30_5.csv
cluster_dataset/PAR/PAR_30_6.csv
cluster_dataset/PAR/PAR_30_7.csv
cluster_dataset/PAR/PAR_30_8.csv
cluster_dataset/PAR/PAR_30_9.csv
cluster_dataset/PAR/PAR_30_10.csv
cluster_dataset/PAR/PAR_30_11.csv
cluster_dataset/WEN/WEN_19_0.csv
cluster_dataset/WEN/WEN_19_1.csv
cluster_dataset/WEN/WEN_19_2.csv
cluster_dataset/WEN/WEN_19_3.csv
cluster_dataset/WEN/WEN_19_4.csv
cluster_dataset/WEN/WEN_19_5.csv
no file cluster_dataset/WEN/WEN_19_6.csv
no file cluster_dataset/WEN/WEN_19_7.csv
no file cluster_dataset/WEN/WEN_19_8.csv
no file cluster_dataset/WEN/WEN_19_9.csv
no file cluster_dataset/WEN/WEN_19_10.csv
no file cluster_dataset/WEN/WEN_19_11.csv
cluster_dataset/WEN/WEN_18_0.csv
cluster_dataset/WEN/WEN_18_1.csv
cluster_dataset/WEN/WEN_18_2.csv
cluster_dataset/WEN/WEN_18_3.csv
cluster_dataset/WEN/WEN_18_4.csv
cluster_dataset/WEN/WEN_18_5.csv
no file cluster_dataset/WEN/WEN_18_6.csv
no file cluster_dataset/WEN/WEN_18_7.csv
no file cluster_dataset/WEN/WEN_18_8.csv
no file cluster_dataset/WEN/WEN_18_9.csv
no file cluster_dataset/WEN/WEN_18_10.csv
no file cluster_dataset/WEN/WEN_18_11.csv
