cluster_dataset/ABW/ABW_3_0.csv
cluster_dataset/ABW/ABW_0_0.csv
cluster_dataset/ABW/ABW_1_0.csv
cluster_dataset/ABW/ABW_2_0.csv
cluster_dataset/ABW/ABW_6_0.csv
cluster_dataset/ABW/ABW_5_0.csv
cluster_dataset/ABW/ABW_7_0.csv
cluster_dataset/ABW/ABW_4_0.csv
cluster_dataset/ACO/ACO_10_0.csv
cluster_dataset/ACO/ACO_2_0.csv
cluster_dataset/ACO/ACO_13_0.csv
cluster_dataset/ACO/ACO_11_0.csv
cluster_dataset/ACO/ACO_5_0.csv
cluster_dataset/ACO/ACO_15_0.csv
cluster_dataset/ACO/ACO_4_0.csv
cluster_dataset/ACO/ACO_14_0.csv
cluster_dataset/ACO/ACO_8_0.csv
cluster_dataset/ACO/ACO_0_0.csv
cluster_dataset/ACO/ACO_6_0.csv
cluster_dataset/ACO/ACO_3_0.csv
cluster_dataset/ACO/ACO_1_0.csv
cluster_dataset/ACO/ACO_12_0.csv
cluster_dataset/ACO/ACO_7_0.csv
cluster_dataset/ACO/ACO_9_0.csv
cluster_dataset/AFI/AFI_13_0.csv
cluster_dataset/AFI/AFI_5_0.csv
cluster_dataset/AFI/AFI_10_0.csv
cluster_dataset/AFI/AFI_23_0.csv
cluster_dataset/AFI/AFI_2_0.csv
cluster_dataset/AFI/AFI_11_0.csv
cluster_dataset/AFI/AFI_0_0.csv
cluster_dataset/AFI/AFI_9_0.csv
cluster_dataset/AFI/AFI_6_0.csv
cluster_dataset/AFI/AFI_19_0.csv
cluster_dataset/AFI/AFI_14_0.csv
cluster_dataset/AFI/AFI_21_0.csv
cluster_dataset/AFI/AFI_1_0.csv
cluster_dataset/AFI/AFI_12_0.csv
cluster_dataset/AFI/AFI_17_0.csv
cluster_dataset/AFI/AFI_15_0.csv
cluster_dataset/AFI/AFI_3_0.csv
cluster_dataset/AFI/AFI_4_0.csv
cluster_dataset/AFI/AFI_22_0.csv
cluster_dataset/AFI/AFI_20_0.csv
cluster_dataset/AFI/AFI_16_0.csv
cluster_dataset/AFI/AFI_18_0.csv
cluster_dataset/AFI/AFI_8_0.csv
cluster_dataset/AFI/AFI_7_0.csv
cluster_dataset/AFN/AFN_23_0.csv
cluster_dataset/AFN/AFN_18_0.csv
cluster_dataset/AFN/AFN_17_0.csv
cluster_dataset/AFN/AFN_12_0.csv
cluster_dataset/AFN/AFN_10_0.csv
cluster_dataset/AFN/AFN_9_0.csv
cluster_dataset/AFN/AFN_15_0.csv
cluster_dataset/AFN/AFN_21_0.csv
cluster_dataset/AFN/AFN_20_0.csv
cluster_dataset/AFN/AFN_14_0.csv
cluster_dataset/AFN/AFN_4_0.csv
cluster_dataset/AFN/AFN_13_0.csv
cluster_dataset/AFN/AFN_27_0.csv
cluster_dataset/AFN/AFN_30_0.csv
cluster_dataset/AFN/AFN_26_0.csv
cluster_dataset/AFN/AFN_31_0.csv
cluster_dataset/AFN/AFN_7_0.csv
cluster_dataset/AFN/AFN_24_0.csv
cluster_dataset/AFN/AFN_29_0.csv
cluster_dataset/AFN/AFN_11_0.csv
cluster_dataset/AFN/AFN_16_0.csv
cluster_dataset/AFN/AFN_28_0.csv
cluster_dataset/AFN/AFN_1_0.csv
cluster_dataset/AFN/AFN_25_0.csv
cluster_dataset/AFN/AFN_6_0.csv
cluster_dataset/AFN/AFN_8_0.csv
cluster_dataset/AFN/AFN_0_0.csv
cluster_dataset/AFN/AFN_19_0.csv
cluster_dataset/AFN/AFN_3_0.csv
cluster_dataset/AFN/AFN_2_0.csv
cluster_dataset/AFN/AFN_22_0.csv
cluster_dataset/AFN/AFN_5_0.csv
cluster_dataset/AFR/AFR_30_0.csv
cluster_dataset/AFR/AFR_0_0.csv
cluster_dataset/AFR/AFR_26_0.csv
cluster_dataset/AFR/AFR_23_0.csv
cluster_dataset/AFR/AFR_1_0.csv
cluster_dataset/AFR/AFR_25_0.csv
cluster_dataset/AFR/AFR_6_0.csv
cluster_dataset/AFR/AFR_22_0.csv
cluster_dataset/AFR/AFR_17_0.csv
cluster_dataset/AFR/AFR_16_0.csv
cluster_dataset/AFR/AFR_5_0.csv
cluster_dataset/AFR/AFR_27_0.csv
cluster_dataset/AFR/AFR_20_0.csv
cluster_dataset/AFR/AFR_24_0.csv
cluster_dataset/AFR/AFR_18_0.csv
cluster_dataset/AFR/AFR_19_0.csv
cluster_dataset/AFR/AFR_7_0.csv
cluster_dataset/AFR/AFR_10_0.csv
cluster_dataset/AFR/AFR_29_0.csv
cluster_dataset/AFR/AFR_8_0.csv
cluster_dataset/AFR/AFR_9_0.csv
cluster_dataset/AFR/AFR_13_0.csv
cluster_dataset/AFR/AFR_28_0.csv
cluster_dataset/AFR/AFR_31_0.csv
cluster_dataset/AFR/AFR_21_0.csv
cluster_dataset/AFR/AFR_15_0.csv
cluster_dataset/AFR/AFR_2_0.csv
cluster_dataset/AFR/AFR_14_0.csv
cluster_dataset/AFR/AFR_11_0.csv
cluster_dataset/AFR/AFR_4_0.csv
cluster_dataset/AFR/AFR_12_0.csv
cluster_dataset/AFR/AFR_3_0.csv
cluster_dataset/AFV/AFV_15_0.csv
cluster_dataset/AFV/AFV_17_0.csv
cluster_dataset/AFV/AFV_6_0.csv
cluster_dataset/AFV/AFV_29_0.csv
cluster_dataset/AFV/AFV_19_0.csv
cluster_dataset/AFV/AFV_0_0.csv
cluster_dataset/AFV/AFV_25_0.csv
cluster_dataset/AFV/AFV_11_0.csv
cluster_dataset/AFV/AFV_1_0.csv
cluster_dataset/AFV/AFV_24_0.csv
cluster_dataset/AFV/AFV_23_0.csv
cluster_dataset/AFV/AFV_28_0.csv
cluster_dataset/AFV/AFV_7_0.csv
cluster_dataset/AFV/AFV_16_0.csv
cluster_dataset/AFV/AFV_14_0.csv
cluster_dataset/AFV/AFV_8_0.csv
cluster_dataset/AFV/AFV_12_0.csv
cluster_dataset/AFV/AFV_22_0.csv
cluster_dataset/AFV/AFV_18_0.csv
cluster_dataset/AFV/AFV_9_0.csv
cluster_dataset/AFV/AFV_3_0.csv
cluster_dataset/AFV/AFV_27_0.csv
cluster_dataset/AFV/AFV_5_0.csv
cluster_dataset/AFV/AFV_26_0.csv
cluster_dataset/AFV/AFV_13_0.csv
cluster_dataset/AFV/AFV_21_0.csv
cluster_dataset/AFV/AFV_20_0.csv
cluster_dataset/AFV/AFV_4_0.csv
cluster_dataset/AFV/AFV_2_0.csv
cluster_dataset/AFV/AFV_10_0.csv
cluster_dataset/AFY/AFY_15_0.csv
cluster_dataset/AFY/AFY_5_0.csv
cluster_dataset/AFY/AFY_9_0.csv
cluster_dataset/AFY/AFY_12_0.csv
cluster_dataset/AFY/AFY_3_0.csv
cluster_dataset/AFY/AFY_13_0.csv
cluster_dataset/AFY/AFY_8_0.csv
cluster_dataset/AFY/AFY_1_0.csv
cluster_dataset/AFY/AFY_2_0.csv
cluster_dataset/AFY/AFY_7_0.csv
cluster_dataset/AFY/AFY_14_0.csv
cluster_dataset/AFY/AFY_11_0.csv
cluster_dataset/AFY/AFY_6_0.csv
cluster_dataset/AFY/AFY_0_0.csv
cluster_dataset/AFY/AFY_10_0.csv
cluster_dataset/AFY/AFY_4_0.csv
cluster_dataset/AHT/AHT_19_0.csv
cluster_dataset/AHT/AHT_1_0.csv
cluster_dataset/AHT/AHT_16_0.csv
cluster_dataset/AHT/AHT_11_0.csv
cluster_dataset/AHT/AHT_18_0.csv
cluster_dataset/AHT/AHT_8_0.csv
cluster_dataset/AHT/AHT_4_0.csv
cluster_dataset/AHT/AHT_12_0.csv
cluster_dataset/AHT/AHT_14_0.csv
cluster_dataset/AHT/AHT_21_0.csv
cluster_dataset/AHT/AHT_10_0.csv
cluster_dataset/AHT/AHT_6_0.csv
cluster_dataset/AHT/AHT_23_0.csv
cluster_dataset/AHT/AHT_7_0.csv
cluster_dataset/AHT/AHT_15_0.csv
cluster_dataset/AHT/AHT_13_0.csv
cluster_dataset/AHT/AHT_5_0.csv
cluster_dataset/AHT/AHT_3_0.csv
cluster_dataset/AHT/AHT_0_0.csv
cluster_dataset/AHT/AHT_9_0.csv
cluster_dataset/AHT/AHT_2_0.csv
cluster_dataset/AHT/AHT_22_0.csv
cluster_dataset/AHT/AHT_20_0.csv
cluster_dataset/AHT/AHT_17_0.csv
cluster_dataset/APC/APC_0_0.csv
cluster_dataset/APC/APC_15_0.csv
cluster_dataset/APC/APC_26_0.csv
cluster_dataset/APC/APC_22_0.csv
cluster_dataset/APC/APC_21_0.csv
cluster_dataset/APC/APC_25_0.csv
cluster_dataset/APC/APC_7_0.csv
cluster_dataset/APC/APC_11_0.csv
cluster_dataset/APC/APC_17_0.csv
cluster_dataset/APC/APC_1_0.csv
cluster_dataset/APC/APC_18_0.csv
cluster_dataset/APC/APC_14_0.csv
cluster_dataset/APC/APC_5_0.csv
cluster_dataset/APC/APC_10_0.csv
cluster_dataset/APC/APC_2_0.csv
cluster_dataset/APC/APC_27_0.csv
cluster_dataset/APC/APC_30_0.csv
cluster_dataset/APC/APC_16_0.csv
cluster_dataset/APC/APC_12_0.csv
cluster_dataset/APC/APC_23_0.csv
cluster_dataset/APC/APC_29_0.csv
cluster_dataset/APC/APC_24_0.csv
cluster_dataset/APC/APC_4_0.csv
cluster_dataset/APC/APC_31_0.csv
cluster_dataset/APC/APC_20_0.csv
cluster_dataset/APC/APC_28_0.csv
cluster_dataset/APC/APC_19_0.csv
cluster_dataset/APC/APC_9_0.csv
cluster_dataset/APC/APC_6_0.csv
cluster_dataset/APC/APC_3_0.csv
cluster_dataset/APC/APC_13_0.csv
cluster_dataset/APC/APC_8_0.csv
cluster_dataset/APD/APD_7_0.csv
cluster_dataset/APD/APD_26_0.csv
cluster_dataset/APD/APD_4_0.csv
cluster_dataset/APD/APD_8_0.csv
cluster_dataset/APD/APD_27_0.csv
cluster_dataset/APD/APD_10_0.csv
cluster_dataset/APD/APD_11_0.csv
cluster_dataset/APD/APD_14_0.csv
cluster_dataset/APD/APD_31_0.csv
cluster_dataset/APD/APD_18_0.csv
cluster_dataset/APD/APD_3_0.csv
cluster_dataset/APD/APD_30_0.csv
cluster_dataset/APD/APD_5_0.csv
cluster_dataset/APD/APD_12_0.csv
cluster_dataset/APD/APD_29_0.csv
cluster_dataset/APD/APD_6_0.csv
cluster_dataset/APD/APD_19_0.csv
cluster_dataset/APD/APD_28_0.csv
cluster_dataset/APD/APD_17_0.csv
cluster_dataset/APD/APD_25_0.csv
cluster_dataset/APD/APD_16_0.csv
cluster_dataset/APD/APD_21_0.csv
cluster_dataset/APD/APD_2_0.csv
cluster_dataset/APD/APD_20_0.csv
cluster_dataset/APD/APD_13_0.csv
cluster_dataset/APD/APD_1_0.csv
cluster_dataset/APD/APD_24_0.csv
cluster_dataset/APD/APD_23_0.csv
cluster_dataset/APD/APD_22_0.csv
cluster_dataset/APD/APD_0_0.csv
cluster_dataset/APD/APD_9_0.csv
cluster_dataset/APD/APD_15_0.csv
cluster_dataset/ASV/ASV_2_0.csv
cluster_dataset/ASV/ASV_12_0.csv
cluster_dataset/ASV/ASV_16_0.csv
cluster_dataset/ASV/ASV_11_0.csv
cluster_dataset/ASV/ASV_18_0.csv
cluster_dataset/ASV/ASV_19_0.csv
cluster_dataset/ASV/ASV_13_0.csv
cluster_dataset/ASV/ASV_6_0.csv
cluster_dataset/ASV/ASV_17_0.csv
cluster_dataset/ASV/ASV_1_0.csv
cluster_dataset/ASV/ASV_14_0.csv
cluster_dataset/ASV/ASV_3_0.csv
cluster_dataset/ASV/ASV_4_0.csv
cluster_dataset/ASV/ASV_5_0.csv
cluster_dataset/ASV/ASV_7_0.csv
cluster_dataset/ASV/ASV_10_0.csv
cluster_dataset/ASV/ASV_0_0.csv
cluster_dataset/ASV/ASV_15_0.csv
cluster_dataset/ASV/ASV_8_0.csv
cluster_dataset/ASV/ASV_9_0.csv
cluster_dataset/ATN/ATN_3_0.csv
cluster_dataset/ATN/ATN_4_0.csv
cluster_dataset/ATN/ATN_6_0.csv
cluster_dataset/ATN/ATN_15_0.csv
cluster_dataset/ATN/ATN_2_0.csv
cluster_dataset/ATN/ATN_7_0.csv
cluster_dataset/ATN/ATN_11_0.csv
cluster_dataset/ATN/ATN_0_0.csv
cluster_dataset/ATN/ATN_5_0.csv
cluster_dataset/ATN/ATN_1_0.csv
cluster_dataset/ATN/ATN_10_0.csv
cluster_dataset/ATN/ATN_14_0.csv
cluster_dataset/ATN/ATN_12_0.csv
cluster_dataset/ATN/ATN_13_0.csv
cluster_dataset/ATN/ATN_8_0.csv
cluster_dataset/ATN/ATN_9_0.csv
cluster_dataset/ATO/ATO_14_0.csv
cluster_dataset/ATO/ATO_26_0.csv
cluster_dataset/ATO/ATO_32_0.csv
cluster_dataset/ATO/ATO_3_0.csv
cluster_dataset/ATO/ATO_5_0.csv
cluster_dataset/ATO/ATO_33_0.csv
cluster_dataset/ATO/ATO_20_0.csv
cluster_dataset/ATO/ATO_34_0.csv
cluster_dataset/ATO/ATO_28_0.csv
cluster_dataset/ATO/ATO_27_0.csv
cluster_dataset/ATO/ATO_8_0.csv
cluster_dataset/ATO/ATO_16_0.csv
cluster_dataset/ATO/ATO_2_0.csv
cluster_dataset/ATO/ATO_35_0.csv
cluster_dataset/ATO/ATO_17_0.csv
cluster_dataset/ATO/ATO_19_0.csv
cluster_dataset/ATO/ATO_1_0.csv
cluster_dataset/ATO/ATO_15_0.csv
cluster_dataset/ATO/ATO_7_0.csv
cluster_dataset/ATO/ATO_6_0.csv
cluster_dataset/ATO/ATO_24_0.csv
cluster_dataset/ATO/ATO_31_0.csv
cluster_dataset/ATO/ATO_30_0.csv
cluster_dataset/ATO/ATO_23_0.csv
cluster_dataset/ATO/ATO_12_0.csv
cluster_dataset/ATO/ATO_11_0.csv
cluster_dataset/ATO/ATO_21_0.csv
cluster_dataset/ATO/ATO_29_0.csv
cluster_dataset/ATO/ATO_22_0.csv
cluster_dataset/ATO/ATO_0_0.csv
cluster_dataset/ATO/ATO_9_0.csv
cluster_dataset/ATO/ATO_4_0.csv
cluster_dataset/ATO/ATO_25_0.csv
cluster_dataset/ATO/ATO_10_0.csv
cluster_dataset/ATO/ATO_13_0.csv
cluster_dataset/ATO/ATO_18_0.csv
cluster_dataset/ATS/ATS_1_0.csv
cluster_dataset/ATS/ATS_23_0.csv
cluster_dataset/ATS/ATS_20_0.csv
cluster_dataset/ATS/ATS_10_0.csv
cluster_dataset/ATS/ATS_12_0.csv
cluster_dataset/ATS/ATS_2_0.csv
cluster_dataset/ATS/ATS_5_0.csv
cluster_dataset/ATS/ATS_7_0.csv
cluster_dataset/ATS/ATS_6_0.csv
cluster_dataset/ATS/ATS_19_0.csv
cluster_dataset/ATS/ATS_18_0.csv
cluster_dataset/ATS/ATS_17_0.csv
cluster_dataset/ATS/ATS_22_0.csv
cluster_dataset/ATS/ATS_14_0.csv
cluster_dataset/ATS/ATS_15_0.csv
cluster_dataset/ATS/ATS_21_0.csv
cluster_dataset/ATS/ATS_8_0.csv
cluster_dataset/ATS/ATS_13_0.csv
cluster_dataset/ATS/ATS_16_0.csv
cluster_dataset/ATS/ATS_3_0.csv
cluster_dataset/ATS/ATS_9_0.csv
cluster_dataset/ATS/ATS_4_0.csv
cluster_dataset/ATS/ATS_11_0.csv
cluster_dataset/ATS/ATS_0_0.csv
cluster_dataset/ATT/ATT_1_0.csv
cluster_dataset/ATT/ATT_5_0.csv
cluster_dataset/ATT/ATT_11_0.csv
cluster_dataset/ATT/ATT_6_0.csv
cluster_dataset/ATT/ATT_4_0.csv
cluster_dataset/ATT/ATT_9_0.csv
cluster_dataset/ATT/ATT_8_0.csv
cluster_dataset/ATT/ATT_2_0.csv
cluster_dataset/ATT/ATT_3_0.csv
cluster_dataset/ATT/ATT_0_0.csv
cluster_dataset/ATT/ATT_10_0.csv
cluster_dataset/ATT/ATT_7_0.csv
cluster_dataset/ATV/ATV_8_0.csv
cluster_dataset/ATV/ATV_12_0.csv
cluster_dataset/ATV/ATV_3_0.csv
cluster_dataset/ATV/ATV_18_0.csv
cluster_dataset/ATV/ATV_17_0.csv
cluster_dataset/ATV/ATV_11_0.csv
cluster_dataset/ATV/ATV_1_0.csv
cluster_dataset/ATV/ATV_7_0.csv
cluster_dataset/ATV/ATV_2_0.csv
cluster_dataset/ATV/ATV_5_0.csv
cluster_dataset/ATV/ATV_0_0.csv
cluster_dataset/ATV/ATV_19_0.csv
cluster_dataset/ATV/ATV_10_0.csv
cluster_dataset/ATV/ATV_20_0.csv
cluster_dataset/ATV/ATV_15_0.csv
cluster_dataset/ATV/ATV_22_0.csv
cluster_dataset/ATV/ATV_14_0.csv
cluster_dataset/ATV/ATV_21_0.csv
cluster_dataset/ATV/ATV_13_0.csv
cluster_dataset/ATV/ATV_6_0.csv
cluster_dataset/ATV/ATV_4_0.csv
cluster_dataset/ATV/ATV_9_0.csv
cluster_dataset/ATV/ATV_16_0.csv
cluster_dataset/ATV/ATV_23_0.csv
cluster_dataset/AWW/AWW_5_0.csv
cluster_dataset/AWW/AWW_8_0.csv
cluster_dataset/AWW/AWW_1_0.csv
cluster_dataset/AWW/AWW_19_0.csv
cluster_dataset/AWW/AWW_12_0.csv
cluster_dataset/AWW/AWW_15_0.csv
cluster_dataset/AWW/AWW_16_0.csv
cluster_dataset/AWW/AWW_13_0.csv
cluster_dataset/AWW/AWW_20_0.csv
cluster_dataset/AWW/AWW_4_0.csv
cluster_dataset/AWW/AWW_10_0.csv
cluster_dataset/AWW/AWW_22_0.csv
cluster_dataset/AWW/AWW_18_0.csv
cluster_dataset/AWW/AWW_23_0.csv
cluster_dataset/AWW/AWW_17_0.csv
cluster_dataset/AWW/AWW_3_0.csv
cluster_dataset/AWW/AWW_0_0.csv
cluster_dataset/AWW/AWW_21_0.csv
cluster_dataset/AWW/AWW_9_0.csv
cluster_dataset/AWW/AWW_2_0.csv
cluster_dataset/AWW/AWW_11_0.csv
cluster_dataset/AWW/AWW_14_0.csv
cluster_dataset/AWW/AWW_7_0.csv
cluster_dataset/AWW/AWW_6_0.csv
cluster_dataset/BCT/BCT_2_0.csv
cluster_dataset/BCT/BCT_0_0.csv
cluster_dataset/BCT/BCT_4_0.csv
cluster_dataset/BCT/BCT_1_0.csv
cluster_dataset/BCT/BCT_7_0.csv
cluster_dataset/BCT/BCT_5_0.csv
cluster_dataset/BCT/BCT_6_0.csv
cluster_dataset/BCT/BCT_3_0.csv
cluster_dataset/BEC/BEC_21_0.csv
cluster_dataset/BEC/BEC_7_0.csv
cluster_dataset/BEC/BEC_17_0.csv
cluster_dataset/BEC/BEC_23_0.csv
cluster_dataset/BEC/BEC_12_0.csv
cluster_dataset/BEC/BEC_5_0.csv
cluster_dataset/BEC/BEC_11_0.csv
cluster_dataset/BEC/BEC_19_0.csv
cluster_dataset/BEC/BEC_0_0.csv
cluster_dataset/BEC/BEC_10_0.csv
cluster_dataset/BEC/BEC_24_0.csv
cluster_dataset/BEC/BEC_25_0.csv
cluster_dataset/BEC/BEC_6_0.csv
cluster_dataset/BEC/BEC_15_0.csv
cluster_dataset/BEC/BEC_1_0.csv
cluster_dataset/BEC/BEC_22_0.csv
cluster_dataset/BEC/BEC_8_0.csv
cluster_dataset/BEC/BEC_14_0.csv
cluster_dataset/BEC/BEC_31_0.csv
cluster_dataset/BEC/BEC_4_0.csv
cluster_dataset/BEC/BEC_29_0.csv
cluster_dataset/BEC/BEC_30_0.csv
cluster_dataset/BEC/BEC_13_0.csv
cluster_dataset/BEC/BEC_27_0.csv
cluster_dataset/BEC/BEC_16_0.csv
cluster_dataset/BEC/BEC_18_0.csv
cluster_dataset/BEC/BEC_26_0.csv
cluster_dataset/BEC/BEC_28_0.csv
cluster_dataset/BEC/BEC_2_0.csv
cluster_dataset/BEC/BEC_3_0.csv
cluster_dataset/BEC/BEC_20_0.csv
cluster_dataset/BEC/BEC_9_0.csv
cluster_dataset/BIK/BIK_8_0.csv
cluster_dataset/BIK/BIK_2_0.csv
cluster_dataset/BIK/BIK_7_0.csv
cluster_dataset/BIK/BIK_4_0.csv
cluster_dataset/BIK/BIK_10_0.csv
cluster_dataset/BIK/BIK_0_0.csv
cluster_dataset/BIK/BIK_1_0.csv
cluster_dataset/BIK/BIK_9_0.csv
cluster_dataset/BIK/BIK_11_0.csv
cluster_dataset/BIK/BIK_6_0.csv
cluster_dataset/BIK/BIK_3_0.csv
cluster_dataset/BIK/BIK_5_0.csv
cluster_dataset/BOF/BOF_22_0.csv
cluster_dataset/BOF/BOF_7_0.csv
cluster_dataset/BOF/BOF_0_0.csv
cluster_dataset/BOF/BOF_8_0.csv
cluster_dataset/BOF/BOF_17_0.csv
cluster_dataset/BOF/BOF_5_0.csv
cluster_dataset/BOF/BOF_21_0.csv
cluster_dataset/BOF/BOF_9_0.csv
cluster_dataset/BOF/BOF_23_0.csv
cluster_dataset/BOF/BOF_10_0.csv
cluster_dataset/BOF/BOF_13_0.csv
cluster_dataset/BOF/BOF_1_0.csv
cluster_dataset/BOF/BOF_12_0.csv
cluster_dataset/BOF/BOF_2_0.csv
cluster_dataset/BOF/BOF_18_0.csv
cluster_dataset/BOF/BOF_11_0.csv
cluster_dataset/BOF/BOF_14_0.csv
cluster_dataset/BOF/BOF_3_0.csv
cluster_dataset/BOF/BOF_4_0.csv
cluster_dataset/BOF/BOF_15_0.csv
cluster_dataset/BOF/BOF_19_0.csv
cluster_dataset/BOF/BOF_6_0.csv
cluster_dataset/BOF/BOF_20_0.csv
cluster_dataset/BOF/BOF_16_0.csv
cluster_dataset/BPH/BPH_22_0.csv
cluster_dataset/BPH/BPH_16_0.csv
cluster_dataset/BPH/BPH_18_0.csv
cluster_dataset/BPH/BPH_14_0.csv
cluster_dataset/BPH/BPH_11_0.csv
cluster_dataset/BPH/BPH_5_0.csv
cluster_dataset/BPH/BPH_6_0.csv
cluster_dataset/BPH/BPH_7_0.csv
cluster_dataset/BPH/BPH_13_0.csv
cluster_dataset/BPH/BPH_21_0.csv
cluster_dataset/BPH/BPH_19_0.csv
cluster_dataset/BPH/BPH_17_0.csv
cluster_dataset/BPH/BPH_26_0.csv
cluster_dataset/BPH/BPH_20_0.csv
cluster_dataset/BPH/BPH_4_0.csv
cluster_dataset/BPH/BPH_8_0.csv
cluster_dataset/BPH/BPH_1_0.csv
cluster_dataset/BPH/BPH_24_0.csv
cluster_dataset/BPH/BPH_0_0.csv
cluster_dataset/BPH/BPH_9_0.csv
cluster_dataset/BPH/BPH_25_0.csv
cluster_dataset/BPH/BPH_12_0.csv
cluster_dataset/BPH/BPH_23_0.csv
cluster_dataset/BPH/BPH_15_0.csv
cluster_dataset/BPH/BPH_2_0.csv
cluster_dataset/BPH/BPH_10_0.csv
cluster_dataset/BPH/BPH_3_0.csv
cluster_dataset/BPH/BPH_27_0.csv
cluster_dataset/BRE/BRE_6_0.csv
cluster_dataset/BRE/BRE_3_0.csv
cluster_dataset/BRE/BRE_0_0.csv
cluster_dataset/BRE/BRE_12_0.csv
cluster_dataset/BRE/BRE_2_0.csv
cluster_dataset/BRE/BRE_14_0.csv
cluster_dataset/BRE/BRE_5_0.csv
cluster_dataset/BRE/BRE_7_0.csv
cluster_dataset/BRE/BRE_10_0.csv
cluster_dataset/BRE/BRE_9_0.csv
cluster_dataset/BRE/BRE_15_0.csv
cluster_dataset/BRE/BRE_8_0.csv
cluster_dataset/BRE/BRE_13_0.csv
cluster_dataset/BRE/BRE_1_0.csv
cluster_dataset/BRE/BRE_11_0.csv
cluster_dataset/BRE/BRE_4_0.csv
cluster_dataset/CAN/CAN_10_0.csv
cluster_dataset/CAN/CAN_6_0.csv
cluster_dataset/CAN/CAN_11_0.csv
cluster_dataset/CAN/CAN_9_0.csv
cluster_dataset/CAN/CAN_5_0.csv
cluster_dataset/CAN/CAN_2_0.csv
cluster_dataset/CAN/CAN_4_0.csv
cluster_dataset/CAN/CAN_0_0.csv
cluster_dataset/CAN/CAN_8_0.csv
cluster_dataset/CAN/CAN_7_0.csv
cluster_dataset/CAN/CAN_3_0.csv
cluster_dataset/CAN/CAN_1_0.csv
cluster_dataset/CAS/CAS_5_0.csv
cluster_dataset/CAS/CAS_8_0.csv
cluster_dataset/CAS/CAS_7_0.csv
cluster_dataset/CAS/CAS_1_0.csv
cluster_dataset/CAS/CAS_0_0.csv
cluster_dataset/CAS/CAS_14_0.csv
cluster_dataset/CAS/CAS_15_0.csv
cluster_dataset/CAS/CAS_18_0.csv
cluster_dataset/CAS/CAS_4_0.csv
cluster_dataset/CAS/CAS_22_0.csv
cluster_dataset/CAS/CAS_10_0.csv
cluster_dataset/CAS/CAS_23_0.csv
cluster_dataset/CAS/CAS_16_0.csv
cluster_dataset/CAS/CAS_9_0.csv
cluster_dataset/CAS/CAS_3_0.csv
cluster_dataset/CAS/CAS_12_0.csv
cluster_dataset/CAS/CAS_17_0.csv
cluster_dataset/CAS/CAS_13_0.csv
cluster_dataset/CAS/CAS_2_0.csv
cluster_dataset/CAS/CAS_6_0.csv
cluster_dataset/CAS/CAS_21_0.csv
cluster_dataset/CAS/CAS_11_0.csv
cluster_dataset/CAS/CAS_19_0.csv
cluster_dataset/CAS/CAS_20_0.csv
cluster_dataset/CDO/CDO_27_0.csv
cluster_dataset/CDO/CDO_26_0.csv
cluster_dataset/CDO/CDO_0_0.csv
cluster_dataset/CDO/CDO_1_0.csv
cluster_dataset/CDO/CDO_30_0.csv
cluster_dataset/CDO/CDO_34_0.csv
cluster_dataset/CDO/CDO_21_0.csv
cluster_dataset/CDO/CDO_11_0.csv
cluster_dataset/CDO/CDO_15_0.csv
cluster_dataset/CDO/CDO_7_0.csv
cluster_dataset/CDO/CDO_6_0.csv
cluster_dataset/CDO/CDO_3_0.csv
cluster_dataset/CDO/CDO_13_0.csv
cluster_dataset/CDO/CDO_23_0.csv
cluster_dataset/CDO/CDO_5_0.csv
cluster_dataset/CDO/CDO_16_0.csv
cluster_dataset/CDO/CDO_17_0.csv
cluster_dataset/CDO/CDO_18_0.csv
cluster_dataset/CDO/CDO_35_0.csv
cluster_dataset/CDO/CDO_9_0.csv
cluster_dataset/CDO/CDO_25_0.csv
cluster_dataset/CDO/CDO_10_0.csv
cluster_dataset/CDO/CDO_19_0.csv
cluster_dataset/CDO/CDO_2_0.csv
cluster_dataset/CDO/CDO_28_0.csv
cluster_dataset/CDO/CDO_31_0.csv
cluster_dataset/CDO/CDO_4_0.csv
cluster_dataset/CDO/CDO_8_0.csv
cluster_dataset/CDO/CDO_32_0.csv
cluster_dataset/CDO/CDO_33_0.csv
cluster_dataset/CDO/CDO_14_0.csv
cluster_dataset/CDO/CDO_22_0.csv
cluster_dataset/CDO/CDO_29_0.csv
cluster_dataset/CDO/CDO_20_0.csv
cluster_dataset/CDO/CDO_24_0.csv
cluster_dataset/CDO/CDO_12_0.csv
cluster_dataset/CFI/CFI_8_0.csv
cluster_dataset/CFI/CFI_19_0.csv
cluster_dataset/CFI/CFI_14_0.csv
cluster_dataset/CFI/CFI_9_0.csv
cluster_dataset/CFI/CFI_25_0.csv
cluster_dataset/CFI/CFI_29_0.csv
cluster_dataset/CFI/CFI_11_0.csv
cluster_dataset/CFI/CFI_20_0.csv
cluster_dataset/CFI/CFI_24_0.csv
cluster_dataset/CFI/CFI_10_0.csv
cluster_dataset/CFI/CFI_18_0.csv
cluster_dataset/CFI/CFI_21_0.csv
cluster_dataset/CFI/CFI_0_0.csv
cluster_dataset/CFI/CFI_30_0.csv
cluster_dataset/CFI/CFI_5_0.csv
cluster_dataset/CFI/CFI_3_0.csv
cluster_dataset/CFI/CFI_2_0.csv
cluster_dataset/CFI/CFI_6_0.csv
cluster_dataset/CFI/CFI_23_0.csv
cluster_dataset/CFI/CFI_16_0.csv
cluster_dataset/CFI/CFI_28_0.csv
cluster_dataset/CFI/CFI_27_0.csv
cluster_dataset/CFI/CFI_7_0.csv
cluster_dataset/CFI/CFI_12_0.csv
cluster_dataset/CFI/CFI_17_0.csv
cluster_dataset/CFI/CFI_26_0.csv
cluster_dataset/CFI/CFI_22_0.csv
cluster_dataset/CFI/CFI_31_0.csv
cluster_dataset/CFI/CFI_15_0.csv
cluster_dataset/CFI/CFI_4_0.csv
cluster_dataset/CFI/CFI_1_0.csv
cluster_dataset/CFI/CFI_13_0.csv
cluster_dataset/CGF/CGF_20_0.csv
cluster_dataset/CGF/CGF_6_0.csv
cluster_dataset/CGF/CGF_0_0.csv
cluster_dataset/CGF/CGF_3_0.csv
cluster_dataset/CGF/CGF_17_0.csv
cluster_dataset/CGF/CGF_4_0.csv
cluster_dataset/CGF/CGF_5_0.csv
cluster_dataset/CGF/CGF_12_0.csv
cluster_dataset/CGF/CGF_28_0.csv
cluster_dataset/CGF/CGF_30_0.csv
cluster_dataset/CGF/CGF_21_0.csv
cluster_dataset/CGF/CGF_9_0.csv
cluster_dataset/CGF/CGF_1_0.csv
cluster_dataset/CGF/CGF_24_0.csv
cluster_dataset/CGF/CGF_8_0.csv
cluster_dataset/CGF/CGF_7_0.csv
cluster_dataset/CGF/CGF_18_0.csv
cluster_dataset/CGF/CGF_16_0.csv
cluster_dataset/CGF/CGF_32_0.csv
cluster_dataset/CGF/CGF_31_0.csv
cluster_dataset/CGF/CGF_15_0.csv
cluster_dataset/CGF/CGF_25_0.csv
cluster_dataset/CGF/CGF_26_0.csv
cluster_dataset/CGF/CGF_11_0.csv
cluster_dataset/CGF/CGF_23_0.csv
cluster_dataset/CGF/CGF_35_0.csv
cluster_dataset/CGF/CGF_29_0.csv
cluster_dataset/CGF/CGF_19_0.csv
cluster_dataset/CGF/CGF_14_0.csv
cluster_dataset/CGF/CGF_10_0.csv
cluster_dataset/CGF/CGF_33_0.csv
cluster_dataset/CGF/CGF_2_0.csv
cluster_dataset/CGF/CGF_34_0.csv
cluster_dataset/CGF/CGF_13_0.csv
cluster_dataset/CGF/CGF_22_0.csv
cluster_dataset/CGF/CGF_27_0.csv
cluster_dataset/CGS/CGS_24_0.csv
cluster_dataset/CGS/CGS_17_0.csv
cluster_dataset/CGS/CGS_20_0.csv
cluster_dataset/CGS/CGS_30_0.csv
cluster_dataset/CGS/CGS_29_0.csv
cluster_dataset/CGS/CGS_16_0.csv
cluster_dataset/CGS/CGS_15_0.csv
cluster_dataset/CGS/CGS_6_0.csv
cluster_dataset/CGS/CGS_8_0.csv
cluster_dataset/CGS/CGS_31_0.csv
cluster_dataset/CGS/CGS_0_0.csv
cluster_dataset/CGS/CGS_28_0.csv
cluster_dataset/CGS/CGS_14_0.csv
cluster_dataset/CGS/CGS_2_0.csv
cluster_dataset/CGS/CGS_13_0.csv
cluster_dataset/CGS/CGS_25_0.csv
cluster_dataset/CGS/CGS_1_0.csv
cluster_dataset/CGS/CGS_23_0.csv
cluster_dataset/CGS/CGS_5_0.csv
cluster_dataset/CGS/CGS_11_0.csv
cluster_dataset/CGS/CGS_12_0.csv
cluster_dataset/CGS/CGS_27_0.csv
cluster_dataset/CGS/CGS_19_0.csv
cluster_dataset/CGS/CGS_9_0.csv
cluster_dataset/CGS/CGS_21_0.csv
cluster_dataset/CGS/CGS_18_0.csv
cluster_dataset/CGS/CGS_26_0.csv
cluster_dataset/CGS/CGS_3_0.csv
cluster_dataset/CGS/CGS_10_0.csv
cluster_dataset/CGS/CGS_4_0.csv
cluster_dataset/CGS/CGS_22_0.csv
cluster_dataset/CGS/CGS_7_0.csv
cluster_dataset/CHA/CHA_27_0.csv
cluster_dataset/CHA/CHA_10_0.csv
cluster_dataset/CHA/CHA_18_0.csv
cluster_dataset/CHA/CHA_31_0.csv
cluster_dataset/CHA/CHA_7_0.csv
cluster_dataset/CHA/CHA_4_0.csv
cluster_dataset/CHA/CHA_30_0.csv
cluster_dataset/CHA/CHA_29_0.csv
cluster_dataset/CHA/CHA_33_0.csv
cluster_dataset/CHA/CHA_13_0.csv
cluster_dataset/CHA/CHA_6_0.csv
cluster_dataset/CHA/CHA_17_0.csv
cluster_dataset/CHA/CHA_2_0.csv
cluster_dataset/CHA/CHA_12_0.csv
cluster_dataset/CHA/CHA_14_0.csv
cluster_dataset/CHA/CHA_35_0.csv
cluster_dataset/CHA/CHA_20_0.csv
cluster_dataset/CHA/CHA_9_0.csv
cluster_dataset/CHA/CHA_11_0.csv
cluster_dataset/CHA/CHA_1_0.csv
cluster_dataset/CHA/CHA_25_0.csv
cluster_dataset/CHA/CHA_28_0.csv
cluster_dataset/CHA/CHA_5_0.csv
cluster_dataset/CHA/CHA_24_0.csv
cluster_dataset/CHA/CHA_16_0.csv
cluster_dataset/CHA/CHA_0_0.csv
cluster_dataset/CHA/CHA_32_0.csv
cluster_dataset/CHA/CHA_15_0.csv
cluster_dataset/CHA/CHA_34_0.csv
cluster_dataset/CHA/CHA_19_0.csv
cluster_dataset/CHA/CHA_8_0.csv
cluster_dataset/CHA/CHA_22_0.csv
cluster_dataset/CHA/CHA_21_0.csv
cluster_dataset/CHA/CHA_26_0.csv
cluster_dataset/CHA/CHA_3_0.csv
cluster_dataset/CHA/CHA_23_0.csv
cluster_dataset/CHI/CHI_26_0.csv
cluster_dataset/CHI/CHI_8_0.csv
cluster_dataset/CHI/CHI_16_0.csv
cluster_dataset/CHI/CHI_4_0.csv
cluster_dataset/CHI/CHI_19_0.csv
cluster_dataset/CHI/CHI_23_0.csv
cluster_dataset/CHI/CHI_11_0.csv
cluster_dataset/CHI/CHI_14_0.csv
cluster_dataset/CHI/CHI_3_0.csv
cluster_dataset/CHI/CHI_18_0.csv
cluster_dataset/CHI/CHI_0_0.csv
cluster_dataset/CHI/CHI_12_0.csv
cluster_dataset/CHI/CHI_9_0.csv
cluster_dataset/CHI/CHI_5_0.csv
cluster_dataset/CHI/CHI_1_0.csv
cluster_dataset/CHI/CHI_17_0.csv
cluster_dataset/CHI/CHI_21_0.csv
cluster_dataset/CHI/CHI_25_0.csv
cluster_dataset/CHI/CHI_7_0.csv
cluster_dataset/CHI/CHI_24_0.csv
cluster_dataset/CHI/CHI_6_0.csv
cluster_dataset/CHI/CHI_27_0.csv
cluster_dataset/CHI/CHI_22_0.csv
cluster_dataset/CHI/CHI_10_0.csv
cluster_dataset/CHI/CHI_20_0.csv
cluster_dataset/CHI/CHI_15_0.csv
cluster_dataset/CHI/CHI_13_0.csv
cluster_dataset/CHI/CHI_2_0.csv
cluster_dataset/CSV/CSV_17_0.csv
cluster_dataset/CSV/CSV_14_0.csv
cluster_dataset/CSV/CSV_10_0.csv
cluster_dataset/CSV/CSV_2_0.csv
cluster_dataset/CSV/CSV_15_0.csv
cluster_dataset/CSV/CSV_13_0.csv
cluster_dataset/CSV/CSV_3_0.csv
cluster_dataset/CSV/CSV_16_0.csv
cluster_dataset/CSV/CSV_5_0.csv
cluster_dataset/CSV/CSV_11_0.csv
cluster_dataset/CSV/CSV_18_0.csv
cluster_dataset/CSV/CSV_19_0.csv
cluster_dataset/CSV/CSV_0_0.csv
cluster_dataset/CSV/CSV_8_0.csv
cluster_dataset/CSV/CSV_1_0.csv
cluster_dataset/CSV/CSV_9_0.csv
cluster_dataset/CSV/CSV_6_0.csv
cluster_dataset/CSV/CSV_4_0.csv
cluster_dataset/CSV/CSV_7_0.csv
cluster_dataset/CSV/CSV_12_0.csv
cluster_dataset/CZP/CZP_1_0.csv
cluster_dataset/CZP/CZP_22_0.csv
cluster_dataset/CZP/CZP_18_0.csv
cluster_dataset/CZP/CZP_19_0.csv
cluster_dataset/CZP/CZP_12_0.csv
cluster_dataset/CZP/CZP_11_0.csv
cluster_dataset/CZP/CZP_7_0.csv
cluster_dataset/CZP/CZP_4_0.csv
cluster_dataset/CZP/CZP_10_0.csv
cluster_dataset/CZP/CZP_23_0.csv
cluster_dataset/CZP/CZP_6_0.csv
cluster_dataset/CZP/CZP_8_0.csv
cluster_dataset/CZP/CZP_16_0.csv
cluster_dataset/CZP/CZP_2_0.csv
cluster_dataset/CZP/CZP_13_0.csv
cluster_dataset/CZP/CZP_9_0.csv
cluster_dataset/CZP/CZP_21_0.csv
cluster_dataset/CZP/CZP_20_0.csv
cluster_dataset/CZP/CZP_14_0.csv
cluster_dataset/CZP/CZP_5_0.csv
cluster_dataset/CZP/CZP_15_0.csv
cluster_dataset/CZP/CZP_0_0.csv
cluster_dataset/CZP/CZP_3_0.csv
cluster_dataset/CZP/CZP_17_0.csv
cluster_dataset/DAC/DAC_4_0.csv
cluster_dataset/DAC/DAC_6_0.csv
cluster_dataset/DAC/DAC_19_0.csv
cluster_dataset/DAC/DAC_13_0.csv
cluster_dataset/DAC/DAC_3_0.csv
cluster_dataset/DAC/DAC_0_0.csv
cluster_dataset/DAC/DAC_20_0.csv
cluster_dataset/DAC/DAC_21_0.csv
cluster_dataset/DAC/DAC_7_0.csv
cluster_dataset/DAC/DAC_22_0.csv
cluster_dataset/DAC/DAC_10_0.csv
cluster_dataset/DAC/DAC_17_0.csv
cluster_dataset/DAC/DAC_23_0.csv
cluster_dataset/DAC/DAC_1_0.csv
cluster_dataset/DAC/DAC_2_0.csv
cluster_dataset/DAC/DAC_8_0.csv
cluster_dataset/DAC/DAC_5_0.csv
cluster_dataset/DAC/DAC_14_0.csv
cluster_dataset/DAC/DAC_16_0.csv
cluster_dataset/DAC/DAC_15_0.csv
cluster_dataset/DAC/DAC_11_0.csv
cluster_dataset/DAC/DAC_12_0.csv
cluster_dataset/DAC/DAC_18_0.csv
cluster_dataset/DAC/DAC_9_0.csv
cluster_dataset/DFT/DFT_0_0.csv
cluster_dataset/DFT/DFT_1_0.csv
cluster_dataset/DFT/DFT_7_0.csv
cluster_dataset/DFT/DFT_6_0.csv
cluster_dataset/DFT/DFT_2_0.csv
cluster_dataset/DFT/DFT_3_0.csv
cluster_dataset/DFT/DFT_5_0.csv
cluster_dataset/DFT/DFT_4_0.csv
cluster_dataset/EAB/EAB_18_0.csv
cluster_dataset/EAB/EAB_13_0.csv
cluster_dataset/EAB/EAB_10_0.csv
cluster_dataset/EAB/EAB_0_0.csv
cluster_dataset/EAB/EAB_7_0.csv
cluster_dataset/EAB/EAB_8_0.csv
cluster_dataset/EAB/EAB_34_0.csv
cluster_dataset/EAB/EAB_35_0.csv
cluster_dataset/EAB/EAB_1_0.csv
cluster_dataset/EAB/EAB_19_0.csv
cluster_dataset/EAB/EAB_9_0.csv
cluster_dataset/EAB/EAB_20_0.csv
cluster_dataset/EAB/EAB_30_0.csv
cluster_dataset/EAB/EAB_22_0.csv
cluster_dataset/EAB/EAB_21_0.csv
cluster_dataset/EAB/EAB_33_0.csv
cluster_dataset/EAB/EAB_11_0.csv
cluster_dataset/EAB/EAB_14_0.csv
cluster_dataset/EAB/EAB_23_0.csv
cluster_dataset/EAB/EAB_24_0.csv
cluster_dataset/EAB/EAB_17_0.csv
cluster_dataset/EAB/EAB_31_0.csv
cluster_dataset/EAB/EAB_3_0.csv
cluster_dataset/EAB/EAB_29_0.csv
cluster_dataset/EAB/EAB_28_0.csv
cluster_dataset/EAB/EAB_26_0.csv
cluster_dataset/EAB/EAB_2_0.csv
cluster_dataset/EAB/EAB_15_0.csv
cluster_dataset/EAB/EAB_32_0.csv
cluster_dataset/EAB/EAB_27_0.csv
cluster_dataset/EAB/EAB_16_0.csv
cluster_dataset/EAB/EAB_6_0.csv
cluster_dataset/EAB/EAB_25_0.csv
cluster_dataset/EAB/EAB_5_0.csv
cluster_dataset/EAB/EAB_4_0.csv
cluster_dataset/EAB/EAB_12_0.csv
cluster_dataset/EDI/EDI_1_0.csv
cluster_dataset/EDI/EDI_2_0.csv
cluster_dataset/EDI/EDI_0_0.csv
cluster_dataset/EDI/EDI_4_0.csv
cluster_dataset/EDI/EDI_3_0.csv
cluster_dataset/EPI/EPI_0_0.csv
cluster_dataset/EPI/EPI_1_0.csv
cluster_dataset/EPI/EPI_13_0.csv
cluster_dataset/EPI/EPI_2_0.csv
cluster_dataset/EPI/EPI_23_0.csv
cluster_dataset/EPI/EPI_17_0.csv
cluster_dataset/EPI/EPI_11_0.csv
cluster_dataset/EPI/EPI_22_0.csv
cluster_dataset/EPI/EPI_8_0.csv
cluster_dataset/EPI/EPI_20_0.csv
cluster_dataset/EPI/EPI_15_0.csv
cluster_dataset/EPI/EPI_7_0.csv
cluster_dataset/EPI/EPI_16_0.csv
cluster_dataset/EPI/EPI_9_0.csv
cluster_dataset/EPI/EPI_21_0.csv
cluster_dataset/EPI/EPI_19_0.csv
cluster_dataset/EPI/EPI_12_0.csv
cluster_dataset/EPI/EPI_3_0.csv
cluster_dataset/EPI/EPI_18_0.csv
cluster_dataset/EPI/EPI_10_0.csv
cluster_dataset/EPI/EPI_4_0.csv
cluster_dataset/EPI/EPI_5_0.csv
cluster_dataset/EPI/EPI_14_0.csv
cluster_dataset/EPI/EPI_6_0.csv
cluster_dataset/ERI/ERI_11_0.csv
cluster_dataset/ERI/ERI_34_0.csv
cluster_dataset/ERI/ERI_3_0.csv
cluster_dataset/ERI/ERI_32_0.csv
cluster_dataset/ERI/ERI_35_0.csv
cluster_dataset/ERI/ERI_20_0.csv
cluster_dataset/ERI/ERI_19_0.csv
cluster_dataset/ERI/ERI_22_0.csv
cluster_dataset/ERI/ERI_12_0.csv
cluster_dataset/ERI/ERI_2_0.csv
cluster_dataset/ERI/ERI_23_0.csv
cluster_dataset/ERI/ERI_8_0.csv
cluster_dataset/ERI/ERI_30_0.csv
cluster_dataset/ERI/ERI_5_0.csv
cluster_dataset/ERI/ERI_18_0.csv
cluster_dataset/ERI/ERI_26_0.csv
cluster_dataset/ERI/ERI_27_0.csv
cluster_dataset/ERI/ERI_16_0.csv
cluster_dataset/ERI/ERI_4_0.csv
cluster_dataset/ERI/ERI_14_0.csv
cluster_dataset/ERI/ERI_29_0.csv
cluster_dataset/ERI/ERI_15_0.csv
cluster_dataset/ERI/ERI_17_0.csv
cluster_dataset/ERI/ERI_6_0.csv
cluster_dataset/ERI/ERI_0_0.csv
cluster_dataset/ERI/ERI_24_0.csv
cluster_dataset/ERI/ERI_21_0.csv
cluster_dataset/ERI/ERI_13_0.csv
cluster_dataset/ERI/ERI_28_0.csv
cluster_dataset/ERI/ERI_31_0.csv
cluster_dataset/ERI/ERI_33_0.csv
cluster_dataset/ERI/ERI_25_0.csv
cluster_dataset/ERI/ERI_7_0.csv
cluster_dataset/ERI/ERI_10_0.csv
cluster_dataset/ERI/ERI_1_0.csv
cluster_dataset/ERI/ERI_9_0.csv
cluster_dataset/FER/FER_25_0.csv
cluster_dataset/FER/FER_32_0.csv
cluster_dataset/FER/FER_14_0.csv
cluster_dataset/FER/FER_16_0.csv
cluster_dataset/FER/FER_20_0.csv
cluster_dataset/FER/FER_24_0.csv
cluster_dataset/FER/FER_7_0.csv
cluster_dataset/FER/FER_13_0.csv
cluster_dataset/FER/FER_15_0.csv
cluster_dataset/FER/FER_33_0.csv
cluster_dataset/FER/FER_22_0.csv
cluster_dataset/FER/FER_27_0.csv
cluster_dataset/FER/FER_28_0.csv
cluster_dataset/FER/FER_21_0.csv
cluster_dataset/FER/FER_23_0.csv
cluster_dataset/FER/FER_34_0.csv
cluster_dataset/FER/FER_1_0.csv
cluster_dataset/FER/FER_2_0.csv
cluster_dataset/FER/FER_0_0.csv
cluster_dataset/FER/FER_4_0.csv
cluster_dataset/FER/FER_3_0.csv
cluster_dataset/FER/FER_12_0.csv
cluster_dataset/FER/FER_5_0.csv
cluster_dataset/FER/FER_9_0.csv
cluster_dataset/FER/FER_30_0.csv
cluster_dataset/FER/FER_10_0.csv
cluster_dataset/FER/FER_17_0.csv
cluster_dataset/FER/FER_18_0.csv
cluster_dataset/FER/FER_19_0.csv
cluster_dataset/FER/FER_31_0.csv
cluster_dataset/FER/FER_11_0.csv
cluster_dataset/FER/FER_6_0.csv
cluster_dataset/FER/FER_8_0.csv
cluster_dataset/FER/FER_35_0.csv
cluster_dataset/FER/FER_26_0.csv
cluster_dataset/FER/FER_29_0.csv
cluster_dataset/GIS/GIS_7_0.csv
cluster_dataset/GIS/GIS_10_0.csv
cluster_dataset/GIS/GIS_9_0.csv
cluster_dataset/GIS/GIS_12_0.csv
cluster_dataset/GIS/GIS_0_0.csv
cluster_dataset/GIS/GIS_6_0.csv
cluster_dataset/GIS/GIS_4_0.csv
cluster_dataset/GIS/GIS_2_0.csv
cluster_dataset/GIS/GIS_3_0.csv
cluster_dataset/GIS/GIS_15_0.csv
cluster_dataset/GIS/GIS_13_0.csv
cluster_dataset/GIS/GIS_11_0.csv
cluster_dataset/GIS/GIS_1_0.csv
cluster_dataset/GIS/GIS_8_0.csv
cluster_dataset/GIS/GIS_5_0.csv
cluster_dataset/GIS/GIS_14_0.csv
cluster_dataset/GME/GME_20_0.csv
cluster_dataset/GME/GME_18_0.csv
cluster_dataset/GME/GME_12_0.csv
cluster_dataset/GME/GME_15_0.csv
cluster_dataset/GME/GME_11_0.csv
cluster_dataset/GME/GME_14_0.csv
cluster_dataset/GME/GME_13_0.csv
cluster_dataset/GME/GME_8_0.csv
cluster_dataset/GME/GME_4_0.csv
cluster_dataset/GME/GME_6_0.csv
cluster_dataset/GME/GME_10_0.csv
cluster_dataset/GME/GME_0_0.csv
cluster_dataset/GME/GME_3_0.csv
cluster_dataset/GME/GME_19_0.csv
cluster_dataset/GME/GME_17_0.csv
cluster_dataset/GME/GME_1_0.csv
cluster_dataset/GME/GME_23_0.csv
cluster_dataset/GME/GME_9_0.csv
cluster_dataset/GME/GME_5_0.csv
cluster_dataset/GME/GME_7_0.csv
cluster_dataset/GME/GME_16_0.csv
cluster_dataset/GME/GME_21_0.csv
cluster_dataset/GME/GME_22_0.csv
cluster_dataset/GME/GME_2_0.csv
cluster_dataset/GON/GON_4_0.csv
cluster_dataset/GON/GON_17_0.csv
cluster_dataset/GON/GON_2_0.csv
cluster_dataset/GON/GON_10_0.csv
cluster_dataset/GON/GON_29_0.csv
cluster_dataset/GON/GON_15_0.csv
cluster_dataset/GON/GON_13_0.csv
cluster_dataset/GON/GON_21_0.csv
cluster_dataset/GON/GON_12_0.csv
cluster_dataset/GON/GON_0_0.csv
cluster_dataset/GON/GON_24_0.csv
cluster_dataset/GON/GON_31_0.csv
cluster_dataset/GON/GON_19_0.csv
cluster_dataset/GON/GON_11_0.csv
cluster_dataset/GON/GON_23_0.csv
cluster_dataset/GON/GON_30_0.csv
cluster_dataset/GON/GON_26_0.csv
cluster_dataset/GON/GON_9_0.csv
cluster_dataset/GON/GON_18_0.csv
cluster_dataset/GON/GON_28_0.csv
cluster_dataset/GON/GON_27_0.csv
cluster_dataset/GON/GON_5_0.csv
cluster_dataset/GON/GON_16_0.csv
cluster_dataset/GON/GON_25_0.csv
cluster_dataset/GON/GON_8_0.csv
cluster_dataset/GON/GON_1_0.csv
cluster_dataset/GON/GON_7_0.csv
cluster_dataset/GON/GON_3_0.csv
cluster_dataset/GON/GON_6_0.csv
cluster_dataset/GON/GON_22_0.csv
cluster_dataset/GON/GON_14_0.csv
cluster_dataset/GON/GON_20_0.csv
cluster_dataset/GOO/GOO_7_0.csv
cluster_dataset/GOO/GOO_18_0.csv
cluster_dataset/GOO/GOO_14_0.csv
cluster_dataset/GOO/GOO_11_0.csv
cluster_dataset/GOO/GOO_21_0.csv
cluster_dataset/GOO/GOO_23_0.csv
cluster_dataset/GOO/GOO_28_0.csv
cluster_dataset/GOO/GOO_31_0.csv
cluster_dataset/GOO/GOO_9_0.csv
cluster_dataset/GOO/GOO_17_0.csv
cluster_dataset/GOO/GOO_25_0.csv
cluster_dataset/GOO/GOO_8_0.csv
cluster_dataset/GOO/GOO_2_0.csv
cluster_dataset/GOO/GOO_0_0.csv
cluster_dataset/GOO/GOO_3_0.csv
cluster_dataset/GOO/GOO_26_0.csv
cluster_dataset/GOO/GOO_30_0.csv
cluster_dataset/GOO/GOO_6_0.csv
cluster_dataset/GOO/GOO_1_0.csv
cluster_dataset/GOO/GOO_24_0.csv
cluster_dataset/GOO/GOO_13_0.csv
cluster_dataset/GOO/GOO_16_0.csv
cluster_dataset/GOO/GOO_27_0.csv
cluster_dataset/GOO/GOO_20_0.csv
cluster_dataset/GOO/GOO_19_0.csv
cluster_dataset/GOO/GOO_5_0.csv
cluster_dataset/GOO/GOO_15_0.csv
cluster_dataset/GOO/GOO_4_0.csv
cluster_dataset/GOO/GOO_29_0.csv
cluster_dataset/GOO/GOO_22_0.csv
cluster_dataset/GOO/GOO_10_0.csv
cluster_dataset/GOO/GOO_12_0.csv
cluster_dataset/HEU/HEU_9_0.csv
cluster_dataset/HEU/HEU_14_0.csv
cluster_dataset/HEU/HEU_10_0.csv
cluster_dataset/HEU/HEU_32_0.csv
cluster_dataset/HEU/HEU_31_0.csv
cluster_dataset/HEU/HEU_28_0.csv
cluster_dataset/HEU/HEU_16_0.csv
cluster_dataset/HEU/HEU_25_0.csv
cluster_dataset/HEU/HEU_35_0.csv
cluster_dataset/HEU/HEU_5_0.csv
cluster_dataset/HEU/HEU_8_0.csv
cluster_dataset/HEU/HEU_24_0.csv
cluster_dataset/HEU/HEU_3_0.csv
cluster_dataset/HEU/HEU_29_0.csv
cluster_dataset/HEU/HEU_4_0.csv
cluster_dataset/HEU/HEU_2_0.csv
cluster_dataset/HEU/HEU_0_0.csv
cluster_dataset/HEU/HEU_21_0.csv
cluster_dataset/HEU/HEU_23_0.csv
cluster_dataset/HEU/HEU_11_0.csv
cluster_dataset/HEU/HEU_33_0.csv
cluster_dataset/HEU/HEU_34_0.csv
cluster_dataset/HEU/HEU_26_0.csv
cluster_dataset/HEU/HEU_7_0.csv
cluster_dataset/HEU/HEU_6_0.csv
cluster_dataset/HEU/HEU_19_0.csv
cluster_dataset/HEU/HEU_22_0.csv
cluster_dataset/HEU/HEU_15_0.csv
cluster_dataset/HEU/HEU_1_0.csv
cluster_dataset/HEU/HEU_12_0.csv
cluster_dataset/HEU/HEU_17_0.csv
cluster_dataset/HEU/HEU_18_0.csv
cluster_dataset/HEU/HEU_30_0.csv
cluster_dataset/HEU/HEU_27_0.csv
cluster_dataset/HEU/HEU_13_0.csv
cluster_dataset/HEU/HEU_20_0.csv
cluster_dataset/IFO/IFO_1_0.csv
cluster_dataset/IFO/IFO_24_0.csv
cluster_dataset/IFO/IFO_16_0.csv
cluster_dataset/IFO/IFO_20_0.csv
cluster_dataset/IFO/IFO_15_0.csv
cluster_dataset/IFO/IFO_28_0.csv
cluster_dataset/IFO/IFO_27_0.csv
cluster_dataset/IFO/IFO_29_0.csv
cluster_dataset/IFO/IFO_3_0.csv
cluster_dataset/IFO/IFO_30_0.csv
cluster_dataset/IFO/IFO_11_0.csv
cluster_dataset/IFO/IFO_2_0.csv
cluster_dataset/IFO/IFO_17_0.csv
cluster_dataset/IFO/IFO_7_0.csv
cluster_dataset/IFO/IFO_4_0.csv
cluster_dataset/IFO/IFO_18_0.csv
cluster_dataset/IFO/IFO_31_0.csv
cluster_dataset/IFO/IFO_6_0.csv
cluster_dataset/IFO/IFO_21_0.csv
cluster_dataset/IFO/IFO_0_0.csv
cluster_dataset/IFO/IFO_10_0.csv
cluster_dataset/IFO/IFO_5_0.csv
cluster_dataset/IFO/IFO_26_0.csv
cluster_dataset/IFO/IFO_22_0.csv
cluster_dataset/IFO/IFO_25_0.csv
cluster_dataset/IFO/IFO_23_0.csv
cluster_dataset/IFO/IFO_8_0.csv
cluster_dataset/IFO/IFO_14_0.csv
cluster_dataset/IFO/IFO_19_0.csv
cluster_dataset/IFO/IFO_9_0.csv
cluster_dataset/IFO/IFO_13_0.csv
cluster_dataset/IFO/IFO_12_0.csv
cluster_dataset/IFR/IFR_15_0.csv
cluster_dataset/IFR/IFR_11_0.csv
cluster_dataset/IFR/IFR_5_0.csv
cluster_dataset/IFR/IFR_17_0.csv
cluster_dataset/IFR/IFR_4_0.csv
cluster_dataset/IFR/IFR_29_0.csv
cluster_dataset/IFR/IFR_8_0.csv
cluster_dataset/IFR/IFR_1_0.csv
cluster_dataset/IFR/IFR_27_0.csv
cluster_dataset/IFR/IFR_19_0.csv
cluster_dataset/IFR/IFR_10_0.csv
cluster_dataset/IFR/IFR_16_0.csv
cluster_dataset/IFR/IFR_21_0.csv
cluster_dataset/IFR/IFR_22_0.csv
cluster_dataset/IFR/IFR_26_0.csv
cluster_dataset/IFR/IFR_28_0.csv
cluster_dataset/IFR/IFR_12_0.csv
cluster_dataset/IFR/IFR_18_0.csv
cluster_dataset/IFR/IFR_30_0.csv
cluster_dataset/IFR/IFR_20_0.csv
cluster_dataset/IFR/IFR_7_0.csv
cluster_dataset/IFR/IFR_13_0.csv
cluster_dataset/IFR/IFR_3_0.csv
cluster_dataset/IFR/IFR_31_0.csv
cluster_dataset/IFR/IFR_9_0.csv
cluster_dataset/IFR/IFR_24_0.csv
cluster_dataset/IFR/IFR_25_0.csv
cluster_dataset/IFR/IFR_14_0.csv
cluster_dataset/IFR/IFR_2_0.csv
cluster_dataset/IFR/IFR_6_0.csv
cluster_dataset/IFR/IFR_23_0.csv
cluster_dataset/IFR/IFR_0_0.csv
cluster_dataset/ITW/ITW_0_0.csv
cluster_dataset/ITW/ITW_6_0.csv
cluster_dataset/ITW/ITW_1_0.csv
cluster_dataset/ITW/ITW_4_0.csv
cluster_dataset/ITW/ITW_5_0.csv
cluster_dataset/ITW/ITW_16_0.csv
cluster_dataset/ITW/ITW_12_0.csv
cluster_dataset/ITW/ITW_2_0.csv
cluster_dataset/ITW/ITW_9_0.csv
cluster_dataset/ITW/ITW_14_0.csv
cluster_dataset/ITW/ITW_20_0.csv
cluster_dataset/ITW/ITW_7_0.csv
cluster_dataset/ITW/ITW_11_0.csv
cluster_dataset/ITW/ITW_18_0.csv
cluster_dataset/ITW/ITW_10_0.csv
cluster_dataset/ITW/ITW_3_0.csv
cluster_dataset/ITW/ITW_21_0.csv
cluster_dataset/ITW/ITW_15_0.csv
cluster_dataset/ITW/ITW_23_0.csv
cluster_dataset/ITW/ITW_13_0.csv
cluster_dataset/ITW/ITW_19_0.csv
cluster_dataset/ITW/ITW_8_0.csv
cluster_dataset/ITW/ITW_22_0.csv
cluster_dataset/ITW/ITW_17_0.csv
cluster_dataset/JBW/JBW_3_0.csv
cluster_dataset/JBW/JBW_1_0.csv
cluster_dataset/JBW/JBW_5_0.csv
cluster_dataset/JBW/JBW_0_0.csv
cluster_dataset/JBW/JBW_4_0.csv
cluster_dataset/JBW/JBW_2_0.csv
cluster_dataset/JNT/JNT_10_0.csv
cluster_dataset/JNT/JNT_22_0.csv
cluster_dataset/JNT/JNT_14_0.csv
cluster_dataset/JNT/JNT_25_0.csv
cluster_dataset/JNT/JNT_19_0.csv
cluster_dataset/JNT/JNT_28_0.csv
cluster_dataset/JNT/JNT_29_0.csv
cluster_dataset/JNT/JNT_4_0.csv
cluster_dataset/JNT/JNT_27_0.csv
cluster_dataset/JNT/JNT_16_0.csv
cluster_dataset/JNT/JNT_11_0.csv
cluster_dataset/JNT/JNT_18_0.csv
cluster_dataset/JNT/JNT_26_0.csv
cluster_dataset/JNT/JNT_12_0.csv
cluster_dataset/JNT/JNT_20_0.csv
cluster_dataset/JNT/JNT_8_0.csv
cluster_dataset/JNT/JNT_0_0.csv
cluster_dataset/JNT/JNT_23_0.csv
cluster_dataset/JNT/JNT_24_0.csv
cluster_dataset/JNT/JNT_3_0.csv
cluster_dataset/JNT/JNT_15_0.csv
cluster_dataset/JNT/JNT_31_0.csv
cluster_dataset/JNT/JNT_7_0.csv
cluster_dataset/JNT/JNT_17_0.csv
cluster_dataset/JNT/JNT_30_0.csv
cluster_dataset/JNT/JNT_5_0.csv
cluster_dataset/JNT/JNT_1_0.csv
cluster_dataset/JNT/JNT_21_0.csv
cluster_dataset/JNT/JNT_9_0.csv
cluster_dataset/JNT/JNT_6_0.csv
cluster_dataset/JNT/JNT_13_0.csv
cluster_dataset/JNT/JNT_2_0.csv
cluster_dataset/JOZ/JOZ_4_0.csv
cluster_dataset/JOZ/JOZ_10_0.csv
cluster_dataset/JOZ/JOZ_18_0.csv
cluster_dataset/JOZ/JOZ_19_0.csv
cluster_dataset/JOZ/JOZ_14_0.csv
cluster_dataset/JOZ/JOZ_17_0.csv
cluster_dataset/JOZ/JOZ_1_0.csv
cluster_dataset/JOZ/JOZ_11_0.csv
cluster_dataset/JOZ/JOZ_16_0.csv
cluster_dataset/JOZ/JOZ_6_0.csv
cluster_dataset/JOZ/JOZ_7_0.csv
cluster_dataset/JOZ/JOZ_0_0.csv
cluster_dataset/JOZ/JOZ_9_0.csv
cluster_dataset/JOZ/JOZ_3_0.csv
cluster_dataset/JOZ/JOZ_8_0.csv
cluster_dataset/JOZ/JOZ_15_0.csv
cluster_dataset/JOZ/JOZ_13_0.csv
cluster_dataset/JOZ/JOZ_12_0.csv
cluster_dataset/JOZ/JOZ_5_0.csv
cluster_dataset/JOZ/JOZ_2_0.csv
cluster_dataset/JRY/JRY_5_0.csv
cluster_dataset/JRY/JRY_0_0.csv
cluster_dataset/JRY/JRY_8_0.csv
cluster_dataset/JRY/JRY_6_0.csv
cluster_dataset/JRY/JRY_15_0.csv
cluster_dataset/JRY/JRY_16_0.csv
cluster_dataset/JRY/JRY_3_0.csv
cluster_dataset/JRY/JRY_22_0.csv
cluster_dataset/JRY/JRY_21_0.csv
cluster_dataset/JRY/JRY_1_0.csv
cluster_dataset/JRY/JRY_2_0.csv
cluster_dataset/JRY/JRY_19_0.csv
cluster_dataset/JRY/JRY_18_0.csv
cluster_dataset/JRY/JRY_7_0.csv
cluster_dataset/JRY/JRY_14_0.csv
cluster_dataset/JRY/JRY_12_0.csv
cluster_dataset/JRY/JRY_17_0.csv
cluster_dataset/JRY/JRY_23_0.csv
cluster_dataset/JRY/JRY_20_0.csv
cluster_dataset/JRY/JRY_4_0.csv
cluster_dataset/JRY/JRY_10_0.csv
cluster_dataset/JRY/JRY_9_0.csv
cluster_dataset/JRY/JRY_13_0.csv
cluster_dataset/JRY/JRY_11_0.csv
cluster_dataset/JSN/JSN_10_0.csv
cluster_dataset/JSN/JSN_0_0.csv
cluster_dataset/JSN/JSN_13_0.csv
cluster_dataset/JSN/JSN_9_0.csv
cluster_dataset/JSN/JSN_3_0.csv
cluster_dataset/JSN/JSN_14_0.csv
cluster_dataset/JSN/JSN_8_0.csv
cluster_dataset/JSN/JSN_6_0.csv
cluster_dataset/JSN/JSN_7_0.csv
cluster_dataset/JSN/JSN_4_0.csv
cluster_dataset/JSN/JSN_15_0.csv
cluster_dataset/JSN/JSN_5_0.csv
cluster_dataset/JSN/JSN_1_0.csv
cluster_dataset/JSN/JSN_2_0.csv
cluster_dataset/JSN/JSN_11_0.csv
cluster_dataset/JSN/JSN_12_0.csv
cluster_dataset/LAU/LAU_5_0.csv
cluster_dataset/LAU/LAU_2_0.csv
cluster_dataset/LAU/LAU_23_0.csv
cluster_dataset/LAU/LAU_7_0.csv
cluster_dataset/LAU/LAU_0_0.csv
cluster_dataset/LAU/LAU_13_0.csv
cluster_dataset/LAU/LAU_11_0.csv
cluster_dataset/LAU/LAU_9_0.csv
cluster_dataset/LAU/LAU_14_0.csv
cluster_dataset/LAU/LAU_8_0.csv
cluster_dataset/LAU/LAU_6_0.csv
cluster_dataset/LAU/LAU_15_0.csv
cluster_dataset/LAU/LAU_20_0.csv
cluster_dataset/LAU/LAU_10_0.csv
cluster_dataset/LAU/LAU_22_0.csv
cluster_dataset/LAU/LAU_19_0.csv
cluster_dataset/LAU/LAU_18_0.csv
cluster_dataset/LAU/LAU_21_0.csv
cluster_dataset/LAU/LAU_4_0.csv
cluster_dataset/LAU/LAU_16_0.csv
cluster_dataset/LAU/LAU_17_0.csv
cluster_dataset/LAU/LAU_1_0.csv
cluster_dataset/LAU/LAU_12_0.csv
cluster_dataset/LAU/LAU_3_0.csv
cluster_dataset/LIO/LIO_28_0.csv
cluster_dataset/LIO/LIO_14_0.csv
cluster_dataset/LIO/LIO_33_0.csv
cluster_dataset/LIO/LIO_2_0.csv
cluster_dataset/LIO/LIO_35_0.csv
cluster_dataset/LIO/LIO_29_0.csv
cluster_dataset/LIO/LIO_13_0.csv
cluster_dataset/LIO/LIO_3_0.csv
cluster_dataset/LIO/LIO_21_0.csv
cluster_dataset/LIO/LIO_8_0.csv
cluster_dataset/LIO/LIO_4_0.csv
cluster_dataset/LIO/LIO_16_0.csv
cluster_dataset/LIO/LIO_31_0.csv
cluster_dataset/LIO/LIO_18_0.csv
cluster_dataset/LIO/LIO_0_0.csv
cluster_dataset/LIO/LIO_26_0.csv
cluster_dataset/LIO/LIO_9_0.csv
cluster_dataset/LIO/LIO_27_0.csv
cluster_dataset/LIO/LIO_32_0.csv
cluster_dataset/LIO/LIO_34_0.csv
cluster_dataset/LIO/LIO_25_0.csv
cluster_dataset/LIO/LIO_23_0.csv
cluster_dataset/LIO/LIO_6_0.csv
cluster_dataset/LIO/LIO_30_0.csv
cluster_dataset/LIO/LIO_24_0.csv
cluster_dataset/LIO/LIO_15_0.csv
cluster_dataset/LIO/LIO_5_0.csv
cluster_dataset/LIO/LIO_20_0.csv
cluster_dataset/LIO/LIO_17_0.csv
cluster_dataset/LIO/LIO_10_0.csv
cluster_dataset/LIO/LIO_7_0.csv
cluster_dataset/LIO/LIO_12_0.csv
cluster_dataset/LIO/LIO_22_0.csv
cluster_dataset/LIO/LIO_1_0.csv
cluster_dataset/LIO/LIO_19_0.csv
cluster_dataset/LIO/LIO_11_0.csv
cluster_dataset/LIT/LIT_1_0.csv
cluster_dataset/LIT/LIT_19_0.csv
cluster_dataset/LIT/LIT_7_0.csv
cluster_dataset/LIT/LIT_2_0.csv
cluster_dataset/LIT/LIT_11_0.csv
cluster_dataset/LIT/LIT_9_0.csv
cluster_dataset/LIT/LIT_21_0.csv
cluster_dataset/LIT/LIT_6_0.csv
cluster_dataset/LIT/LIT_8_0.csv
cluster_dataset/LIT/LIT_16_0.csv
cluster_dataset/LIT/LIT_13_0.csv
cluster_dataset/LIT/LIT_22_0.csv
cluster_dataset/LIT/LIT_20_0.csv
cluster_dataset/LIT/LIT_17_0.csv
cluster_dataset/LIT/LIT_10_0.csv
cluster_dataset/LIT/LIT_3_0.csv
cluster_dataset/LIT/LIT_14_0.csv
cluster_dataset/LIT/LIT_15_0.csv
cluster_dataset/LIT/LIT_0_0.csv
cluster_dataset/LIT/LIT_5_0.csv
cluster_dataset/LIT/LIT_18_0.csv
cluster_dataset/LIT/LIT_23_0.csv
cluster_dataset/LIT/LIT_12_0.csv
cluster_dataset/LIT/LIT_4_0.csv
cluster_dataset/LOS/LOS_23_0.csv
cluster_dataset/LOS/LOS_13_0.csv
cluster_dataset/LOS/LOS_7_0.csv
cluster_dataset/LOS/LOS_22_0.csv
cluster_dataset/LOS/LOS_11_0.csv
cluster_dataset/LOS/LOS_19_0.csv
cluster_dataset/LOS/LOS_15_0.csv
cluster_dataset/LOS/LOS_14_0.csv
cluster_dataset/LOS/LOS_0_0.csv
cluster_dataset/LOS/LOS_4_0.csv
cluster_dataset/LOS/LOS_21_0.csv
cluster_dataset/LOS/LOS_20_0.csv
cluster_dataset/LOS/LOS_6_0.csv
cluster_dataset/LOS/LOS_17_0.csv
cluster_dataset/LOS/LOS_12_0.csv
cluster_dataset/LOS/LOS_8_0.csv
cluster_dataset/LOS/LOS_9_0.csv
cluster_dataset/LOS/LOS_10_0.csv
cluster_dataset/LOS/LOS_5_0.csv
cluster_dataset/LOS/LOS_3_0.csv
cluster_dataset/LOS/LOS_2_0.csv
cluster_dataset/LOS/LOS_16_0.csv
cluster_dataset/LOS/LOS_1_0.csv
cluster_dataset/LOS/LOS_18_0.csv
cluster_dataset/LOV/LOV_16_0.csv
cluster_dataset/LOV/LOV_8_0.csv
cluster_dataset/LOV/LOV_13_0.csv
cluster_dataset/LOV/LOV_12_0.csv
cluster_dataset/LOV/LOV_1_0.csv
cluster_dataset/LOV/LOV_11_0.csv
cluster_dataset/LOV/LOV_14_0.csv
cluster_dataset/LOV/LOV_6_0.csv
cluster_dataset/LOV/LOV_5_0.csv
cluster_dataset/LOV/LOV_15_0.csv
cluster_dataset/LOV/LOV_4_0.csv
cluster_dataset/LOV/LOV_9_0.csv
cluster_dataset/LOV/LOV_17_0.csv
cluster_dataset/LOV/LOV_3_0.csv
cluster_dataset/LOV/LOV_10_0.csv
cluster_dataset/LOV/LOV_2_0.csv
cluster_dataset/LOV/LOV_7_0.csv
cluster_dataset/LOV/LOV_0_0.csv
cluster_dataset/LTA/LTA_19_0.csv
cluster_dataset/LTA/LTA_10_0.csv
cluster_dataset/LTA/LTA_1_0.csv
cluster_dataset/LTA/LTA_15_0.csv
cluster_dataset/LTA/LTA_16_0.csv
cluster_dataset/LTA/LTA_18_0.csv
cluster_dataset/LTA/LTA_13_0.csv
cluster_dataset/LTA/LTA_8_0.csv
cluster_dataset/LTA/LTA_9_0.csv
cluster_dataset/LTA/LTA_4_0.csv
cluster_dataset/LTA/LTA_3_0.csv
cluster_dataset/LTA/LTA_12_0.csv
cluster_dataset/LTA/LTA_14_0.csv
cluster_dataset/LTA/LTA_0_0.csv
cluster_dataset/LTA/LTA_23_0.csv
cluster_dataset/LTA/LTA_21_0.csv
cluster_dataset/LTA/LTA_5_0.csv
cluster_dataset/LTA/LTA_2_0.csv
cluster_dataset/LTA/LTA_11_0.csv
cluster_dataset/LTA/LTA_22_0.csv
cluster_dataset/LTA/LTA_17_0.csv
cluster_dataset/LTA/LTA_6_0.csv
cluster_dataset/LTA/LTA_20_0.csv
cluster_dataset/LTA/LTA_7_0.csv
cluster_dataset/LTJ/LTJ_9_0.csv
cluster_dataset/LTJ/LTJ_15_0.csv
cluster_dataset/LTJ/LTJ_0_0.csv
cluster_dataset/LTJ/LTJ_5_0.csv
cluster_dataset/LTJ/LTJ_6_0.csv
cluster_dataset/LTJ/LTJ_2_0.csv
cluster_dataset/LTJ/LTJ_1_0.csv
cluster_dataset/LTJ/LTJ_8_0.csv
cluster_dataset/LTJ/LTJ_4_0.csv
cluster_dataset/LTJ/LTJ_13_0.csv
cluster_dataset/LTJ/LTJ_3_0.csv
cluster_dataset/LTJ/LTJ_14_0.csv
cluster_dataset/LTJ/LTJ_10_0.csv
cluster_dataset/LTJ/LTJ_11_0.csv
cluster_dataset/LTJ/LTJ_12_0.csv
cluster_dataset/LTJ/LTJ_7_0.csv
cluster_dataset/LTL/LTL_34_0.csv
cluster_dataset/LTL/LTL_14_0.csv
cluster_dataset/LTL/LTL_0_0.csv
cluster_dataset/LTL/LTL_6_0.csv
cluster_dataset/LTL/LTL_33_0.csv
cluster_dataset/LTL/LTL_28_0.csv
cluster_dataset/LTL/LTL_30_0.csv
cluster_dataset/LTL/LTL_17_0.csv
cluster_dataset/LTL/LTL_21_0.csv
cluster_dataset/LTL/LTL_7_0.csv
cluster_dataset/LTL/LTL_8_0.csv
cluster_dataset/LTL/LTL_13_0.csv
cluster_dataset/LTL/LTL_35_0.csv
cluster_dataset/LTL/LTL_25_0.csv
cluster_dataset/LTL/LTL_24_0.csv
cluster_dataset/LTL/LTL_1_0.csv
cluster_dataset/LTL/LTL_29_0.csv
cluster_dataset/LTL/LTL_20_0.csv
cluster_dataset/LTL/LTL_2_0.csv
cluster_dataset/LTL/LTL_15_0.csv
cluster_dataset/LTL/LTL_27_0.csv
cluster_dataset/LTL/LTL_11_0.csv
cluster_dataset/LTL/LTL_9_0.csv
cluster_dataset/LTL/LTL_4_0.csv
cluster_dataset/LTL/LTL_31_0.csv
cluster_dataset/LTL/LTL_19_0.csv
cluster_dataset/LTL/LTL_23_0.csv
cluster_dataset/LTL/LTL_18_0.csv
cluster_dataset/LTL/LTL_5_0.csv
cluster_dataset/LTL/LTL_10_0.csv
cluster_dataset/LTL/LTL_3_0.csv
cluster_dataset/LTL/LTL_26_0.csv
cluster_dataset/LTL/LTL_16_0.csv
cluster_dataset/LTL/LTL_22_0.csv
cluster_dataset/LTL/LTL_32_0.csv
cluster_dataset/LTL/LTL_12_0.csv
cluster_dataset/MEI/MEI_28_0.csv
cluster_dataset/MEI/MEI_23_0.csv
cluster_dataset/MEI/MEI_4_0.csv
cluster_dataset/MEI/MEI_10_0.csv
cluster_dataset/MEI/MEI_1_0.csv
cluster_dataset/MEI/MEI_30_0.csv
cluster_dataset/MEI/MEI_21_0.csv
cluster_dataset/MEI/MEI_29_0.csv
cluster_dataset/MEI/MEI_0_0.csv
cluster_dataset/MEI/MEI_24_0.csv
cluster_dataset/MEI/MEI_19_0.csv
cluster_dataset/MEI/MEI_8_0.csv
cluster_dataset/MEI/MEI_25_0.csv
cluster_dataset/MEI/MEI_32_0.csv
cluster_dataset/MEI/MEI_27_0.csv
cluster_dataset/MEI/MEI_20_0.csv
cluster_dataset/MEI/MEI_18_0.csv
cluster_dataset/MEI/MEI_22_0.csv
cluster_dataset/MEI/MEI_26_0.csv
cluster_dataset/MEI/MEI_6_0.csv
cluster_dataset/MEI/MEI_31_0.csv
cluster_dataset/MEI/MEI_16_0.csv
cluster_dataset/MEI/MEI_3_0.csv
cluster_dataset/MEI/MEI_9_0.csv
cluster_dataset/MEI/MEI_2_0.csv
cluster_dataset/MEI/MEI_33_0.csv
cluster_dataset/MEI/MEI_15_0.csv
cluster_dataset/MEI/MEI_17_0.csv
cluster_dataset/MEI/MEI_5_0.csv
cluster_dataset/MEI/MEI_14_0.csv
cluster_dataset/MEI/MEI_13_0.csv
cluster_dataset/MEI/MEI_12_0.csv
cluster_dataset/MEI/MEI_7_0.csv
cluster_dataset/MEI/MEI_11_0.csv
cluster_dataset/MER/MER_3_0.csv
cluster_dataset/MER/MER_25_0.csv
cluster_dataset/MER/MER_0_0.csv
cluster_dataset/MER/MER_12_0.csv
cluster_dataset/MER/MER_31_0.csv
cluster_dataset/MER/MER_17_0.csv
cluster_dataset/MER/MER_13_0.csv
cluster_dataset/MER/MER_26_0.csv
cluster_dataset/MER/MER_14_0.csv
cluster_dataset/MER/MER_18_0.csv
cluster_dataset/MER/MER_11_0.csv
cluster_dataset/MER/MER_28_0.csv
cluster_dataset/MER/MER_27_0.csv
cluster_dataset/MER/MER_23_0.csv
cluster_dataset/MER/MER_6_0.csv
cluster_dataset/MER/MER_8_0.csv
cluster_dataset/MER/MER_21_0.csv
cluster_dataset/MER/MER_16_0.csv
cluster_dataset/MER/MER_15_0.csv
cluster_dataset/MER/MER_9_0.csv
cluster_dataset/MER/MER_4_0.csv
cluster_dataset/MER/MER_1_0.csv
cluster_dataset/MER/MER_5_0.csv
cluster_dataset/MER/MER_30_0.csv
cluster_dataset/MER/MER_29_0.csv
cluster_dataset/MER/MER_22_0.csv
cluster_dataset/MER/MER_24_0.csv
cluster_dataset/MER/MER_10_0.csv
cluster_dataset/MER/MER_2_0.csv
cluster_dataset/MER/MER_7_0.csv
cluster_dataset/MER/MER_20_0.csv
cluster_dataset/MER/MER_19_0.csv
cluster_dataset/MON/MON_1_0.csv
cluster_dataset/MON/MON_6_0.csv
cluster_dataset/MON/MON_15_0.csv
cluster_dataset/MON/MON_5_0.csv
cluster_dataset/MON/MON_13_0.csv
cluster_dataset/MON/MON_0_0.csv
cluster_dataset/MON/MON_9_0.csv
cluster_dataset/MON/MON_3_0.csv
cluster_dataset/MON/MON_14_0.csv
cluster_dataset/MON/MON_10_0.csv
cluster_dataset/MON/MON_2_0.csv
cluster_dataset/MON/MON_8_0.csv
cluster_dataset/MON/MON_7_0.csv
cluster_dataset/MON/MON_12_0.csv
cluster_dataset/MON/MON_4_0.csv
cluster_dataset/MON/MON_11_0.csv
cluster_dataset/MTT/MTT_6_0.csv
cluster_dataset/MTT/MTT_4_0.csv
cluster_dataset/MTT/MTT_8_0.csv
cluster_dataset/MTT/MTT_13_0.csv
cluster_dataset/MTT/MTT_22_0.csv
cluster_dataset/MTT/MTT_18_0.csv
cluster_dataset/MTT/MTT_23_0.csv
cluster_dataset/MTT/MTT_17_0.csv
cluster_dataset/MTT/MTT_10_0.csv
cluster_dataset/MTT/MTT_20_0.csv
cluster_dataset/MTT/MTT_2_0.csv
cluster_dataset/MTT/MTT_14_0.csv
cluster_dataset/MTT/MTT_3_0.csv
cluster_dataset/MTT/MTT_1_0.csv
cluster_dataset/MTT/MTT_9_0.csv
cluster_dataset/MTT/MTT_11_0.csv
cluster_dataset/MTT/MTT_12_0.csv
cluster_dataset/MTT/MTT_21_0.csv
cluster_dataset/MTT/MTT_7_0.csv
cluster_dataset/MTT/MTT_0_0.csv
cluster_dataset/MTT/MTT_19_0.csv
cluster_dataset/MTT/MTT_16_0.csv
cluster_dataset/MTT/MTT_5_0.csv
cluster_dataset/MTT/MTT_15_0.csv
cluster_dataset/MTW/MTW_12_0.csv
cluster_dataset/MTW/MTW_24_0.csv
cluster_dataset/MTW/MTW_11_0.csv
cluster_dataset/MTW/MTW_3_0.csv
cluster_dataset/MTW/MTW_1_0.csv
cluster_dataset/MTW/MTW_8_0.csv
cluster_dataset/MTW/MTW_5_0.csv
cluster_dataset/MTW/MTW_20_0.csv
cluster_dataset/MTW/MTW_16_0.csv
cluster_dataset/MTW/MTW_23_0.csv
cluster_dataset/MTW/MTW_21_0.csv
cluster_dataset/MTW/MTW_25_0.csv
cluster_dataset/MTW/MTW_0_0.csv
cluster_dataset/MTW/MTW_13_0.csv
cluster_dataset/MTW/MTW_15_0.csv
cluster_dataset/MTW/MTW_2_0.csv
cluster_dataset/MTW/MTW_10_0.csv
cluster_dataset/MTW/MTW_17_0.csv
cluster_dataset/MTW/MTW_7_0.csv
cluster_dataset/MTW/MTW_18_0.csv
cluster_dataset/MTW/MTW_19_0.csv
cluster_dataset/MTW/MTW_27_0.csv
cluster_dataset/MTW/MTW_6_0.csv
cluster_dataset/MTW/MTW_4_0.csv
cluster_dataset/MTW/MTW_14_0.csv
cluster_dataset/MTW/MTW_26_0.csv
cluster_dataset/MTW/MTW_22_0.csv
cluster_dataset/MTW/MTW_9_0.csv
cluster_dataset/MVY/MVY_11_0.csv
cluster_dataset/MVY/MVY_1_0.csv
cluster_dataset/MVY/MVY_8_0.csv
cluster_dataset/MVY/MVY_9_0.csv
cluster_dataset/MVY/MVY_3_0.csv
cluster_dataset/MVY/MVY_0_0.csv
cluster_dataset/MVY/MVY_2_0.csv
cluster_dataset/MVY/MVY_7_0.csv
cluster_dataset/MVY/MVY_6_0.csv
cluster_dataset/MVY/MVY_4_0.csv
cluster_dataset/MVY/MVY_10_0.csv
cluster_dataset/MVY/MVY_5_0.csv
cluster_dataset/NAB/NAB_3_0.csv
cluster_dataset/NAB/NAB_9_0.csv
cluster_dataset/NAB/NAB_2_0.csv
cluster_dataset/NAB/NAB_7_0.csv
cluster_dataset/NAB/NAB_5_0.csv
cluster_dataset/NAB/NAB_8_0.csv
cluster_dataset/NAB/NAB_6_0.csv
cluster_dataset/NAB/NAB_4_0.csv
cluster_dataset/NAB/NAB_0_0.csv
cluster_dataset/NAB/NAB_1_0.csv
cluster_dataset/NAT/NAT_17_0.csv
cluster_dataset/NAT/NAT_14_0.csv
cluster_dataset/NAT/NAT_1_0.csv
cluster_dataset/NAT/NAT_4_0.csv
cluster_dataset/NAT/NAT_7_0.csv
cluster_dataset/NAT/NAT_0_0.csv
cluster_dataset/NAT/NAT_3_0.csv
cluster_dataset/NAT/NAT_6_0.csv
cluster_dataset/NAT/NAT_8_0.csv
cluster_dataset/NAT/NAT_12_0.csv
cluster_dataset/NAT/NAT_2_0.csv
cluster_dataset/NAT/NAT_13_0.csv
cluster_dataset/NAT/NAT_10_0.csv
cluster_dataset/NAT/NAT_11_0.csv
cluster_dataset/NAT/NAT_15_0.csv
cluster_dataset/NAT/NAT_18_0.csv
cluster_dataset/NAT/NAT_9_0.csv
cluster_dataset/NAT/NAT_5_0.csv
cluster_dataset/NAT/NAT_16_0.csv
cluster_dataset/NAT/NAT_19_0.csv
cluster_dataset/NPO/NPO_1_0.csv
cluster_dataset/NPO/NPO_0_0.csv
cluster_dataset/NPO/NPO_5_0.csv
cluster_dataset/NPO/NPO_3_0.csv
cluster_dataset/NPO/NPO_4_0.csv
cluster_dataset/NPO/NPO_2_0.csv
cluster_dataset/NSI/NSI_6_0.csv
cluster_dataset/NSI/NSI_11_0.csv
cluster_dataset/NSI/NSI_1_0.csv
cluster_dataset/NSI/NSI_5_0.csv
cluster_dataset/NSI/NSI_9_0.csv
cluster_dataset/NSI/NSI_3_0.csv
cluster_dataset/NSI/NSI_4_0.csv
cluster_dataset/NSI/NSI_8_0.csv
cluster_dataset/NSI/NSI_2_0.csv
cluster_dataset/NSI/NSI_0_0.csv
cluster_dataset/NSI/NSI_10_0.csv
cluster_dataset/NSI/NSI_7_0.csv
cluster_dataset/OFF/OFF_3_0.csv
cluster_dataset/OFF/OFF_13_0.csv
cluster_dataset/OFF/OFF_16_0.csv
cluster_dataset/OFF/OFF_15_0.csv
cluster_dataset/OFF/OFF_10_0.csv
cluster_dataset/OFF/OFF_8_0.csv
cluster_dataset/OFF/OFF_17_0.csv
cluster_dataset/OFF/OFF_0_0.csv
cluster_dataset/OFF/OFF_6_0.csv
cluster_dataset/OFF/OFF_7_0.csv
cluster_dataset/OFF/OFF_2_0.csv
cluster_dataset/OFF/OFF_14_0.csv
cluster_dataset/OFF/OFF_11_0.csv
cluster_dataset/OFF/OFF_5_0.csv
cluster_dataset/OFF/OFF_12_0.csv
cluster_dataset/OFF/OFF_4_0.csv
cluster_dataset/OFF/OFF_1_0.csv
cluster_dataset/OFF/OFF_9_0.csv
cluster_dataset/OSI/OSI_23_0.csv
cluster_dataset/OSI/OSI_4_0.csv
cluster_dataset/OSI/OSI_0_0.csv
cluster_dataset/OSI/OSI_27_0.csv
cluster_dataset/OSI/OSI_14_0.csv
cluster_dataset/OSI/OSI_11_0.csv
cluster_dataset/OSI/OSI_13_0.csv
cluster_dataset/OSI/OSI_26_0.csv
cluster_dataset/OSI/OSI_10_0.csv
cluster_dataset/OSI/OSI_2_0.csv
cluster_dataset/OSI/OSI_7_0.csv
cluster_dataset/OSI/OSI_1_0.csv
cluster_dataset/OSI/OSI_9_0.csv
cluster_dataset/OSI/OSI_25_0.csv
cluster_dataset/OSI/OSI_15_0.csv
cluster_dataset/OSI/OSI_17_0.csv
cluster_dataset/OSI/OSI_30_0.csv
cluster_dataset/OSI/OSI_19_0.csv
cluster_dataset/OSI/OSI_28_0.csv
cluster_dataset/OSI/OSI_29_0.csv
cluster_dataset/OSI/OSI_22_0.csv
cluster_dataset/OSI/OSI_18_0.csv
cluster_dataset/OSI/OSI_6_0.csv
cluster_dataset/OSI/OSI_24_0.csv
cluster_dataset/OSI/OSI_5_0.csv
cluster_dataset/OSI/OSI_8_0.csv
cluster_dataset/OSI/OSI_16_0.csv
cluster_dataset/OSI/OSI_31_0.csv
cluster_dataset/OSI/OSI_20_0.csv
cluster_dataset/OSI/OSI_21_0.csv
cluster_dataset/OSI/OSI_12_0.csv
cluster_dataset/OSI/OSI_3_0.csv
cluster_dataset/OSO/OSO_12_0.csv
cluster_dataset/OSO/OSO_14_0.csv
cluster_dataset/OSO/OSO_13_0.csv
cluster_dataset/OWE/OWE_8_0.csv
cluster_dataset/OWE/OWE_10_0.csv
cluster_dataset/OWE/OWE_5_0.csv
cluster_dataset/OWE/OWE_2_0.csv
cluster_dataset/OWE/OWE_6_0.csv
cluster_dataset/OWE/OWE_13_0.csv
cluster_dataset/OWE/OWE_3_0.csv
cluster_dataset/OWE/OWE_1_0.csv
cluster_dataset/OWE/OWE_12_0.csv
cluster_dataset/OWE/OWE_7_0.csv
cluster_dataset/OWE/OWE_0_0.csv
cluster_dataset/OWE/OWE_4_0.csv
cluster_dataset/OWE/OWE_11_0.csv
cluster_dataset/OWE/OWE_9_0.csv
cluster_dataset/OWE/OWE_15_0.csv
cluster_dataset/OWE/OWE_14_0.csv
cluster_dataset/PAR/PAR_23_0.csv
cluster_dataset/PAR/PAR_12_0.csv
cluster_dataset/PAR/PAR_27_0.csv
cluster_dataset/PAR/PAR_25_0.csv
cluster_dataset/PAR/PAR_10_0.csv
cluster_dataset/PAR/PAR_16_0.csv
cluster_dataset/PAR/PAR_18_0.csv
cluster_dataset/PAR/PAR_8_0.csv
cluster_dataset/PAR/PAR_26_0.csv
cluster_dataset/PAR/PAR_29_0.csv
cluster_dataset/PAR/PAR_30_0.csv
cluster_dataset/PAR/PAR_0_0.csv
cluster_dataset/PAR/PAR_19_0.csv
cluster_dataset/PAR/PAR_9_0.csv
cluster_dataset/PAR/PAR_24_0.csv
cluster_dataset/PAR/PAR_3_0.csv
cluster_dataset/PAR/PAR_11_0.csv
cluster_dataset/PAR/PAR_21_0.csv
cluster_dataset/PAR/PAR_4_0.csv
cluster_dataset/PAR/PAR_17_0.csv
cluster_dataset/PAR/PAR_14_0.csv
cluster_dataset/PAR/PAR_5_0.csv
cluster_dataset/PAR/PAR_1_0.csv
cluster_dataset/PAR/PAR_22_0.csv
cluster_dataset/PAR/PAR_13_0.csv
cluster_dataset/PAR/PAR_2_0.csv
cluster_dataset/PAR/PAR_28_0.csv
cluster_dataset/PAR/PAR_15_0.csv
cluster_dataset/PAR/PAR_20_0.csv
cluster_dataset/PAR/PAR_7_0.csv
cluster_dataset/PAR/PAR_6_0.csv
cluster_dataset/PAR/PAR_31_0.csv
cluster_dataset/PHI/PHI_15_0.csv
cluster_dataset/PHI/PHI_5_0.csv
cluster_dataset/PHI/PHI_4_0.csv
cluster_dataset/PHI/PHI_16_0.csv
cluster_dataset/PHI/PHI_6_0.csv
cluster_dataset/PHI/PHI_10_0.csv
cluster_dataset/PHI/PHI_29_0.csv
cluster_dataset/PHI/PHI_23_0.csv
cluster_dataset/PHI/PHI_20_0.csv
cluster_dataset/PHI/PHI_19_0.csv
cluster_dataset/PHI/PHI_25_0.csv
cluster_dataset/PHI/PHI_26_0.csv
cluster_dataset/PHI/PHI_17_0.csv
cluster_dataset/PHI/PHI_1_0.csv
cluster_dataset/PHI/PHI_24_0.csv
cluster_dataset/PHI/PHI_27_0.csv
cluster_dataset/PHI/PHI_14_0.csv
cluster_dataset/PHI/PHI_31_0.csv
cluster_dataset/PHI/PHI_0_0.csv
cluster_dataset/PHI/PHI_11_0.csv
cluster_dataset/PHI/PHI_22_0.csv
cluster_dataset/PHI/PHI_3_0.csv
cluster_dataset/PHI/PHI_13_0.csv
cluster_dataset/PHI/PHI_8_0.csv
cluster_dataset/PHI/PHI_28_0.csv
cluster_dataset/PHI/PHI_12_0.csv
cluster_dataset/PHI/PHI_18_0.csv
cluster_dataset/PHI/PHI_9_0.csv
cluster_dataset/PHI/PHI_21_0.csv
cluster_dataset/PHI/PHI_2_0.csv
cluster_dataset/PHI/PHI_7_0.csv
cluster_dataset/PHI/PHI_30_0.csv
cluster_dataset/PON/PON_19_0.csv
cluster_dataset/PON/PON_4_0.csv
cluster_dataset/PON/PON_5_0.csv
cluster_dataset/PON/PON_16_0.csv
cluster_dataset/PON/PON_21_0.csv
cluster_dataset/PON/PON_12_0.csv
cluster_dataset/PON/PON_18_0.csv
cluster_dataset/PON/PON_1_0.csv
cluster_dataset/PON/PON_2_0.csv
cluster_dataset/PON/PON_6_0.csv
cluster_dataset/PON/PON_9_0.csv
cluster_dataset/PON/PON_7_0.csv
cluster_dataset/PON/PON_13_0.csv
cluster_dataset/PON/PON_17_0.csv
cluster_dataset/PON/PON_0_0.csv
cluster_dataset/PON/PON_22_0.csv
cluster_dataset/PON/PON_23_0.csv
cluster_dataset/PON/PON_20_0.csv
cluster_dataset/PON/PON_8_0.csv
cluster_dataset/PON/PON_3_0.csv
cluster_dataset/PON/PON_14_0.csv
cluster_dataset/PON/PON_10_0.csv
cluster_dataset/PON/PON_15_0.csv
cluster_dataset/PON/PON_11_0.csv
cluster_dataset/RRO/RRO_7_0.csv
cluster_dataset/RRO/RRO_6_0.csv
cluster_dataset/RRO/RRO_13_0.csv
cluster_dataset/RRO/RRO_16_0.csv
cluster_dataset/RRO/RRO_15_0.csv
cluster_dataset/RRO/RRO_12_0.csv
cluster_dataset/RRO/RRO_11_0.csv
cluster_dataset/RRO/RRO_1_0.csv
cluster_dataset/RRO/RRO_4_0.csv
cluster_dataset/RRO/RRO_3_0.csv
cluster_dataset/RRO/RRO_17_0.csv
cluster_dataset/RRO/RRO_9_0.csv
cluster_dataset/RRO/RRO_0_0.csv
cluster_dataset/RRO/RRO_10_0.csv
cluster_dataset/RRO/RRO_8_0.csv
cluster_dataset/RRO/RRO_14_0.csv
cluster_dataset/RRO/RRO_5_0.csv
cluster_dataset/RRO/RRO_2_0.csv
cluster_dataset/RTE/RTE_22_0.csv
cluster_dataset/RTE/RTE_0_0.csv
cluster_dataset/RTE/RTE_20_0.csv
cluster_dataset/RTE/RTE_15_0.csv
cluster_dataset/RTE/RTE_3_0.csv
cluster_dataset/RTE/RTE_9_0.csv
cluster_dataset/RTE/RTE_5_0.csv
cluster_dataset/RTE/RTE_6_0.csv
cluster_dataset/RTE/RTE_7_0.csv
cluster_dataset/RTE/RTE_21_0.csv
cluster_dataset/RTE/RTE_8_0.csv
cluster_dataset/RTE/RTE_12_0.csv
cluster_dataset/RTE/RTE_1_0.csv
cluster_dataset/RTE/RTE_16_0.csv
cluster_dataset/RTE/RTE_4_0.csv
cluster_dataset/RTE/RTE_18_0.csv
cluster_dataset/RTE/RTE_14_0.csv
cluster_dataset/RTE/RTE_17_0.csv
cluster_dataset/RTE/RTE_23_0.csv
cluster_dataset/RTE/RTE_13_0.csv
cluster_dataset/RTE/RTE_19_0.csv
cluster_dataset/RTE/RTE_10_0.csv
cluster_dataset/RTE/RTE_11_0.csv
cluster_dataset/RTE/RTE_2_0.csv
cluster_dataset/RTH/RTH_22_0.csv
cluster_dataset/RTH/RTH_5_0.csv
cluster_dataset/RTH/RTH_26_0.csv
cluster_dataset/RTH/RTH_27_0.csv
cluster_dataset/RTH/RTH_2_0.csv
cluster_dataset/RTH/RTH_13_0.csv
cluster_dataset/RTH/RTH_20_0.csv
cluster_dataset/RTH/RTH_31_0.csv
cluster_dataset/RTH/RTH_9_0.csv
cluster_dataset/RTH/RTH_16_0.csv
cluster_dataset/RTH/RTH_14_0.csv
cluster_dataset/RTH/RTH_12_0.csv
cluster_dataset/RTH/RTH_11_0.csv
cluster_dataset/RTH/RTH_15_0.csv
cluster_dataset/RTH/RTH_1_0.csv
cluster_dataset/RTH/RTH_6_0.csv
cluster_dataset/RTH/RTH_21_0.csv
cluster_dataset/RTH/RTH_8_0.csv
cluster_dataset/RTH/RTH_10_0.csv
cluster_dataset/RTH/RTH_30_0.csv
cluster_dataset/RTH/RTH_23_0.csv
cluster_dataset/RTH/RTH_0_0.csv
cluster_dataset/RTH/RTH_4_0.csv
cluster_dataset/RTH/RTH_19_0.csv
cluster_dataset/RTH/RTH_29_0.csv
cluster_dataset/RTH/RTH_28_0.csv
cluster_dataset/RTH/RTH_18_0.csv
cluster_dataset/RTH/RTH_17_0.csv
cluster_dataset/RTH/RTH_3_0.csv
cluster_dataset/RTH/RTH_7_0.csv
cluster_dataset/RTH/RTH_25_0.csv
cluster_dataset/RTH/RTH_24_0.csv
cluster_dataset/RWR/RWR_7_0.csv
cluster_dataset/RWR/RWR_14_0.csv
cluster_dataset/RWR/RWR_10_0.csv
cluster_dataset/RWR/RWR_17_0.csv
cluster_dataset/RWR/RWR_19_0.csv
cluster_dataset/RWR/RWR_2_0.csv
cluster_dataset/RWR/RWR_15_0.csv
cluster_dataset/RWR/RWR_12_0.csv
cluster_dataset/RWR/RWR_8_0.csv
cluster_dataset/RWR/RWR_24_0.csv
cluster_dataset/RWR/RWR_6_0.csv
cluster_dataset/RWR/RWR_30_0.csv
cluster_dataset/RWR/RWR_1_0.csv
cluster_dataset/RWR/RWR_18_0.csv
cluster_dataset/RWR/RWR_4_0.csv
cluster_dataset/RWR/RWR_27_0.csv
cluster_dataset/RWR/RWR_5_0.csv
cluster_dataset/RWR/RWR_31_0.csv
cluster_dataset/RWR/RWR_11_0.csv
cluster_dataset/RWR/RWR_0_0.csv
cluster_dataset/RWR/RWR_16_0.csv
cluster_dataset/RWR/RWR_21_0.csv
cluster_dataset/RWR/RWR_22_0.csv
cluster_dataset/RWR/RWR_25_0.csv
cluster_dataset/RWR/RWR_13_0.csv
cluster_dataset/RWR/RWR_20_0.csv
cluster_dataset/RWR/RWR_28_0.csv
cluster_dataset/RWR/RWR_3_0.csv
cluster_dataset/RWR/RWR_23_0.csv
cluster_dataset/RWR/RWR_26_0.csv
cluster_dataset/RWR/RWR_9_0.csv
cluster_dataset/RWR/RWR_29_0.csv
cluster_dataset/SAS/SAS_12_0.csv
cluster_dataset/SAS/SAS_3_0.csv
cluster_dataset/SAS/SAS_30_0.csv
cluster_dataset/SAS/SAS_26_0.csv
cluster_dataset/SAS/SAS_19_0.csv
cluster_dataset/SAS/SAS_9_0.csv
cluster_dataset/SAS/SAS_16_0.csv
cluster_dataset/SAS/SAS_29_0.csv
cluster_dataset/SAS/SAS_1_0.csv
cluster_dataset/SAS/SAS_28_0.csv
cluster_dataset/SAS/SAS_10_0.csv
cluster_dataset/SAS/SAS_5_0.csv
cluster_dataset/SAS/SAS_27_0.csv
cluster_dataset/SAS/SAS_7_0.csv
cluster_dataset/SAS/SAS_4_0.csv
cluster_dataset/SAS/SAS_17_0.csv
cluster_dataset/SAS/SAS_0_0.csv
cluster_dataset/SAS/SAS_14_0.csv
cluster_dataset/SAS/SAS_6_0.csv
cluster_dataset/SAS/SAS_13_0.csv
cluster_dataset/SAS/SAS_8_0.csv
cluster_dataset/SAS/SAS_15_0.csv
cluster_dataset/SAS/SAS_21_0.csv
cluster_dataset/SAS/SAS_31_0.csv
cluster_dataset/SAS/SAS_20_0.csv
cluster_dataset/SAS/SAS_22_0.csv
cluster_dataset/SAS/SAS_23_0.csv
cluster_dataset/SAS/SAS_2_0.csv
cluster_dataset/SAS/SAS_18_0.csv
cluster_dataset/SAS/SAS_24_0.csv
cluster_dataset/SAS/SAS_11_0.csv
cluster_dataset/SAS/SAS_25_0.csv
cluster_dataset/SBN/SBN_7_0.csv
cluster_dataset/SBN/SBN_4_0.csv
cluster_dataset/SBN/SBN_5_0.csv
cluster_dataset/SBN/SBN_0_0.csv
cluster_dataset/SBN/SBN_1_0.csv
cluster_dataset/SBN/SBN_2_0.csv
cluster_dataset/SBN/SBN_8_0.csv
cluster_dataset/SBN/SBN_9_0.csv
cluster_dataset/SBN/SBN_6_0.csv
cluster_dataset/SBN/SBN_3_0.csv
cluster_dataset/SFE/SFE_12_0.csv
cluster_dataset/SFE/SFE_10_0.csv
cluster_dataset/SFE/SFE_6_0.csv
cluster_dataset/SFE/SFE_7_0.csv
cluster_dataset/SFE/SFE_8_0.csv
cluster_dataset/SFE/SFE_2_0.csv
cluster_dataset/SFE/SFE_0_0.csv
cluster_dataset/SFE/SFE_3_0.csv
cluster_dataset/SFE/SFE_11_0.csv
cluster_dataset/SFE/SFE_4_0.csv
cluster_dataset/SFE/SFE_13_0.csv
cluster_dataset/SFE/SFE_1_0.csv
cluster_dataset/SFE/SFE_5_0.csv
cluster_dataset/SFE/SFE_9_0.csv
cluster_dataset/SFF/SFF_24_0.csv
cluster_dataset/SFF/SFF_4_0.csv
cluster_dataset/SFF/SFF_17_0.csv
cluster_dataset/SFF/SFF_2_0.csv
cluster_dataset/SFF/SFF_19_0.csv
cluster_dataset/SFF/SFF_22_0.csv
cluster_dataset/SFF/SFF_1_0.csv
cluster_dataset/SFF/SFF_16_0.csv
cluster_dataset/SFF/SFF_25_0.csv
cluster_dataset/SFF/SFF_23_0.csv
cluster_dataset/SFF/SFF_27_0.csv
cluster_dataset/SFF/SFF_7_0.csv
cluster_dataset/SFF/SFF_18_0.csv
cluster_dataset/SFF/SFF_9_0.csv
cluster_dataset/SFF/SFF_29_0.csv
cluster_dataset/SFF/SFF_0_0.csv
cluster_dataset/SFF/SFF_21_0.csv
cluster_dataset/SFF/SFF_6_0.csv
cluster_dataset/SFF/SFF_13_0.csv
cluster_dataset/SFF/SFF_26_0.csv
cluster_dataset/SFF/SFF_14_0.csv
cluster_dataset/SFF/SFF_5_0.csv
cluster_dataset/SFF/SFF_12_0.csv
cluster_dataset/SFF/SFF_30_0.csv
cluster_dataset/SFF/SFF_11_0.csv
cluster_dataset/SFF/SFF_3_0.csv
cluster_dataset/SFF/SFF_15_0.csv
cluster_dataset/SFF/SFF_28_0.csv
cluster_dataset/SFF/SFF_20_0.csv
cluster_dataset/SFF/SFF_8_0.csv
cluster_dataset/SFF/SFF_10_0.csv
cluster_dataset/SFF/SFF_31_0.csv
cluster_dataset/SFN/SFN_21_0.csv
cluster_dataset/SFN/SFN_6_0.csv
cluster_dataset/SFN/SFN_20_0.csv
cluster_dataset/SFN/SFN_16_0.csv
cluster_dataset/SFN/SFN_7_0.csv
cluster_dataset/SFN/SFN_26_0.csv
cluster_dataset/SFN/SFN_11_0.csv
cluster_dataset/SFN/SFN_17_0.csv
cluster_dataset/SFN/SFN_5_0.csv
cluster_dataset/SFN/SFN_1_0.csv
cluster_dataset/SFN/SFN_4_0.csv
cluster_dataset/SFN/SFN_30_0.csv
cluster_dataset/SFN/SFN_18_0.csv
cluster_dataset/SFN/SFN_23_0.csv
cluster_dataset/SFN/SFN_0_0.csv
cluster_dataset/SFN/SFN_3_0.csv
cluster_dataset/SFN/SFN_24_0.csv
cluster_dataset/SFN/SFN_13_0.csv
cluster_dataset/SFN/SFN_12_0.csv
cluster_dataset/SFN/SFN_8_0.csv
cluster_dataset/SFN/SFN_29_0.csv
cluster_dataset/SFN/SFN_19_0.csv
cluster_dataset/SFN/SFN_2_0.csv
cluster_dataset/SFN/SFN_22_0.csv
cluster_dataset/SFN/SFN_14_0.csv
cluster_dataset/SFN/SFN_31_0.csv
cluster_dataset/SFN/SFN_10_0.csv
cluster_dataset/SFN/SFN_9_0.csv
cluster_dataset/SFN/SFN_27_0.csv
cluster_dataset/SFN/SFN_28_0.csv
cluster_dataset/SFN/SFN_15_0.csv
cluster_dataset/SFN/SFN_25_0.csv
cluster_dataset/SFO/SFO_25_0.csv
cluster_dataset/SFO/SFO_13_0.csv
cluster_dataset/SFO/SFO_22_0.csv
cluster_dataset/SFO/SFO_16_0.csv
cluster_dataset/SFO/SFO_17_0.csv
cluster_dataset/SFO/SFO_27_0.csv
cluster_dataset/SFO/SFO_23_0.csv
cluster_dataset/SFO/SFO_3_0.csv
cluster_dataset/SFO/SFO_29_0.csv
cluster_dataset/SFO/SFO_11_0.csv
cluster_dataset/SFO/SFO_31_0.csv
cluster_dataset/SFO/SFO_1_0.csv
cluster_dataset/SFO/SFO_26_0.csv
cluster_dataset/SFO/SFO_28_0.csv
cluster_dataset/SFO/SFO_5_0.csv
cluster_dataset/SFO/SFO_19_0.csv
cluster_dataset/SFO/SFO_21_0.csv
cluster_dataset/SFO/SFO_6_0.csv
cluster_dataset/SFO/SFO_24_0.csv
cluster_dataset/SFO/SFO_7_0.csv
cluster_dataset/SFO/SFO_9_0.csv
cluster_dataset/SFO/SFO_15_0.csv
cluster_dataset/SFO/SFO_20_0.csv
cluster_dataset/SFO/SFO_10_0.csv
cluster_dataset/SFO/SFO_14_0.csv
cluster_dataset/SFO/SFO_2_0.csv
cluster_dataset/SFO/SFO_8_0.csv
cluster_dataset/SFO/SFO_18_0.csv
cluster_dataset/SFO/SFO_0_0.csv
cluster_dataset/SFO/SFO_12_0.csv
cluster_dataset/SFO/SFO_4_0.csv
cluster_dataset/SFO/SFO_30_0.csv
cluster_dataset/SOD/SOD_11_0.csv
cluster_dataset/SOD/SOD_10_0.csv
cluster_dataset/SOD/SOD_4_0.csv
cluster_dataset/SOD/SOD_5_0.csv
cluster_dataset/SOD/SOD_6_0.csv
cluster_dataset/SOD/SOD_9_0.csv
cluster_dataset/SOD/SOD_2_0.csv
cluster_dataset/SOD/SOD_1_0.csv
cluster_dataset/SOD/SOD_8_0.csv
cluster_dataset/SOD/SOD_3_0.csv
cluster_dataset/SOD/SOD_7_0.csv
cluster_dataset/SOD/SOD_0_0.csv
cluster_dataset/SOS/SOS_17_0.csv
cluster_dataset/SOS/SOS_22_0.csv
cluster_dataset/SOS/SOS_3_0.csv
cluster_dataset/SOS/SOS_18_0.csv
cluster_dataset/SOS/SOS_13_0.csv
cluster_dataset/SOS/SOS_19_0.csv
cluster_dataset/SOS/SOS_9_0.csv
cluster_dataset/SOS/SOS_16_0.csv
cluster_dataset/SOS/SOS_7_0.csv
cluster_dataset/SOS/SOS_1_0.csv
cluster_dataset/SOS/SOS_6_0.csv
cluster_dataset/SOS/SOS_15_0.csv
cluster_dataset/SOS/SOS_21_0.csv
cluster_dataset/SOS/SOS_5_0.csv
cluster_dataset/SOS/SOS_8_0.csv
cluster_dataset/SOS/SOS_2_0.csv
cluster_dataset/SOS/SOS_23_0.csv
cluster_dataset/SOS/SOS_12_0.csv
cluster_dataset/SOS/SOS_0_0.csv
cluster_dataset/SOS/SOS_11_0.csv
cluster_dataset/SOS/SOS_4_0.csv
cluster_dataset/SOS/SOS_14_0.csv
cluster_dataset/SOS/SOS_10_0.csv
cluster_dataset/SOS/SOS_20_0.csv
cluster_dataset/SSY/SSY_8_0.csv
cluster_dataset/SSY/SSY_15_0.csv
cluster_dataset/SSY/SSY_16_0.csv
cluster_dataset/SSY/SSY_27_0.csv
cluster_dataset/SSY/SSY_13_0.csv
cluster_dataset/SSY/SSY_0_0.csv
cluster_dataset/SSY/SSY_12_0.csv
cluster_dataset/SSY/SSY_19_0.csv
cluster_dataset/SSY/SSY_25_0.csv
cluster_dataset/SSY/SSY_10_0.csv
cluster_dataset/SSY/SSY_9_0.csv
cluster_dataset/SSY/SSY_6_0.csv
cluster_dataset/SSY/SSY_4_0.csv
cluster_dataset/SSY/SSY_24_0.csv
cluster_dataset/SSY/SSY_17_0.csv
cluster_dataset/SSY/SSY_14_0.csv
cluster_dataset/SSY/SSY_26_0.csv
cluster_dataset/SSY/SSY_3_0.csv
cluster_dataset/SSY/SSY_7_0.csv
cluster_dataset/SSY/SSY_23_0.csv
cluster_dataset/SSY/SSY_11_0.csv
cluster_dataset/SSY/SSY_22_0.csv
cluster_dataset/SSY/SSY_2_0.csv
cluster_dataset/SSY/SSY_20_0.csv
cluster_dataset/SSY/SSY_1_0.csv
cluster_dataset/SSY/SSY_18_0.csv
cluster_dataset/SSY/SSY_5_0.csv
cluster_dataset/SSY/SSY_21_0.csv
cluster_dataset/STF/STF_0_0.csv
cluster_dataset/STF/STF_24_0.csv
cluster_dataset/STF/STF_7_0.csv
cluster_dataset/STF/STF_6_0.csv
cluster_dataset/STF/STF_15_0.csv
cluster_dataset/STF/STF_21_0.csv
cluster_dataset/STF/STF_31_0.csv
cluster_dataset/STF/STF_20_0.csv
cluster_dataset/STF/STF_14_0.csv
cluster_dataset/STF/STF_22_0.csv
cluster_dataset/STF/STF_25_0.csv
cluster_dataset/STF/STF_30_0.csv
cluster_dataset/STF/STF_26_0.csv
cluster_dataset/STF/STF_2_0.csv
cluster_dataset/STF/STF_13_0.csv
cluster_dataset/STF/STF_9_0.csv
cluster_dataset/STF/STF_18_0.csv
cluster_dataset/STF/STF_23_0.csv
cluster_dataset/STF/STF_10_0.csv
cluster_dataset/STF/STF_19_0.csv
cluster_dataset/STF/STF_17_0.csv
cluster_dataset/STF/STF_12_0.csv
cluster_dataset/STF/STF_29_0.csv
cluster_dataset/STF/STF_1_0.csv
cluster_dataset/STF/STF_4_0.csv
cluster_dataset/STF/STF_5_0.csv
cluster_dataset/STF/STF_3_0.csv
cluster_dataset/STF/STF_16_0.csv
cluster_dataset/STF/STF_8_0.csv
cluster_dataset/STF/STF_27_0.csv
cluster_dataset/STF/STF_28_0.csv
cluster_dataset/STF/STF_11_0.csv
cluster_dataset/THO/THO_6_0.csv
cluster_dataset/THO/THO_9_0.csv
cluster_dataset/THO/THO_7_0.csv
cluster_dataset/THO/THO_5_0.csv
cluster_dataset/THO/THO_1_0.csv
cluster_dataset/THO/THO_8_0.csv
cluster_dataset/THO/THO_2_0.csv
cluster_dataset/THO/THO_4_0.csv
cluster_dataset/THO/THO_3_0.csv
cluster_dataset/THO/THO_0_0.csv
cluster_dataset/TON/TON_21_0.csv
cluster_dataset/TON/TON_1_0.csv
cluster_dataset/TON/TON_14_0.csv
cluster_dataset/TON/TON_22_0.csv
cluster_dataset/TON/TON_16_0.csv
cluster_dataset/TON/TON_23_0.csv
cluster_dataset/TON/TON_2_0.csv
cluster_dataset/TON/TON_6_0.csv
cluster_dataset/TON/TON_12_0.csv
cluster_dataset/TON/TON_3_0.csv
cluster_dataset/TON/TON_20_0.csv
cluster_dataset/TON/TON_17_0.csv
cluster_dataset/TON/TON_4_0.csv
cluster_dataset/TON/TON_9_0.csv
cluster_dataset/TON/TON_15_0.csv
cluster_dataset/TON/TON_13_0.csv
cluster_dataset/TON/TON_5_0.csv
cluster_dataset/TON/TON_11_0.csv
cluster_dataset/TON/TON_7_0.csv
cluster_dataset/TON/TON_0_0.csv
cluster_dataset/TON/TON_10_0.csv
cluster_dataset/TON/TON_19_0.csv
cluster_dataset/TON/TON_18_0.csv
cluster_dataset/TON/TON_8_0.csv
cluster_dataset/UOS/UOS_2_0.csv
cluster_dataset/UOS/UOS_5_0.csv
cluster_dataset/UOS/UOS_20_0.csv
cluster_dataset/UOS/UOS_14_0.csv
cluster_dataset/UOS/UOS_10_0.csv
cluster_dataset/UOS/UOS_0_0.csv
cluster_dataset/UOS/UOS_22_0.csv
cluster_dataset/UOS/UOS_7_0.csv
cluster_dataset/UOS/UOS_12_0.csv
cluster_dataset/UOS/UOS_17_0.csv
cluster_dataset/UOS/UOS_4_0.csv
cluster_dataset/UOS/UOS_11_0.csv
cluster_dataset/UOS/UOS_9_0.csv
cluster_dataset/UOS/UOS_21_0.csv
cluster_dataset/UOS/UOS_19_0.csv
cluster_dataset/UOS/UOS_18_0.csv
cluster_dataset/UOS/UOS_13_0.csv
cluster_dataset/UOS/UOS_3_0.csv
cluster_dataset/UOS/UOS_1_0.csv
cluster_dataset/UOS/UOS_23_0.csv
cluster_dataset/UOS/UOS_6_0.csv
cluster_dataset/UOS/UOS_8_0.csv
cluster_dataset/UOS/UOS_15_0.csv
cluster_dataset/UOS/UOS_16_0.csv
cluster_dataset/VET/VET_16_0.csv
cluster_dataset/VET/VET_14_0.csv
cluster_dataset/VET/VET_3_0.csv
cluster_dataset/VET/VET_10_0.csv
cluster_dataset/VET/VET_7_0.csv
cluster_dataset/VET/VET_11_0.csv
cluster_dataset/VET/VET_1_0.csv
cluster_dataset/VET/VET_6_0.csv
cluster_dataset/VET/VET_4_0.csv
cluster_dataset/VET/VET_5_0.csv
cluster_dataset/VET/VET_2_0.csv
cluster_dataset/VET/VET_8_0.csv
cluster_dataset/VET/VET_0_0.csv
cluster_dataset/VET/VET_9_0.csv
cluster_dataset/VET/VET_13_0.csv
cluster_dataset/VET/VET_12_0.csv
cluster_dataset/VET/VET_15_0.csv
cluster_dataset/WEI/WEI_6_0.csv
cluster_dataset/WEI/WEI_3_0.csv
cluster_dataset/WEI/WEI_18_0.csv
cluster_dataset/WEI/WEI_10_0.csv
cluster_dataset/WEI/WEI_9_0.csv
cluster_dataset/WEI/WEI_8_0.csv
cluster_dataset/WEI/WEI_17_0.csv
cluster_dataset/WEI/WEI_1_0.csv
cluster_dataset/WEI/WEI_14_0.csv
cluster_dataset/WEI/WEI_19_0.csv
cluster_dataset/WEI/WEI_4_0.csv
cluster_dataset/WEI/WEI_7_0.csv
cluster_dataset/WEI/WEI_11_0.csv
cluster_dataset/WEI/WEI_5_0.csv
cluster_dataset/WEI/WEI_15_0.csv
cluster_dataset/WEI/WEI_2_0.csv
cluster_dataset/WEI/WEI_13_0.csv
cluster_dataset/WEI/WEI_16_0.csv
cluster_dataset/WEI/WEI_0_0.csv
cluster_dataset/WEI/WEI_12_0.csv
cluster_dataset/WEN/WEN_19_0.csv
cluster_dataset/WEN/WEN_1_0.csv
cluster_dataset/WEN/WEN_5_0.csv
cluster_dataset/WEN/WEN_10_0.csv
cluster_dataset/WEN/WEN_3_0.csv
cluster_dataset/WEN/WEN_8_0.csv
cluster_dataset/WEN/WEN_6_0.csv
cluster_dataset/WEN/WEN_16_0.csv
cluster_dataset/WEN/WEN_0_0.csv
cluster_dataset/WEN/WEN_11_0.csv
cluster_dataset/WEN/WEN_17_0.csv
cluster_dataset/WEN/WEN_13_0.csv
cluster_dataset/WEN/WEN_14_0.csv
cluster_dataset/WEN/WEN_7_0.csv
cluster_dataset/WEN/WEN_9_0.csv
cluster_dataset/WEN/WEN_15_0.csv
cluster_dataset/WEN/WEN_4_0.csv
cluster_dataset/WEN/WEN_18_0.csv
cluster_dataset/WEN/WEN_2_0.csv
cluster_dataset/WEN/WEN_12_0.csv
cluster_dataset/YUG/YUG_4_0.csv
cluster_dataset/YUG/YUG_5_0.csv
cluster_dataset/YUG/YUG_13_0.csv
cluster_dataset/YUG/YUG_14_0.csv
cluster_dataset/YUG/YUG_9_0.csv
cluster_dataset/YUG/YUG_12_0.csv
cluster_dataset/YUG/YUG_8_0.csv
cluster_dataset/YUG/YUG_3_0.csv
cluster_dataset/YUG/YUG_15_0.csv
cluster_dataset/YUG/YUG_11_0.csv
cluster_dataset/YUG/YUG_1_0.csv
cluster_dataset/YUG/YUG_7_0.csv
cluster_dataset/YUG/YUG_0_0.csv
cluster_dataset/YUG/YUG_10_0.csv
cluster_dataset/YUG/YUG_6_0.csv
cluster_dataset/YUG/YUG_2_0.csv
cluster_dataset/ZON/ZON_10_0.csv
cluster_dataset/ZON/ZON_15_0.csv
cluster_dataset/ZON/ZON_22_0.csv
cluster_dataset/ZON/ZON_4_0.csv
cluster_dataset/ZON/ZON_23_0.csv
cluster_dataset/ZON/ZON_12_0.csv
cluster_dataset/ZON/ZON_31_0.csv
cluster_dataset/ZON/ZON_9_0.csv
cluster_dataset/ZON/ZON_14_0.csv
cluster_dataset/ZON/ZON_0_0.csv
cluster_dataset/ZON/ZON_24_0.csv
cluster_dataset/ZON/ZON_26_0.csv
cluster_dataset/ZON/ZON_19_0.csv
cluster_dataset/ZON/ZON_13_0.csv
cluster_dataset/ZON/ZON_5_0.csv
cluster_dataset/ZON/ZON_11_0.csv
cluster_dataset/ZON/ZON_2_0.csv
cluster_dataset/ZON/ZON_25_0.csv
cluster_dataset/ZON/ZON_29_0.csv
cluster_dataset/ZON/ZON_20_0.csv
cluster_dataset/ZON/ZON_8_0.csv
cluster_dataset/ZON/ZON_7_0.csv
cluster_dataset/ZON/ZON_28_0.csv
cluster_dataset/ZON/ZON_6_0.csv
cluster_dataset/ZON/ZON_21_0.csv
cluster_dataset/ZON/ZON_18_0.csv
cluster_dataset/ZON/ZON_30_0.csv
cluster_dataset/ZON/ZON_27_0.csv
cluster_dataset/ZON/ZON_1_0.csv
cluster_dataset/ZON/ZON_17_0.csv
cluster_dataset/ZON/ZON_16_0.csv
cluster_dataset/ZON/ZON_3_0.csv
cluster_dataset/ATO/ATO_5_0.csv
cluster_dataset/ATO/ATO_34_0.csv
cluster_dataset/ATO/ATO_8_0.csv
cluster_dataset/ATO/ATO_17_0.csv
cluster_dataset/ATO/ATO_19_0.csv
cluster_dataset/ATO/ATO_31_0.csv
cluster_dataset/ATO/ATO_11_0.csv
cluster_dataset/ATO/ATO_25_0.csv
cluster_dataset/CHA/CHA_27_0.csv
cluster_dataset/CHA/CHA_10_0.csv
cluster_dataset/CHA/CHA_31_0.csv
cluster_dataset/CHA/CHA_7_0.csv
cluster_dataset/CHA/CHA_4_0.csv
cluster_dataset/CHA/CHA_30_0.csv
cluster_dataset/CHA/CHA_33_0.csv
cluster_dataset/CHA/CHA_13_0.csv
cluster_dataset/CHA/CHA_6_0.csv
cluster_dataset/CHA/CHA_17_0.csv
cluster_dataset/CHA/CHA_2_0.csv
cluster_dataset/CHA/CHA_12_0.csv
cluster_dataset/CHA/CHA_14_0.csv
cluster_dataset/CHA/CHA_35_0.csv
cluster_dataset/CHA/CHA_20_0.csv
cluster_dataset/CHA/CHA_25_0.csv
cluster_dataset/CHA/CHA_28_0.csv
cluster_dataset/CHA/CHA_5_0.csv
cluster_dataset/CHA/CHA_24_0.csv
cluster_dataset/CHA/CHA_16_0.csv
cluster_dataset/CHA/CHA_0_0.csv
cluster_dataset/CHA/CHA_32_0.csv
cluster_dataset/CHA/CHA_15_0.csv
cluster_dataset/CHA/CHA_34_0.csv
cluster_dataset/CHA/CHA_8_0.csv
cluster_dataset/CHA/CHA_22_0.csv
cluster_dataset/CHA/CHA_21_0.csv
cluster_dataset/CHA/CHA_26_0.csv
cluster_dataset/CHA/CHA_3_0.csv
cluster_dataset/CHA/CHA_23_0.csv
cluster_dataset/CHI/CHI_16_0.csv
cluster_dataset/CHI/CHI_19_0.csv
cluster_dataset/CHI/CHI_23_0.csv
cluster_dataset/CHI/CHI_18_0.csv
cluster_dataset/CHI/CHI_17_0.csv
cluster_dataset/CHI/CHI_21_0.csv
cluster_dataset/CHI/CHI_22_0.csv
cluster_dataset/CHI/CHI_20_0.csv
cluster_dataset/ERI/ERI_34_0.csv
cluster_dataset/ERI/ERI_32_0.csv
cluster_dataset/ERI/ERI_35_0.csv
cluster_dataset/ERI/ERI_30_0.csv
cluster_dataset/ERI/ERI_26_0.csv
cluster_dataset/ERI/ERI_27_0.csv
cluster_dataset/ERI/ERI_29_0.csv
cluster_dataset/ERI/ERI_24_0.csv
cluster_dataset/ERI/ERI_28_0.csv
cluster_dataset/ERI/ERI_31_0.csv
cluster_dataset/ERI/ERI_33_0.csv
cluster_dataset/ERI/ERI_25_0.csv
cluster_dataset/LIO/LIO_28_0.csv
cluster_dataset/LIO/LIO_29_0.csv
cluster_dataset/LIO/LIO_26_0.csv
cluster_dataset/LIO/LIO_27_0.csv
cluster_dataset/LIO/LIO_25_0.csv
cluster_dataset/LIO/LIO_24_0.csv
cluster_dataset/LIT/LIT_1_0.csv
cluster_dataset/LIT/LIT_7_0.csv
cluster_dataset/LIT/LIT_2_0.csv
cluster_dataset/LIT/LIT_6_0.csv
cluster_dataset/LIT/LIT_3_0.csv
cluster_dataset/LIT/LIT_0_0.csv
cluster_dataset/LIT/LIT_5_0.csv
cluster_dataset/LIT/LIT_4_0.csv
cluster_dataset/LOS/LOS_7_0.csv
cluster_dataset/LOS/LOS_11_0.csv
cluster_dataset/LOS/LOS_0_0.csv
cluster_dataset/LOS/LOS_4_0.csv
cluster_dataset/LOS/LOS_6_0.csv
cluster_dataset/LOS/LOS_8_0.csv
cluster_dataset/LOS/LOS_9_0.csv
cluster_dataset/LOS/LOS_10_0.csv
cluster_dataset/LOS/LOS_5_0.csv
cluster_dataset/LOS/LOS_3_0.csv
cluster_dataset/LOS/LOS_2_0.csv
cluster_dataset/LOS/LOS_1_0.csv
cluster_dataset/OFF/OFF_3_0.csv
cluster_dataset/OFF/OFF_10_0.csv
cluster_dataset/OFF/OFF_8_0.csv
cluster_dataset/OFF/OFF_0_0.csv
cluster_dataset/OFF/OFF_7_0.csv
cluster_dataset/OFF/OFF_2_0.csv
cluster_dataset/OFF/OFF_11_0.csv
cluster_dataset/OFF/OFF_5_0.csv
cluster_dataset/PAR/PAR_12_0.csv
cluster_dataset/PAR/PAR_29_0.csv
cluster_dataset/PAR/PAR_30_0.csv
cluster_dataset/PAR/PAR_14_0.csv
cluster_dataset/PAR/PAR_13_0.csv
cluster_dataset/PAR/PAR_28_0.csv
cluster_dataset/PAR/PAR_15_0.csv
cluster_dataset/PAR/PAR_31_0.csv
cluster_dataset/WEN/WEN_19_0.csv
cluster_dataset/WEN/WEN_18_0.csv
cluster_dataset/ATO/ATO_5_0.csv
cluster_dataset/ATO/ATO_34_0.csv
cluster_dataset/ATO/ATO_8_0.csv
cluster_dataset/ATO/ATO_17_0.csv
cluster_dataset/ATO/ATO_19_0.csv
cluster_dataset/ATO/ATO_31_0.csv
cluster_dataset/ATO/ATO_11_0.csv
cluster_dataset/ATO/ATO_25_0.csv
cluster_dataset/CHA/CHA_27_0.csv
cluster_dataset/CHA/CHA_10_0.csv
cluster_dataset/CHA/CHA_31_0.csv
cluster_dataset/CHA/CHA_7_0.csv
cluster_dataset/CHA/CHA_4_0.csv
cluster_dataset/CHA/CHA_30_0.csv
cluster_dataset/CHA/CHA_33_0.csv
cluster_dataset/CHA/CHA_13_0.csv
cluster_dataset/CHA/CHA_6_0.csv
cluster_dataset/CHA/CHA_17_0.csv
cluster_dataset/CHA/CHA_2_0.csv
cluster_dataset/CHA/CHA_12_0.csv
cluster_dataset/CHA/CHA_14_0.csv
cluster_dataset/CHA/CHA_35_0.csv
cluster_dataset/CHA/CHA_20_0.csv
cluster_dataset/CHA/CHA_25_0.csv
cluster_dataset/CHA/CHA_28_0.csv
cluster_dataset/CHA/CHA_5_0.csv
cluster_dataset/CHA/CHA_24_0.csv
cluster_dataset/CHA/CHA_16_0.csv
cluster_dataset/CHA/CHA_0_0.csv
cluster_dataset/CHA/CHA_32_0.csv
cluster_dataset/CHA/CHA_15_0.csv
cluster_dataset/CHA/CHA_34_0.csv
cluster_dataset/CHA/CHA_8_0.csv
cluster_dataset/CHA/CHA_22_0.csv
cluster_dataset/CHA/CHA_21_0.csv
cluster_dataset/CHA/CHA_26_0.csv
cluster_dataset/CHA/CHA_3_0.csv
cluster_dataset/CHA/CHA_23_0.csv
cluster_dataset/CHI/CHI_16_0.csv
cluster_dataset/CHI/CHI_19_0.csv
cluster_dataset/CHI/CHI_23_0.csv
cluster_dataset/CHI/CHI_18_0.csv
cluster_dataset/CHI/CHI_17_0.csv
cluster_dataset/CHI/CHI_21_0.csv
cluster_dataset/CHI/CHI_22_0.csv
cluster_dataset/CHI/CHI_20_0.csv
cluster_dataset/ERI/ERI_34_0.csv
cluster_dataset/ERI/ERI_32_0.csv
cluster_dataset/ERI/ERI_35_0.csv
cluster_dataset/ERI/ERI_30_0.csv
cluster_dataset/ERI/ERI_26_0.csv
cluster_dataset/ERI/ERI_27_0.csv
cluster_dataset/ERI/ERI_29_0.csv
cluster_dataset/ERI/ERI_24_0.csv
cluster_dataset/ERI/ERI_28_0.csv
cluster_dataset/ERI/ERI_31_0.csv
cluster_dataset/ERI/ERI_33_0.csv
cluster_dataset/ERI/ERI_25_0.csv
cluster_dataset/LIO/LIO_28_0.csv
cluster_dataset/LIO/LIO_29_0.csv
cluster_dataset/LIO/LIO_26_0.csv
cluster_dataset/LIO/LIO_27_0.csv
cluster_dataset/LIO/LIO_25_0.csv
cluster_dataset/LIO/LIO_24_0.csv
cluster_dataset/LIT/LIT_1_0.csv
cluster_dataset/LIT/LIT_7_0.csv
cluster_dataset/LIT/LIT_2_0.csv
cluster_dataset/LIT/LIT_6_0.csv
cluster_dataset/LIT/LIT_3_0.csv
cluster_dataset/LIT/LIT_0_0.csv
cluster_dataset/LIT/LIT_5_0.csv
cluster_dataset/LIT/LIT_4_0.csv
cluster_dataset/LOS/LOS_7_0.csv
cluster_dataset/LOS/LOS_11_0.csv
cluster_dataset/LOS/LOS_0_0.csv
cluster_dataset/LOS/LOS_4_0.csv
cluster_dataset/LOS/LOS_6_0.csv
cluster_dataset/LOS/LOS_8_0.csv
cluster_dataset/LOS/LOS_9_0.csv
cluster_dataset/LOS/LOS_10_0.csv
cluster_dataset/LOS/LOS_5_0.csv
cluster_dataset/LOS/LOS_3_0.csv
cluster_dataset/LOS/LOS_2_0.csv
cluster_dataset/LOS/LOS_1_0.csv
cluster_dataset/OFF/OFF_3_0.csv
cluster_dataset/OFF/OFF_10_0.csv
cluster_dataset/OFF/OFF_8_0.csv
cluster_dataset/OFF/OFF_0_0.csv
cluster_dataset/OFF/OFF_7_0.csv
cluster_dataset/OFF/OFF_2_0.csv
cluster_dataset/OFF/OFF_11_0.csv
cluster_dataset/OFF/OFF_5_0.csv
cluster_dataset/PAR/PAR_12_0.csv
cluster_dataset/PAR/PAR_29_0.csv
cluster_dataset/PAR/PAR_30_0.csv
cluster_dataset/PAR/PAR_14_0.csv
cluster_dataset/PAR/PAR_13_0.csv
cluster_dataset/PAR/PAR_28_0.csv
cluster_dataset/PAR/PAR_15_0.csv
cluster_dataset/PAR/PAR_31_0.csv
cluster_dataset/WEN/WEN_19_0.csv
cluster_dataset/WEN/WEN_18_0.csv
cluster_dataset/ATO/ATO_5_0.csv
cluster_dataset/ATO/ATO_34_0.csv
cluster_dataset/ATO/ATO_8_0.csv
cluster_dataset/ATO/ATO_17_0.csv
cluster_dataset/ATO/ATO_19_0.csv
cluster_dataset/ATO/ATO_31_0.csv
cluster_dataset/ATO/ATO_11_0.csv
cluster_dataset/ATO/ATO_25_0.csv
cluster_dataset/CHA/CHA_27_0.csv
cluster_dataset/CHA/CHA_10_0.csv
cluster_dataset/CHA/CHA_31_0.csv
cluster_dataset/CHA/CHA_7_0.csv
cluster_dataset/CHA/CHA_4_0.csv
cluster_dataset/CHA/CHA_30_0.csv
cluster_dataset/CHA/CHA_33_0.csv
cluster_dataset/CHA/CHA_13_0.csv
cluster_dataset/CHA/CHA_6_0.csv
cluster_dataset/CHA/CHA_17_0.csv
cluster_dataset/CHA/CHA_2_0.csv
cluster_dataset/CHA/CHA_12_0.csv
cluster_dataset/CHA/CHA_14_0.csv
cluster_dataset/CHA/CHA_35_0.csv
cluster_dataset/CHA/CHA_20_0.csv
cluster_dataset/CHA/CHA_25_0.csv
cluster_dataset/CHA/CHA_28_0.csv
cluster_dataset/CHA/CHA_5_0.csv
cluster_dataset/CHA/CHA_24_0.csv
cluster_dataset/CHA/CHA_16_0.csv
cluster_dataset/CHA/CHA_0_0.csv
cluster_dataset/CHA/CHA_32_0.csv
cluster_dataset/CHA/CHA_15_0.csv
cluster_dataset/CHA/CHA_34_0.csv
cluster_dataset/CHA/CHA_8_0.csv
cluster_dataset/CHA/CHA_22_0.csv
cluster_dataset/CHA/CHA_21_0.csv
cluster_dataset/CHA/CHA_26_0.csv
cluster_dataset/CHA/CHA_3_0.csv
cluster_dataset/CHA/CHA_23_0.csv
cluster_dataset/CHI/CHI_16_0.csv
cluster_dataset/CHI/CHI_19_0.csv
cluster_dataset/CHI/CHI_23_0.csv
cluster_dataset/CHI/CHI_18_0.csv
cluster_dataset/CHI/CHI_17_0.csv
cluster_dataset/CHI/CHI_21_0.csv
cluster_dataset/CHI/CHI_22_0.csv
cluster_dataset/CHI/CHI_20_0.csv
cluster_dataset/ERI/ERI_34_0.csv
cluster_dataset/ERI/ERI_32_0.csv
cluster_dataset/ERI/ERI_35_0.csv
cluster_dataset/ERI/ERI_30_0.csv
cluster_dataset/ERI/ERI_26_0.csv
cluster_dataset/ERI/ERI_27_0.csv
cluster_dataset/ERI/ERI_29_0.csv
cluster_dataset/ERI/ERI_24_0.csv
cluster_dataset/ERI/ERI_28_0.csv
cluster_dataset/ERI/ERI_31_0.csv
cluster_dataset/ERI/ERI_33_0.csv
cluster_dataset/ERI/ERI_25_0.csv
cluster_dataset/LIO/LIO_28_0.csv
cluster_dataset/LIO/LIO_29_0.csv
cluster_dataset/LIO/LIO_26_0.csv
cluster_dataset/LIO/LIO_27_0.csv
cluster_dataset/LIO/LIO_25_0.csv
cluster_dataset/LIO/LIO_24_0.csv
cluster_dataset/LIT/LIT_1_0.csv
cluster_dataset/LIT/LIT_7_0.csv
cluster_dataset/LIT/LIT_2_0.csv
cluster_dataset/LIT/LIT_6_0.csv
cluster_dataset/LIT/LIT_3_0.csv
cluster_dataset/LIT/LIT_0_0.csv
cluster_dataset/LIT/LIT_5_0.csv
cluster_dataset/LIT/LIT_4_0.csv
cluster_dataset/LOS/LOS_7_0.csv
cluster_dataset/LOS/LOS_11_0.csv
cluster_dataset/LOS/LOS_0_0.csv
cluster_dataset/LOS/LOS_4_0.csv
cluster_dataset/LOS/LOS_6_0.csv
cluster_dataset/LOS/LOS_8_0.csv
cluster_dataset/LOS/LOS_9_0.csv
cluster_dataset/LOS/LOS_10_0.csv
cluster_dataset/LOS/LOS_5_0.csv
cluster_dataset/LOS/LOS_3_0.csv
cluster_dataset/LOS/LOS_2_0.csv
cluster_dataset/LOS/LOS_1_0.csv
cluster_dataset/OFF/OFF_3_0.csv
cluster_dataset/OFF/OFF_10_0.csv
cluster_dataset/OFF/OFF_8_0.csv
cluster_dataset/OFF/OFF_0_0.csv
cluster_dataset/OFF/OFF_7_0.csv
cluster_dataset/OFF/OFF_2_0.csv
cluster_dataset/OFF/OFF_11_0.csv
cluster_dataset/OFF/OFF_5_0.csv
cluster_dataset/PAR/PAR_12_0.csv
cluster_dataset/PAR/PAR_29_0.csv
cluster_dataset/PAR/PAR_30_0.csv
cluster_dataset/PAR/PAR_14_0.csv
cluster_dataset/PAR/PAR_13_0.csv
cluster_dataset/PAR/PAR_28_0.csv
cluster_dataset/PAR/PAR_15_0.csv
cluster_dataset/PAR/PAR_31_0.csv
cluster_dataset/WEN/WEN_19_0.csv
cluster_dataset/WEN/WEN_18_0.csv
